#
# A fatal error has been detected by the Java Runtime Environment:
#
#  EXCEPTION_ACCESS_VIOLATION (0xc0000005) at pc=0x00007ffd39f62779, pid=18632, tid=52344
#
# JRE version: Java(TM) SE Runtime Environment (11.0.5+10) (build 11.0.5+10-LTS)
# Java VM: Java HotSpot(TM) 64-Bit Server VM (11.0.5+10-LTS, mixed mode, tiered, compressed oops, g1 gc, windows-amd64)
# Problematic frame:
# C  [glass.dll+0x22779]
#
# No core dump will be written. Minidumps are not enabled by default on client versions of Windows
#
# If you would like to submit a bug report, please visit:
#   http://bugreport.java.com/bugreport/crash.jsp
# The crash happened outside the Java Virtual Machine in native code.
# See problematic frame for where to report the bug.
#

---------------  S U M M A R Y ------------

Command Line: --module-path=C:\Users\amar\Downloads\javaFX-11.0.2_windows-x64_bin-sdk\javafx-sdk-11.0.2\lib --add-modules=javafx.controls,javafx.fxml --add-modules=javafx.base,javafx.graphics --add-reads=javafx.base=ALL-UNNAMED --add-reads=javafx.graphics=ALL-UNNAMED -javaagent:C:\Program Files\JetBrains\IntelliJ IDEA 2019.3.4\lib\idea_rt.jar=54314:C:\Program Files\JetBrains\IntelliJ IDEA 2019.3.4\bin -Dfile.encoding=UTF-8 sample.Main

Host: AMD Ryzen 5 2600X Six-Core Processor           , 12 cores, 15G,  Windows 10 , 64 bit Build 18362 (10.0.18362.329)
Time: Thu Apr 16 07:45:51 2020 Central Daylight Time elapsed time: 6 seconds (0d 0h 0m 6s)

---------------  T H R E A D  ---------------

Current thread (0x0000020babd12800):  JavaThread "JavaFX Application Thread" [_thread_in_native, id=52344, stack(0x000000f8e8400000,0x000000f8e8500000)]

Stack: [0x000000f8e8400000,0x000000f8e8500000],  sp=0x000000f8e84fae10,  free space=1003k
Native frames: (J=compiled Java code, j=interpreted, Vv=VM code, C=native code)
C  [glass.dll+0x22779]

Java frames: (J=compiled Java code, j=interpreted, Vv=VM code)
j  com.sun.glass.ui.win.WinSystemClipboard.popMimesFromSystem()[Ljava/lang/String;+0 javafx.graphics
j  com.sun.glass.ui.win.WinSystemClipboard.mimesFromSystem()[Ljava/lang/String;+10 javafx.graphics
j  com.sun.glass.ui.SystemClipboard.getMimeTypes()[Ljava/lang/String;+16 javafx.graphics
j  com.sun.glass.ui.ClipboardAssistance.getMimeTypes()[Ljava/lang/String;+7 javafx.graphics
j  com.sun.javafx.tk.quantum.QuantumClipboard.hasContent(Ljavafx/scene/input/DataFormat;)Z+69 javafx.graphics
j  javafx.scene.input.Clipboard.hasContent(Ljavafx/scene/input/DataFormat;)Z+11 javafx.graphics
j  javafx.scene.input.Clipboard.hasString()Z+4 javafx.graphics
j  javafx.scene.control.TextInputControl.paste()V+5 javafx.controls
j  com.sun.javafx.scene.control.behavior.TextInputControlBehavior.paste()V+12 javafx.controls
j  com.sun.javafx.scene.control.behavior.TextInputControlBehavior.lambda$new$20(Ljavafx/scene/input/KeyEvent;)V+1 javafx.controls
j  com.sun.javafx.scene.control.behavior.TextInputControlBehavior$$Lambda$268.handle(Ljavafx/event/Event;)V+8 javafx.controls
j  com.sun.javafx.scene.control.behavior.TextInputControlBehavior.lambda$keyMapping$62(Ljavafx/event/EventHandler;Ljavafx/scene/input/KeyEvent;)V+7 javafx.controls
j  com.sun.javafx.scene.control.behavior.TextInputControlBehavior$$Lambda$251.handle(Ljavafx/event/Event;)V+12 javafx.controls
j  com.sun.javafx.scene.control.inputmap.InputMap.handle(Ljavafx/event/Event;)V+61 javafx.controls
j  com.sun.javafx.scene.control.inputmap.InputMap$$Lambda$293.handle(Ljavafx/event/Event;)V+5 javafx.controls
j  com.sun.javafx.event.CompositeEventHandler$NormalEventHandlerRecord.handleBubblingEvent(Ljavafx/event/Event;)V+5 javafx.base
j  com.sun.javafx.event.CompositeEventHandler.dispatchBubblingEvent(Ljavafx/event/Event;)V+28 javafx.base
J 2410 c1 com.sun.javafx.event.EventHandlerManager.dispatchBubblingEvent(Ljavafx/event/EventType;Ljavafx/event/Event;)Ljavafx/event/Event; javafx.base (34 bytes) @ 0x0000020b8d5d70ac [0x0000020b8d5d6b80+0x000000000000052c]
j  com.sun.javafx.event.EventHandlerManager.dispatchBubblingEvent(Ljavafx/event/Event;)Ljavafx/event/Event;+8 javafx.base
j  com.sun.javafx.event.CompositeEventDispatcher.dispatchBubblingEvent(Ljavafx/event/Event;)Ljavafx/event/Event;+11 javafx.base
J 2491 c1 com.sun.javafx.event.BasicEventDispatcher.dispatchEvent(Ljavafx/event/Event;Ljavafx/event/EventDispatchChain;)Ljavafx/event/Event; javafx.base (44 bytes) @ 0x0000020b8d600a5c [0x0000020b8d600700+0x000000000000035c]
J 2407 c1 com.sun.javafx.event.EventDispatchChainImpl.dispatchEvent(Ljavafx/event/Event;)Ljavafx/event/Event; javafx.base (101 bytes) @ 0x0000020b8d5d6024 [0x0000020b8d5d5e60+0x00000000000001c4]
J 2491 c1 com.sun.javafx.event.BasicEventDispatcher.dispatchEvent(Ljavafx/event/Event;Ljavafx/event/EventDispatchChain;)Ljavafx/event/Event; javafx.base (44 bytes) @ 0x0000020b8d60096c [0x0000020b8d600700+0x000000000000026c]
J 2407 c1 com.sun.javafx.event.EventDispatchChainImpl.dispatchEvent(Ljavafx/event/Event;)Ljavafx/event/Event; javafx.base (101 bytes) @ 0x0000020b8d5d6024 [0x0000020b8d5d5e60+0x00000000000001c4]
J 2491 c1 com.sun.javafx.event.BasicEventDispatcher.dispatchEvent(Ljavafx/event/Event;Ljavafx/event/EventDispatchChain;)Ljavafx/event/Event; javafx.base (44 bytes) @ 0x0000020b8d60096c [0x0000020b8d600700+0x000000000000026c]
J 2407 c1 com.sun.javafx.event.EventDispatchChainImpl.dispatchEvent(Ljavafx/event/Event;)Ljavafx/event/Event; javafx.base (101 bytes) @ 0x0000020b8d5d6024 [0x0000020b8d5d5e60+0x00000000000001c4]
j  com.sun.javafx.event.EventUtil.fireEventImpl(Ljavafx/event/EventDispatchChain;Ljavafx/event/EventTarget;Ljavafx/event/Event;)Ljavafx/event/Event;+10 javafx.base
j  com.sun.javafx.event.EventUtil.fireEvent(Ljavafx/event/EventTarget;Ljavafx/event/Event;)Ljavafx/event/Event;+46 javafx.base
j  javafx.event.Event.fireEvent(Ljavafx/event/EventTarget;Ljavafx/event/Event;)V+30 javafx.base
j  javafx.scene.Scene$KeyHandler.process(Ljavafx/scene/input/KeyEvent;)V+34 javafx.graphics
j  javafx.scene.Scene$KeyHandler.access$1500(Ljavafx/scene/Scene$KeyHandler;Ljavafx/scene/input/KeyEvent;)V+2 javafx.graphics
j  javafx.scene.Scene.processKeyEvent(Ljavafx/scene/input/KeyEvent;)V+28 javafx.graphics
j  javafx.scene.Scene$ScenePeerListener.keyEvent(Ljavafx/scene/input/KeyEvent;)V+5 javafx.graphics
j  com.sun.javafx.tk.quantum.GlassViewEventHandler$KeyEventNotification.run()Ljava/lang/Void;+357 javafx.graphics
j  com.sun.javafx.tk.quantum.GlassViewEventHandler$KeyEventNotification.run()Ljava/lang/Object;+1 javafx.graphics
v  ~StubRoutines::call_stub
J 2409  java.security.AccessController.doPrivileged(Ljava/security/PrivilegedAction;Ljava/security/AccessControlContext;)Ljava/lang/Object; java.base@11.0.5 (0 bytes) @ 0x0000020b947a1e36 [0x0000020b947a1dc0+0x0000000000000076]
j  com.sun.javafx.tk.quantum.GlassViewEventHandler.lambda$handleKeyEvent$1()Ljava/lang/Void;+11 javafx.graphics
j  com.sun.javafx.tk.quantum.GlassViewEventHandler$$Lambda$524.get()Ljava/lang/Object;+4 javafx.graphics
j  com.sun.javafx.tk.quantum.QuantumToolkit.runWithoutRenderLock(Ljava/util/function/Supplier;)Ljava/lang/Object;+18 javafx.graphics
j  com.sun.javafx.tk.quantum.GlassViewEventHandler.handleKeyEvent(Lcom/sun/glass/ui/View;JII[CI)V+58 javafx.graphics
j  com.sun.glass.ui.View.handleKeyEvent(JII[CI)V+20 javafx.graphics
j  com.sun.glass.ui.View.notifyKey(II[CI)V+9 javafx.graphics
v  ~StubRoutines::call_stub
j  com.sun.glass.ui.win.WinApplication._runLoop(Ljava/lang/Runnable;)V+0 javafx.graphics
j  com.sun.glass.ui.win.WinApplication.lambda$runLoop$3(ILjava/lang/Runnable;)V+8 javafx.graphics
j  com.sun.glass.ui.win.WinApplication$$Lambda$89.run()V+12 javafx.graphics
j  java.lang.Thread.run()V+11 java.base@11.0.5
v  ~StubRoutines::call_stub

siginfo: EXCEPTION_ACCESS_VIOLATION (0xc0000005), reading address 0x0000020baa5ca014


Register to memory mapping:

RIP=0x00007ffd39f62779 glass.dll
RAX=0x00000033e79b2960 is an unknown value
RBX=0x0 is NULL
RCX=0x0000020baa5ca014 is an unknown value
RDX=0x0000000005b002a1 is an unknown value
RSP=0x000000f8e84fae10 is pointing into the stack for thread: 0x0000020babd12800
RBP=0x000000f8e84fae40 is pointing into the stack for thread: 0x0000020babd12800
RSI=0x0000020baa5ca014 is an unknown value
RDI=0x0000000000000080 is an unknown value
R8 =0x00000000000005b0 is an unknown value
R9 =64 is a compressed pointer to class: 0x0000000800000040
R10=0x0000000000000580 is an unknown value
R11=0x000000f8e84fadf0 is pointing into the stack for thread: 0x0000020babd12800
R12=0x0 is NULL
R13=0x0000000000000c0e is an unknown value
R14=0x0 is NULL
R15=0x0000000000000001 is an unknown value


Registers:
RAX=0x00000033e79b2960, RBX=0x0000000000000000, RCX=0x0000020baa5ca014, RDX=0x0000000005b002a1
RSP=0x000000f8e84fae10, RBP=0x000000f8e84fae40, RSI=0x0000020baa5ca014, RDI=0x0000000000000080
R8 =0x00000000000005b0, R9 =0x0000000000000040, R10=0x0000000000000580, R11=0x000000f8e84fadf0
R12=0x0000000000000000, R13=0x0000000000000c0e, R14=0x0000000000000000, R15=0x0000000000000001
RIP=0x00007ffd39f62779, EFLAGS=0x0000000000010256

Top of Stack: (sp=0x000000f8e84fae10)
0x000000f8e84fae10:   0000000000000000 00007ffd61802596
0x000000f8e84fae20:   0000000000000002 0000000000000018
0x000000f8e84fae30:   0000020baa4cfda0 0000000000000080
0x000000f8e84fae40:   0000000000000080 00007ffd39f62ff3
0x000000f8e84fae50:   00000033e79b2960 0000020baa4cfda0
0x000000f8e84fae60:   0000000000000000 0000000000000080
0x000000f8e84fae70:   0000000000000000 00007ffd39f50abf
0x000000f8e84fae80:   0000020baa5ca014 0000020ba99b5090
0x000000f8e84fae90:   0000020baa4cfda0 0000020baa4cfda0
0x000000f8e84faea0:   00000000e84fb280 00007ffd00000001
0x000000f8e84faeb0:   0000020bb34264c0 0000020ba99b4fd0
0x000000f8e84faec0:   0000020b00000c0e 0000000000000000
0x000000f8e84faed0:   0000020baa4cfda0 0000000000000000
0x000000f8e84faee0:   0000020ba99b4d30 0000020ba99b4230
0x000000f8e84faef0:   0000020ba99b3870 0000000000000000
0x000000f8e84faf00:   3f80000000000080 0000020bb3426040 

Instructions: (pc=0x00007ffd39f62779)
0x00007ffd39f62759:   e8 52 09 00 00 48 8b 5d 48 48 8b 75 50 48 8d 65
0x00007ffd39f62769:   20 41 5e 5f 5d c3 48 c7 c3 ff ff ff ff 48 ff c3
0x00007ffd39f62779:   80 3c 19 00 75 f7 48 ff c3 48 81 fb ff ff ff 7f
0x00007ffd39f62789:   0f 87 d9 00 00 00 89 5d 04 33 c0 89 44 24 28 48 


Stack slot to memory mapping:
stack at sp + 0 slots: 0x0 is NULL
stack at sp + 1 slots: 0x00007ffd61802596 ucrtbase.dll
stack at sp + 2 slots: 0x0000000000000002 is an unknown value
stack at sp + 3 slots: 0x0000000000000018 is an unknown value
stack at sp + 4 slots: 0x0000020baa4cfda0 points into unknown readable memory: 43 00 3a 00 5c 00 55 00
stack at sp + 5 slots: 0x0000000000000080 is an unknown value
stack at sp + 6 slots: 0x0000000000000080 is an unknown value
stack at sp + 7 slots: 0x00007ffd39f62ff3 glass.dll


---------------  P R O C E S S  ---------------

Threads class SMR info:
_java_thread_list=0x0000020babf2eae0, length=18, elements={
0x0000020b8486d800, 0x0000020ba8677000, 0x0000020ba8f2d800, 0x0000020ba8f86800,
0x0000020ba8f88000, 0x0000020ba8f89800, 0x0000020ba8f7f800, 0x0000020ba8f80800,
0x0000020ba910f800, 0x0000020ba9cba800, 0x0000020baa1dd800, 0x0000020baa22d800,
0x0000020baa50a000, 0x0000020babd12800, 0x0000020bab8ce000, 0x0000020baa8a1800,
0x0000020bb3432800, 0x0000020babeda800
}

Java Threads: ( => current thread )
  0x0000020b8486d800 JavaThread "main" [_thread_blocked, id=79556, stack(0x000000f8e6d00000,0x000000f8e6e00000)]
  0x0000020ba8677000 JavaThread "Reference Handler" daemon [_thread_blocked, id=19356, stack(0x000000f8e7400000,0x000000f8e7500000)]
  0x0000020ba8f2d800 JavaThread "Finalizer" daemon [_thread_blocked, id=30840, stack(0x000000f8e7500000,0x000000f8e7600000)]
  0x0000020ba8f86800 JavaThread "Signal Dispatcher" daemon [_thread_blocked, id=52724, stack(0x000000f8e7600000,0x000000f8e7700000)]
  0x0000020ba8f88000 JavaThread "Attach Listener" daemon [_thread_blocked, id=52188, stack(0x000000f8e7700000,0x000000f8e7800000)]
  0x0000020ba8f89800 JavaThread "C2 CompilerThread0" daemon [_thread_blocked, id=56352, stack(0x000000f8e7800000,0x000000f8e7900000)]
  0x0000020ba8f7f800 JavaThread "C1 CompilerThread0" daemon [_thread_blocked, id=32112, stack(0x000000f8e7900000,0x000000f8e7a00000)]
  0x0000020ba8f80800 JavaThread "Sweeper thread" daemon [_thread_blocked, id=25844, stack(0x000000f8e7a00000,0x000000f8e7b00000)]
  0x0000020ba910f800 JavaThread "Common-Cleaner" daemon [_thread_blocked, id=33744, stack(0x000000f8e7b00000,0x000000f8e7c00000)]
  0x0000020ba9cba800 JavaThread "Monitor Ctrl-Break" daemon [_thread_in_native, id=78108, stack(0x000000f8e7e00000,0x000000f8e7f00000)]
  0x0000020baa1dd800 JavaThread "Service Thread" daemon [_thread_blocked, id=82400, stack(0x000000f8e7f00000,0x000000f8e8000000)]
  0x0000020baa22d800 JavaThread "QuantumRenderer-0" daemon [_thread_blocked, id=40980, stack(0x000000f8e8100000,0x000000f8e8200000)]
  0x0000020baa50a000 JavaThread "InvokeLaterDispatcher" daemon [_thread_blocked, id=42052, stack(0x000000f8e8300000,0x000000f8e8400000)]
=>0x0000020babd12800 JavaThread "JavaFX Application Thread" [_thread_in_native, id=52344, stack(0x000000f8e8400000,0x000000f8e8500000)]
  0x0000020bab8ce000 JavaThread "JavaFX-Launcher" [_thread_blocked, id=40580, stack(0x000000f8e8700000,0x000000f8e8800000)]
  0x0000020baa8a1800 JavaThread "Thread-2" daemon [_thread_in_native, id=68016, stack(0x000000f8e8600000,0x000000f8e8700000)]
  0x0000020bb3432800 JavaThread "Prism Font Disposer" daemon [_thread_blocked, id=29176, stack(0x000000f8e9200000,0x000000f8e9300000)]
  0x0000020babeda800 JavaThread "Cleaner-0" daemon [_thread_blocked, id=37980, stack(0x000000f8e9300000,0x000000f8e9400000)]

Other Threads:
  0x0000020ba8672000 VMThread "VM Thread" [stack: 0x000000f8e7300000,0x000000f8e7400000] [id=33468]
  0x0000020ba9fdf000 WatcherThread [stack: 0x000000f8e8000000,0x000000f8e8100000] [id=65564]
  0x0000020b84888800 GCTaskThread "GC Thread#0" [stack: 0x000000f8e6e00000,0x000000f8e6f00000] [id=54044]
  0x0000020babddc800 GCTaskThread "GC Thread#1" [stack: 0x000000f8e8800000,0x000000f8e8900000] [id=74512]
  0x0000020baa76c800 GCTaskThread "GC Thread#2" [stack: 0x000000f8e8900000,0x000000f8e8a00000] [id=62056]
  0x0000020baa220800 GCTaskThread "GC Thread#3" [stack: 0x000000f8e8a00000,0x000000f8e8b00000] [id=15116]
  0x0000020bab8ad000 GCTaskThread "GC Thread#4" [stack: 0x000000f8e8b00000,0x000000f8e8c00000] [id=11632]
  0x0000020baa230800 GCTaskThread "GC Thread#5" [stack: 0x000000f8e8c00000,0x000000f8e8d00000] [id=42672]
  0x0000020b848e5800 ConcurrentGCThread "G1 Main Marker" [stack: 0x000000f8e6f00000,0x000000f8e7000000] [id=74396]
  0x0000020b848e7000 ConcurrentGCThread "G1 Conc#0" [stack: 0x000000f8e7000000,0x000000f8e7100000] [id=9004]
  0x0000020bb3660000 ConcurrentGCThread "G1 Conc#1" [stack: 0x000000f8e9000000,0x000000f8e9100000] [id=38408]
  0x0000020babb7e000 ConcurrentGCThread "G1 Conc#2" [stack: 0x000000f8e9100000,0x000000f8e9200000] [id=87068]
  0x0000020ba855b000 ConcurrentGCThread "G1 Refine#0" [stack: 0x000000f8e7100000,0x000000f8e7200000] [id=14128]
  0x0000020ba855c000 ConcurrentGCThread "G1 Young RemSet Sampling" [stack: 0x000000f8e7200000,0x000000f8e7300000] [id=42004]

Threads with active compile tasks:

VM state:not at safepoint (normal execution)

VM Mutex/Monitor currently owned by a thread: None

Heap address: 0x0000000700c00000, size: 4084 MB, Compressed Oops mode: Zero based, Oop shift amount: 3
Narrow klass base: 0x0000000800000000, Narrow klass shift: 0
Compressed class space size: 1073741824 Address: 0x0000000800000000

Heap:
 garbage-first heap   total 262144K, used 26806K [0x0000000700c00000, 0x0000000800000000)
  region size 1024K, 25 young (25600K), 8 survivors (8192K)
 Metaspace       used 25112K, capacity 26038K, committed 26236K, reserved 1071104K
  class space    used 3256K, capacity 3659K, committed 3708K, reserved 1048576K
Heap Regions: E=young(eden), S=young(survivor), O=old, HS=humongous(starts), HC=humongous(continues), CS=collection set, F=free, A=archive, TAMS=top-at-mark-start (previous, next)
|   0|0x0000000700c00000, 0x0000000700cfca00, 0x0000000700d00000| 98%| O|  |TAMS 0x0000000700cfca00, 0x0000000700c00000| Untracked 
|   1|0x0000000700d00000, 0x0000000700e00000, 0x0000000700e00000|100%|HS|  |TAMS 0x0000000700d00000, 0x0000000700d00000| Complete 
|   2|0x0000000700e00000, 0x0000000700f00000, 0x0000000700f00000|100%|HC|  |TAMS 0x0000000700e00000, 0x0000000700e00000| Complete 
|   3|0x0000000700f00000, 0x0000000700f00000, 0x0000000701000000|  0%| F|  |TAMS 0x0000000700f00000, 0x0000000700f00000| Untracked 
|   4|0x0000000701000000, 0x0000000701000000, 0x0000000701100000|  0%| F|  |TAMS 0x0000000701000000, 0x0000000701000000| Untracked 
|   5|0x0000000701100000, 0x0000000701100000, 0x0000000701200000|  0%| F|  |TAMS 0x0000000701100000, 0x0000000701100000| Untracked 
|   6|0x0000000701200000, 0x0000000701200000, 0x0000000701300000|  0%| F|  |TAMS 0x0000000701200000, 0x0000000701200000| Untracked 
|   7|0x0000000701300000, 0x0000000701300000, 0x0000000701400000|  0%| F|  |TAMS 0x0000000701300000, 0x0000000701300000| Untracked 
|   8|0x0000000701400000, 0x0000000701400000, 0x0000000701500000|  0%| F|  |TAMS 0x0000000701400000, 0x0000000701400000| Untracked 
|   9|0x0000000701500000, 0x0000000701500000, 0x0000000701600000|  0%| F|  |TAMS 0x0000000701500000, 0x0000000701500000| Untracked 
|  10|0x0000000701600000, 0x0000000701600000, 0x0000000701700000|  0%| F|  |TAMS 0x0000000701600000, 0x0000000701600000| Untracked 
|  11|0x0000000701700000, 0x0000000701700000, 0x0000000701800000|  0%| F|  |TAMS 0x0000000701700000, 0x0000000701700000| Untracked 
|  12|0x0000000701800000, 0x0000000701800000, 0x0000000701900000|  0%| F|  |TAMS 0x0000000701800000, 0x0000000701800000| Untracked 
|  13|0x0000000701900000, 0x0000000701900000, 0x0000000701a00000|  0%| F|  |TAMS 0x0000000701900000, 0x0000000701900000| Untracked 
|  14|0x0000000701a00000, 0x0000000701a00000, 0x0000000701b00000|  0%| F|  |TAMS 0x0000000701a00000, 0x0000000701a00000| Untracked 
|  15|0x0000000701b00000, 0x0000000701b00000, 0x0000000701c00000|  0%| F|  |TAMS 0x0000000701b00000, 0x0000000701b00000| Untracked 
|  16|0x0000000701c00000, 0x0000000701c00000, 0x0000000701d00000|  0%| F|  |TAMS 0x0000000701c00000, 0x0000000701c00000| Untracked 
|  17|0x0000000701d00000, 0x0000000701d00000, 0x0000000701e00000|  0%| F|  |TAMS 0x0000000701d00000, 0x0000000701d00000| Untracked 
|  18|0x0000000701e00000, 0x0000000701e00000, 0x0000000701f00000|  0%| F|  |TAMS 0x0000000701e00000, 0x0000000701e00000| Untracked 
|  19|0x0000000701f00000, 0x0000000701f00000, 0x0000000702000000|  0%| F|  |TAMS 0x0000000701f00000, 0x0000000701f00000| Untracked 
|  20|0x0000000702000000, 0x0000000702000000, 0x0000000702100000|  0%| F|  |TAMS 0x0000000702000000, 0x0000000702000000| Untracked 
|  21|0x0000000702100000, 0x0000000702100000, 0x0000000702200000|  0%| F|  |TAMS 0x0000000702100000, 0x0000000702100000| Untracked 
|  22|0x0000000702200000, 0x0000000702200000, 0x0000000702300000|  0%| F|  |TAMS 0x0000000702200000, 0x0000000702200000| Untracked 
|  23|0x0000000702300000, 0x0000000702300000, 0x0000000702400000|  0%| F|  |TAMS 0x0000000702300000, 0x0000000702300000| Untracked 
|  24|0x0000000702400000, 0x0000000702400000, 0x0000000702500000|  0%| F|  |TAMS 0x0000000702400000, 0x0000000702400000| Untracked 
|  25|0x0000000702500000, 0x0000000702500000, 0x0000000702600000|  0%| F|  |TAMS 0x0000000702500000, 0x0000000702500000| Untracked 
|  26|0x0000000702600000, 0x0000000702600000, 0x0000000702700000|  0%| F|  |TAMS 0x0000000702600000, 0x0000000702600000| Untracked 
|  27|0x0000000702700000, 0x0000000702700000, 0x0000000702800000|  0%| F|  |TAMS 0x0000000702700000, 0x0000000702700000| Untracked 
|  28|0x0000000702800000, 0x0000000702800000, 0x0000000702900000|  0%| F|  |TAMS 0x0000000702800000, 0x0000000702800000| Untracked 
|  29|0x0000000702900000, 0x0000000702900000, 0x0000000702a00000|  0%| F|  |TAMS 0x0000000702900000, 0x0000000702900000| Untracked 
|  30|0x0000000702a00000, 0x0000000702a00000, 0x0000000702b00000|  0%| F|  |TAMS 0x0000000702a00000, 0x0000000702a00000| Untracked 
|  31|0x0000000702b00000, 0x0000000702b00000, 0x0000000702c00000|  0%| F|  |TAMS 0x0000000702b00000, 0x0000000702b00000| Untracked 
|  32|0x0000000702c00000, 0x0000000702c00000, 0x0000000702d00000|  0%| F|  |TAMS 0x0000000702c00000, 0x0000000702c00000| Untracked 
|  33|0x0000000702d00000, 0x0000000702d00000, 0x0000000702e00000|  0%| F|  |TAMS 0x0000000702d00000, 0x0000000702d00000| Untracked 
|  34|0x0000000702e00000, 0x0000000702e00000, 0x0000000702f00000|  0%| F|  |TAMS 0x0000000702e00000, 0x0000000702e00000| Untracked 
|  35|0x0000000702f00000, 0x0000000702f00000, 0x0000000703000000|  0%| F|  |TAMS 0x0000000702f00000, 0x0000000702f00000| Untracked 
|  36|0x0000000703000000, 0x0000000703000000, 0x0000000703100000|  0%| F|  |TAMS 0x0000000703000000, 0x0000000703000000| Untracked 
|  37|0x0000000703100000, 0x0000000703100000, 0x0000000703200000|  0%| F|  |TAMS 0x0000000703100000, 0x0000000703100000| Untracked 
|  38|0x0000000703200000, 0x0000000703200000, 0x0000000703300000|  0%| F|  |TAMS 0x0000000703200000, 0x0000000703200000| Untracked 
|  39|0x0000000703300000, 0x0000000703300000, 0x0000000703400000|  0%| F|  |TAMS 0x0000000703300000, 0x0000000703300000| Untracked 
|  40|0x0000000703400000, 0x0000000703400000, 0x0000000703500000|  0%| F|  |TAMS 0x0000000703400000, 0x0000000703400000| Untracked 
|  41|0x0000000703500000, 0x0000000703500000, 0x0000000703600000|  0%| F|  |TAMS 0x0000000703500000, 0x0000000703500000| Untracked 
|  42|0x0000000703600000, 0x0000000703600000, 0x0000000703700000|  0%| F|  |TAMS 0x0000000703600000, 0x0000000703600000| Untracked 
|  43|0x0000000703700000, 0x0000000703700000, 0x0000000703800000|  0%| F|  |TAMS 0x0000000703700000, 0x0000000703700000| Untracked 
|  44|0x0000000703800000, 0x0000000703800000, 0x0000000703900000|  0%| F|  |TAMS 0x0000000703800000, 0x0000000703800000| Untracked 
|  45|0x0000000703900000, 0x0000000703900000, 0x0000000703a00000|  0%| F|  |TAMS 0x0000000703900000, 0x0000000703900000| Untracked 
|  46|0x0000000703a00000, 0x0000000703a00000, 0x0000000703b00000|  0%| F|  |TAMS 0x0000000703a00000, 0x0000000703a00000| Untracked 
|  47|0x0000000703b00000, 0x0000000703b00000, 0x0000000703c00000|  0%| F|  |TAMS 0x0000000703b00000, 0x0000000703b00000| Untracked 
|  48|0x0000000703c00000, 0x0000000703c00000, 0x0000000703d00000|  0%| F|  |TAMS 0x0000000703c00000, 0x0000000703c00000| Untracked 
|  49|0x0000000703d00000, 0x0000000703d00000, 0x0000000703e00000|  0%| F|  |TAMS 0x0000000703d00000, 0x0000000703d00000| Untracked 
|  50|0x0000000703e00000, 0x0000000703e00000, 0x0000000703f00000|  0%| F|  |TAMS 0x0000000703e00000, 0x0000000703e00000| Untracked 
|  51|0x0000000703f00000, 0x0000000703f00000, 0x0000000704000000|  0%| F|  |TAMS 0x0000000703f00000, 0x0000000703f00000| Untracked 
|  52|0x0000000704000000, 0x0000000704000000, 0x0000000704100000|  0%| F|  |TAMS 0x0000000704000000, 0x0000000704000000| Untracked 
|  53|0x0000000704100000, 0x0000000704100000, 0x0000000704200000|  0%| F|  |TAMS 0x0000000704100000, 0x0000000704100000| Untracked 
|  54|0x0000000704200000, 0x0000000704200000, 0x0000000704300000|  0%| F|  |TAMS 0x0000000704200000, 0x0000000704200000| Untracked 
|  55|0x0000000704300000, 0x0000000704300000, 0x0000000704400000|  0%| F|  |TAMS 0x0000000704300000, 0x0000000704300000| Untracked 
|  56|0x0000000704400000, 0x0000000704400000, 0x0000000704500000|  0%| F|  |TAMS 0x0000000704400000, 0x0000000704400000| Untracked 
|  57|0x0000000704500000, 0x0000000704500000, 0x0000000704600000|  0%| F|  |TAMS 0x0000000704500000, 0x0000000704500000| Untracked 
|  58|0x0000000704600000, 0x0000000704600000, 0x0000000704700000|  0%| F|  |TAMS 0x0000000704600000, 0x0000000704600000| Untracked 
|  59|0x0000000704700000, 0x0000000704700000, 0x0000000704800000|  0%| F|  |TAMS 0x0000000704700000, 0x0000000704700000| Untracked 
|  60|0x0000000704800000, 0x0000000704800000, 0x0000000704900000|  0%| F|  |TAMS 0x0000000704800000, 0x0000000704800000| Untracked 
|  61|0x0000000704900000, 0x0000000704900000, 0x0000000704a00000|  0%| F|  |TAMS 0x0000000704900000, 0x0000000704900000| Untracked 
|  62|0x0000000704a00000, 0x0000000704a00000, 0x0000000704b00000|  0%| F|  |TAMS 0x0000000704a00000, 0x0000000704a00000| Untracked 
|  63|0x0000000704b00000, 0x0000000704b00000, 0x0000000704c00000|  0%| F|  |TAMS 0x0000000704b00000, 0x0000000704b00000| Untracked 
|  64|0x0000000704c00000, 0x0000000704c00000, 0x0000000704d00000|  0%| F|  |TAMS 0x0000000704c00000, 0x0000000704c00000| Untracked 
|  65|0x0000000704d00000, 0x0000000704d00000, 0x0000000704e00000|  0%| F|  |TAMS 0x0000000704d00000, 0x0000000704d00000| Untracked 
|  66|0x0000000704e00000, 0x0000000704e00000, 0x0000000704f00000|  0%| F|  |TAMS 0x0000000704e00000, 0x0000000704e00000| Untracked 
|  67|0x0000000704f00000, 0x0000000704f00000, 0x0000000705000000|  0%| F|  |TAMS 0x0000000704f00000, 0x0000000704f00000| Untracked 
|  68|0x0000000705000000, 0x0000000705000000, 0x0000000705100000|  0%| F|  |TAMS 0x0000000705000000, 0x0000000705000000| Untracked 
|  69|0x0000000705100000, 0x0000000705100000, 0x0000000705200000|  0%| F|  |TAMS 0x0000000705100000, 0x0000000705100000| Untracked 
|  70|0x0000000705200000, 0x0000000705200000, 0x0000000705300000|  0%| F|  |TAMS 0x0000000705200000, 0x0000000705200000| Untracked 
|  71|0x0000000705300000, 0x0000000705300000, 0x0000000705400000|  0%| F|  |TAMS 0x0000000705300000, 0x0000000705300000| Untracked 
|  72|0x0000000705400000, 0x0000000705400000, 0x0000000705500000|  0%| F|  |TAMS 0x0000000705400000, 0x0000000705400000| Untracked 
|  73|0x0000000705500000, 0x0000000705500000, 0x0000000705600000|  0%| F|  |TAMS 0x0000000705500000, 0x0000000705500000| Untracked 
|  74|0x0000000705600000, 0x0000000705600000, 0x0000000705700000|  0%| F|  |TAMS 0x0000000705600000, 0x0000000705600000| Untracked 
|  75|0x0000000705700000, 0x0000000705700000, 0x0000000705800000|  0%| F|  |TAMS 0x0000000705700000, 0x0000000705700000| Untracked 
|  76|0x0000000705800000, 0x0000000705800000, 0x0000000705900000|  0%| F|  |TAMS 0x0000000705800000, 0x0000000705800000| Untracked 
|  77|0x0000000705900000, 0x0000000705900000, 0x0000000705a00000|  0%| F|  |TAMS 0x0000000705900000, 0x0000000705900000| Untracked 
|  78|0x0000000705a00000, 0x0000000705a00000, 0x0000000705b00000|  0%| F|  |TAMS 0x0000000705a00000, 0x0000000705a00000| Untracked 
|  79|0x0000000705b00000, 0x0000000705b00000, 0x0000000705c00000|  0%| F|  |TAMS 0x0000000705b00000, 0x0000000705b00000| Untracked 
|  80|0x0000000705c00000, 0x0000000705c00000, 0x0000000705d00000|  0%| F|  |TAMS 0x0000000705c00000, 0x0000000705c00000| Untracked 
|  81|0x0000000705d00000, 0x0000000705d00000, 0x0000000705e00000|  0%| F|  |TAMS 0x0000000705d00000, 0x0000000705d00000| Untracked 
|  82|0x0000000705e00000, 0x0000000705e00000, 0x0000000705f00000|  0%| F|  |TAMS 0x0000000705e00000, 0x0000000705e00000| Untracked 
|  83|0x0000000705f00000, 0x0000000705f00000, 0x0000000706000000|  0%| F|  |TAMS 0x0000000705f00000, 0x0000000705f00000| Untracked 
|  84|0x0000000706000000, 0x0000000706000000, 0x0000000706100000|  0%| F|  |TAMS 0x0000000706000000, 0x0000000706000000| Untracked 
|  85|0x0000000706100000, 0x0000000706100000, 0x0000000706200000|  0%| F|  |TAMS 0x0000000706100000, 0x0000000706100000| Untracked 
|  86|0x0000000706200000, 0x0000000706200000, 0x0000000706300000|  0%| F|  |TAMS 0x0000000706200000, 0x0000000706200000| Untracked 
|  87|0x0000000706300000, 0x0000000706300000, 0x0000000706400000|  0%| F|  |TAMS 0x0000000706300000, 0x0000000706300000| Untracked 
|  88|0x0000000706400000, 0x0000000706400000, 0x0000000706500000|  0%| F|  |TAMS 0x0000000706400000, 0x0000000706400000| Untracked 
|  89|0x0000000706500000, 0x0000000706500000, 0x0000000706600000|  0%| F|  |TAMS 0x0000000706500000, 0x0000000706500000| Untracked 
|  90|0x0000000706600000, 0x0000000706600000, 0x0000000706700000|  0%| F|  |TAMS 0x0000000706600000, 0x0000000706600000| Untracked 
|  91|0x0000000706700000, 0x0000000706700000, 0x0000000706800000|  0%| F|  |TAMS 0x0000000706700000, 0x0000000706700000| Untracked 
|  92|0x0000000706800000, 0x0000000706800000, 0x0000000706900000|  0%| F|  |TAMS 0x0000000706800000, 0x0000000706800000| Untracked 
|  93|0x0000000706900000, 0x0000000706900000, 0x0000000706a00000|  0%| F|  |TAMS 0x0000000706900000, 0x0000000706900000| Untracked 
|  94|0x0000000706a00000, 0x0000000706a00000, 0x0000000706b00000|  0%| F|  |TAMS 0x0000000706a00000, 0x0000000706a00000| Untracked 
|  95|0x0000000706b00000, 0x0000000706b00000, 0x0000000706c00000|  0%| F|  |TAMS 0x0000000706b00000, 0x0000000706b00000| Untracked 
|  96|0x0000000706c00000, 0x0000000706c00000, 0x0000000706d00000|  0%| F|  |TAMS 0x0000000706c00000, 0x0000000706c00000| Untracked 
|  97|0x0000000706d00000, 0x0000000706d00000, 0x0000000706e00000|  0%| F|  |TAMS 0x0000000706d00000, 0x0000000706d00000| Untracked 
|  98|0x0000000706e00000, 0x0000000706e00000, 0x0000000706f00000|  0%| F|  |TAMS 0x0000000706e00000, 0x0000000706e00000| Untracked 
|  99|0x0000000706f00000, 0x0000000706f00000, 0x0000000707000000|  0%| F|  |TAMS 0x0000000706f00000, 0x0000000706f00000| Untracked 
| 100|0x0000000707000000, 0x0000000707000000, 0x0000000707100000|  0%| F|  |TAMS 0x0000000707000000, 0x0000000707000000| Untracked 
| 101|0x0000000707100000, 0x0000000707100000, 0x0000000707200000|  0%| F|  |TAMS 0x0000000707100000, 0x0000000707100000| Untracked 
| 102|0x0000000707200000, 0x0000000707200000, 0x0000000707300000|  0%| F|  |TAMS 0x0000000707200000, 0x0000000707200000| Untracked 
| 103|0x0000000707300000, 0x0000000707300000, 0x0000000707400000|  0%| F|  |TAMS 0x0000000707300000, 0x0000000707300000| Untracked 
| 104|0x0000000707400000, 0x0000000707400000, 0x0000000707500000|  0%| F|  |TAMS 0x0000000707400000, 0x0000000707400000| Untracked 
| 105|0x0000000707500000, 0x0000000707500000, 0x0000000707600000|  0%| F|  |TAMS 0x0000000707500000, 0x0000000707500000| Untracked 
| 106|0x0000000707600000, 0x0000000707600000, 0x0000000707700000|  0%| F|  |TAMS 0x0000000707600000, 0x0000000707600000| Untracked 
| 107|0x0000000707700000, 0x0000000707700000, 0x0000000707800000|  0%| F|  |TAMS 0x0000000707700000, 0x0000000707700000| Untracked 
| 108|0x0000000707800000, 0x0000000707800000, 0x0000000707900000|  0%| F|  |TAMS 0x0000000707800000, 0x0000000707800000| Untracked 
| 109|0x0000000707900000, 0x0000000707900000, 0x0000000707a00000|  0%| F|  |TAMS 0x0000000707900000, 0x0000000707900000| Untracked 
| 110|0x0000000707a00000, 0x0000000707a00000, 0x0000000707b00000|  0%| F|  |TAMS 0x0000000707a00000, 0x0000000707a00000| Untracked 
| 111|0x0000000707b00000, 0x0000000707b00000, 0x0000000707c00000|  0%| F|  |TAMS 0x0000000707b00000, 0x0000000707b00000| Untracked 
| 112|0x0000000707c00000, 0x0000000707c00000, 0x0000000707d00000|  0%| F|  |TAMS 0x0000000707c00000, 0x0000000707c00000| Untracked 
| 113|0x0000000707d00000, 0x0000000707d00000, 0x0000000707e00000|  0%| F|  |TAMS 0x0000000707d00000, 0x0000000707d00000| Untracked 
| 114|0x0000000707e00000, 0x0000000707e00000, 0x0000000707f00000|  0%| F|  |TAMS 0x0000000707e00000, 0x0000000707e00000| Untracked 
| 115|0x0000000707f00000, 0x0000000707f00000, 0x0000000708000000|  0%| F|  |TAMS 0x0000000707f00000, 0x0000000707f00000| Untracked 
| 116|0x0000000708000000, 0x0000000708000000, 0x0000000708100000|  0%| F|  |TAMS 0x0000000708000000, 0x0000000708000000| Untracked 
| 117|0x0000000708100000, 0x0000000708100000, 0x0000000708200000|  0%| F|  |TAMS 0x0000000708100000, 0x0000000708100000| Untracked 
| 118|0x0000000708200000, 0x0000000708200000, 0x0000000708300000|  0%| F|  |TAMS 0x0000000708200000, 0x0000000708200000| Untracked 
| 119|0x0000000708300000, 0x0000000708300000, 0x0000000708400000|  0%| F|  |TAMS 0x0000000708300000, 0x0000000708300000| Untracked 
| 120|0x0000000708400000, 0x0000000708400000, 0x0000000708500000|  0%| F|  |TAMS 0x0000000708400000, 0x0000000708400000| Untracked 
| 121|0x0000000708500000, 0x0000000708500000, 0x0000000708600000|  0%| F|  |TAMS 0x0000000708500000, 0x0000000708500000| Untracked 
| 122|0x0000000708600000, 0x0000000708600000, 0x0000000708700000|  0%| F|  |TAMS 0x0000000708600000, 0x0000000708600000| Untracked 
| 123|0x0000000708700000, 0x0000000708700000, 0x0000000708800000|  0%| F|  |TAMS 0x0000000708700000, 0x0000000708700000| Untracked 
| 124|0x0000000708800000, 0x0000000708800000, 0x0000000708900000|  0%| F|  |TAMS 0x0000000708800000, 0x0000000708800000| Untracked 
| 125|0x0000000708900000, 0x0000000708900000, 0x0000000708a00000|  0%| F|  |TAMS 0x0000000708900000, 0x0000000708900000| Untracked 
| 126|0x0000000708a00000, 0x0000000708a00000, 0x0000000708b00000|  0%| F|  |TAMS 0x0000000708a00000, 0x0000000708a00000| Untracked 
| 127|0x0000000708b00000, 0x0000000708b00000, 0x0000000708c00000|  0%| F|  |TAMS 0x0000000708b00000, 0x0000000708b00000| Untracked 
| 128|0x0000000708c00000, 0x0000000708c00000, 0x0000000708d00000|  0%| F|  |TAMS 0x0000000708c00000, 0x0000000708c00000| Untracked 
| 129|0x0000000708d00000, 0x0000000708d00000, 0x0000000708e00000|  0%| F|  |TAMS 0x0000000708d00000, 0x0000000708d00000| Untracked 
| 130|0x0000000708e00000, 0x0000000708e00000, 0x0000000708f00000|  0%| F|  |TAMS 0x0000000708e00000, 0x0000000708e00000| Untracked 
| 131|0x0000000708f00000, 0x0000000708f00000, 0x0000000709000000|  0%| F|  |TAMS 0x0000000708f00000, 0x0000000708f00000| Untracked 
| 132|0x0000000709000000, 0x0000000709000000, 0x0000000709100000|  0%| F|  |TAMS 0x0000000709000000, 0x0000000709000000| Untracked 
| 133|0x0000000709100000, 0x0000000709100000, 0x0000000709200000|  0%| F|  |TAMS 0x0000000709100000, 0x0000000709100000| Untracked 
| 134|0x0000000709200000, 0x0000000709200000, 0x0000000709300000|  0%| F|  |TAMS 0x0000000709200000, 0x0000000709200000| Untracked 
| 135|0x0000000709300000, 0x0000000709300000, 0x0000000709400000|  0%| F|  |TAMS 0x0000000709300000, 0x0000000709300000| Untracked 
| 136|0x0000000709400000, 0x0000000709400000, 0x0000000709500000|  0%| F|  |TAMS 0x0000000709400000, 0x0000000709400000| Untracked 
| 137|0x0000000709500000, 0x0000000709500000, 0x0000000709600000|  0%| F|  |TAMS 0x0000000709500000, 0x0000000709500000| Untracked 
| 138|0x0000000709600000, 0x0000000709600000, 0x0000000709700000|  0%| F|  |TAMS 0x0000000709600000, 0x0000000709600000| Untracked 
| 139|0x0000000709700000, 0x0000000709700000, 0x0000000709800000|  0%| F|  |TAMS 0x0000000709700000, 0x0000000709700000| Untracked 
| 140|0x0000000709800000, 0x0000000709800000, 0x0000000709900000|  0%| F|  |TAMS 0x0000000709800000, 0x0000000709800000| Untracked 
| 141|0x0000000709900000, 0x0000000709900000, 0x0000000709a00000|  0%| F|  |TAMS 0x0000000709900000, 0x0000000709900000| Untracked 
| 142|0x0000000709a00000, 0x0000000709a00000, 0x0000000709b00000|  0%| F|  |TAMS 0x0000000709a00000, 0x0000000709a00000| Untracked 
| 143|0x0000000709b00000, 0x0000000709b00000, 0x0000000709c00000|  0%| F|  |TAMS 0x0000000709b00000, 0x0000000709b00000| Untracked 
| 144|0x0000000709c00000, 0x0000000709c00000, 0x0000000709d00000|  0%| F|  |TAMS 0x0000000709c00000, 0x0000000709c00000| Untracked 
| 145|0x0000000709d00000, 0x0000000709d00000, 0x0000000709e00000|  0%| F|  |TAMS 0x0000000709d00000, 0x0000000709d00000| Untracked 
| 146|0x0000000709e00000, 0x0000000709e00000, 0x0000000709f00000|  0%| F|  |TAMS 0x0000000709e00000, 0x0000000709e00000| Untracked 
| 147|0x0000000709f00000, 0x0000000709f00000, 0x000000070a000000|  0%| F|  |TAMS 0x0000000709f00000, 0x0000000709f00000| Untracked 
| 148|0x000000070a000000, 0x000000070a000000, 0x000000070a100000|  0%| F|  |TAMS 0x000000070a000000, 0x000000070a000000| Untracked 
| 149|0x000000070a100000, 0x000000070a100000, 0x000000070a200000|  0%| F|  |TAMS 0x000000070a100000, 0x000000070a100000| Untracked 
| 150|0x000000070a200000, 0x000000070a200000, 0x000000070a300000|  0%| F|  |TAMS 0x000000070a200000, 0x000000070a200000| Untracked 
| 151|0x000000070a300000, 0x000000070a300000, 0x000000070a400000|  0%| F|  |TAMS 0x000000070a300000, 0x000000070a300000| Untracked 
| 152|0x000000070a400000, 0x000000070a400000, 0x000000070a500000|  0%| F|  |TAMS 0x000000070a400000, 0x000000070a400000| Untracked 
| 153|0x000000070a500000, 0x000000070a500000, 0x000000070a600000|  0%| F|  |TAMS 0x000000070a500000, 0x000000070a500000| Untracked 
| 154|0x000000070a600000, 0x000000070a600000, 0x000000070a700000|  0%| F|  |TAMS 0x000000070a600000, 0x000000070a600000| Untracked 
| 155|0x000000070a700000, 0x000000070a700000, 0x000000070a800000|  0%| F|  |TAMS 0x000000070a700000, 0x000000070a700000| Untracked 
| 156|0x000000070a800000, 0x000000070a800000, 0x000000070a900000|  0%| F|  |TAMS 0x000000070a800000, 0x000000070a800000| Untracked 
| 157|0x000000070a900000, 0x000000070a900000, 0x000000070aa00000|  0%| F|  |TAMS 0x000000070a900000, 0x000000070a900000| Untracked 
| 158|0x000000070aa00000, 0x000000070aa00000, 0x000000070ab00000|  0%| F|  |TAMS 0x000000070aa00000, 0x000000070aa00000| Untracked 
| 159|0x000000070ab00000, 0x000000070ab00000, 0x000000070ac00000|  0%| F|  |TAMS 0x000000070ab00000, 0x000000070ab00000| Untracked 
| 160|0x000000070ac00000, 0x000000070ac00000, 0x000000070ad00000|  0%| F|  |TAMS 0x000000070ac00000, 0x000000070ac00000| Untracked 
| 161|0x000000070ad00000, 0x000000070ad00000, 0x000000070ae00000|  0%| F|  |TAMS 0x000000070ad00000, 0x000000070ad00000| Untracked 
| 162|0x000000070ae00000, 0x000000070ae00000, 0x000000070af00000|  0%| F|  |TAMS 0x000000070ae00000, 0x000000070ae00000| Untracked 
| 163|0x000000070af00000, 0x000000070af00000, 0x000000070b000000|  0%| F|  |TAMS 0x000000070af00000, 0x000000070af00000| Untracked 
| 164|0x000000070b000000, 0x000000070b000000, 0x000000070b100000|  0%| F|  |TAMS 0x000000070b000000, 0x000000070b000000| Untracked 
| 165|0x000000070b100000, 0x000000070b100000, 0x000000070b200000|  0%| F|  |TAMS 0x000000070b100000, 0x000000070b100000| Untracked 
| 166|0x000000070b200000, 0x000000070b200000, 0x000000070b300000|  0%| F|  |TAMS 0x000000070b200000, 0x000000070b200000| Untracked 
| 167|0x000000070b300000, 0x000000070b300000, 0x000000070b400000|  0%| F|  |TAMS 0x000000070b300000, 0x000000070b300000| Untracked 
| 168|0x000000070b400000, 0x000000070b400000, 0x000000070b500000|  0%| F|  |TAMS 0x000000070b400000, 0x000000070b400000| Untracked 
| 169|0x000000070b500000, 0x000000070b500000, 0x000000070b600000|  0%| F|  |TAMS 0x000000070b500000, 0x000000070b500000| Untracked 
| 170|0x000000070b600000, 0x000000070b600000, 0x000000070b700000|  0%| F|  |TAMS 0x000000070b600000, 0x000000070b600000| Untracked 
| 171|0x000000070b700000, 0x000000070b700000, 0x000000070b800000|  0%| F|  |TAMS 0x000000070b700000, 0x000000070b700000| Untracked 
| 172|0x000000070b800000, 0x000000070b800000, 0x000000070b900000|  0%| F|  |TAMS 0x000000070b800000, 0x000000070b800000| Untracked 
| 173|0x000000070b900000, 0x000000070b900000, 0x000000070ba00000|  0%| F|  |TAMS 0x000000070b900000, 0x000000070b900000| Untracked 
| 174|0x000000070ba00000, 0x000000070ba00000, 0x000000070bb00000|  0%| F|  |TAMS 0x000000070ba00000, 0x000000070ba00000| Untracked 
| 175|0x000000070bb00000, 0x000000070bb00000, 0x000000070bc00000|  0%| F|  |TAMS 0x000000070bb00000, 0x000000070bb00000| Untracked 
| 176|0x000000070bc00000, 0x000000070bc00000, 0x000000070bd00000|  0%| F|  |TAMS 0x000000070bc00000, 0x000000070bc00000| Untracked 
| 177|0x000000070bd00000, 0x000000070bd00000, 0x000000070be00000|  0%| F|  |TAMS 0x000000070bd00000, 0x000000070bd00000| Untracked 
| 178|0x000000070be00000, 0x000000070be00000, 0x000000070bf00000|  0%| F|  |TAMS 0x000000070be00000, 0x000000070be00000| Untracked 
| 179|0x000000070bf00000, 0x000000070bf00000, 0x000000070c000000|  0%| F|  |TAMS 0x000000070bf00000, 0x000000070bf00000| Untracked 
| 180|0x000000070c000000, 0x000000070c000000, 0x000000070c100000|  0%| F|  |TAMS 0x000000070c000000, 0x000000070c000000| Untracked 
| 181|0x000000070c100000, 0x000000070c100000, 0x000000070c200000|  0%| F|  |TAMS 0x000000070c100000, 0x000000070c100000| Untracked 
| 182|0x000000070c200000, 0x000000070c200000, 0x000000070c300000|  0%| F|  |TAMS 0x000000070c200000, 0x000000070c200000| Untracked 
| 183|0x000000070c300000, 0x000000070c300000, 0x000000070c400000|  0%| F|  |TAMS 0x000000070c300000, 0x000000070c300000| Untracked 
| 184|0x000000070c400000, 0x000000070c400000, 0x000000070c500000|  0%| F|  |TAMS 0x000000070c400000, 0x000000070c400000| Untracked 
| 185|0x000000070c500000, 0x000000070c500000, 0x000000070c600000|  0%| F|  |TAMS 0x000000070c500000, 0x000000070c500000| Untracked 
| 186|0x000000070c600000, 0x000000070c600000, 0x000000070c700000|  0%| F|  |TAMS 0x000000070c600000, 0x000000070c600000| Untracked 
| 187|0x000000070c700000, 0x000000070c700000, 0x000000070c800000|  0%| F|  |TAMS 0x000000070c700000, 0x000000070c700000| Untracked 
| 188|0x000000070c800000, 0x000000070c800000, 0x000000070c900000|  0%| F|  |TAMS 0x000000070c800000, 0x000000070c800000| Untracked 
| 189|0x000000070c900000, 0x000000070c900000, 0x000000070ca00000|  0%| F|  |TAMS 0x000000070c900000, 0x000000070c900000| Untracked 
| 190|0x000000070ca00000, 0x000000070ca00000, 0x000000070cb00000|  0%| F|  |TAMS 0x000000070ca00000, 0x000000070ca00000| Untracked 
| 191|0x000000070cb00000, 0x000000070cb00000, 0x000000070cc00000|  0%| F|  |TAMS 0x000000070cb00000, 0x000000070cb00000| Untracked 
| 192|0x000000070cc00000, 0x000000070cc00000, 0x000000070cd00000|  0%| F|  |TAMS 0x000000070cc00000, 0x000000070cc00000| Untracked 
| 193|0x000000070cd00000, 0x000000070cd00000, 0x000000070ce00000|  0%| F|  |TAMS 0x000000070cd00000, 0x000000070cd00000| Untracked 
| 194|0x000000070ce00000, 0x000000070ce00000, 0x000000070cf00000|  0%| F|  |TAMS 0x000000070ce00000, 0x000000070ce00000| Untracked 
| 195|0x000000070cf00000, 0x000000070cf00000, 0x000000070d000000|  0%| F|  |TAMS 0x000000070cf00000, 0x000000070cf00000| Untracked 
| 196|0x000000070d000000, 0x000000070d000000, 0x000000070d100000|  0%| F|  |TAMS 0x000000070d000000, 0x000000070d000000| Untracked 
| 197|0x000000070d100000, 0x000000070d100000, 0x000000070d200000|  0%| F|  |TAMS 0x000000070d100000, 0x000000070d100000| Untracked 
| 198|0x000000070d200000, 0x000000070d200000, 0x000000070d300000|  0%| F|  |TAMS 0x000000070d200000, 0x000000070d200000| Untracked 
| 199|0x000000070d300000, 0x000000070d300000, 0x000000070d400000|  0%| F|  |TAMS 0x000000070d300000, 0x000000070d300000| Untracked 
| 200|0x000000070d400000, 0x000000070d400000, 0x000000070d500000|  0%| F|  |TAMS 0x000000070d400000, 0x000000070d400000| Untracked 
| 201|0x000000070d500000, 0x000000070d500000, 0x000000070d600000|  0%| F|  |TAMS 0x000000070d500000, 0x000000070d500000| Untracked 
| 202|0x000000070d600000, 0x000000070d600000, 0x000000070d700000|  0%| F|  |TAMS 0x000000070d600000, 0x000000070d600000| Untracked 
| 203|0x000000070d700000, 0x000000070d700000, 0x000000070d800000|  0%| F|  |TAMS 0x000000070d700000, 0x000000070d700000| Untracked 
| 204|0x000000070d800000, 0x000000070d800000, 0x000000070d900000|  0%| F|  |TAMS 0x000000070d800000, 0x000000070d800000| Untracked 
| 205|0x000000070d900000, 0x000000070d900000, 0x000000070da00000|  0%| F|  |TAMS 0x000000070d900000, 0x000000070d900000| Untracked 
| 206|0x000000070da00000, 0x000000070da00000, 0x000000070db00000|  0%| F|  |TAMS 0x000000070da00000, 0x000000070da00000| Untracked 
| 207|0x000000070db00000, 0x000000070db00000, 0x000000070dc00000|  0%| F|  |TAMS 0x000000070db00000, 0x000000070db00000| Untracked 
| 208|0x000000070dc00000, 0x000000070dc00000, 0x000000070dd00000|  0%| F|  |TAMS 0x000000070dc00000, 0x000000070dc00000| Untracked 
| 209|0x000000070dd00000, 0x000000070dd00000, 0x000000070de00000|  0%| F|  |TAMS 0x000000070dd00000, 0x000000070dd00000| Untracked 
| 210|0x000000070de00000, 0x000000070de00000, 0x000000070df00000|  0%| F|  |TAMS 0x000000070de00000, 0x000000070de00000| Untracked 
| 211|0x000000070df00000, 0x000000070df00000, 0x000000070e000000|  0%| F|  |TAMS 0x000000070df00000, 0x000000070df00000| Untracked 
| 212|0x000000070e000000, 0x000000070e000000, 0x000000070e100000|  0%| F|  |TAMS 0x000000070e000000, 0x000000070e000000| Untracked 
| 213|0x000000070e100000, 0x000000070e100000, 0x000000070e200000|  0%| F|  |TAMS 0x000000070e100000, 0x000000070e100000| Untracked 
| 214|0x000000070e200000, 0x000000070e231000, 0x000000070e300000| 19%| S|CS|TAMS 0x000000070e200000, 0x000000070e200000| Complete 
| 215|0x000000070e300000, 0x000000070e400000, 0x000000070e400000|100%| S|CS|TAMS 0x000000070e300000, 0x000000070e300000| Complete 
| 216|0x000000070e400000, 0x000000070e500000, 0x000000070e500000|100%| S|CS|TAMS 0x000000070e400000, 0x000000070e400000| Complete 
| 217|0x000000070e500000, 0x000000070e600000, 0x000000070e600000|100%| S|CS|TAMS 0x000000070e500000, 0x000000070e500000| Complete 
| 218|0x000000070e600000, 0x000000070e700000, 0x000000070e700000|100%| S|CS|TAMS 0x000000070e600000, 0x000000070e600000| Complete 
| 219|0x000000070e700000, 0x000000070e800000, 0x000000070e800000|100%| S|CS|TAMS 0x000000070e700000, 0x000000070e700000| Complete 
| 220|0x000000070e800000, 0x000000070e900000, 0x000000070e900000|100%| S|CS|TAMS 0x000000070e800000, 0x000000070e800000| Complete 
| 221|0x000000070e900000, 0x000000070ea00000, 0x000000070ea00000|100%| S|CS|TAMS 0x000000070e900000, 0x000000070e900000| Complete 
| 222|0x000000070ea00000, 0x000000070ea00000, 0x000000070eb00000|  0%| F|  |TAMS 0x000000070ea00000, 0x000000070ea00000| Untracked 
| 223|0x000000070eb00000, 0x000000070eb00000, 0x000000070ec00000|  0%| F|  |TAMS 0x000000070eb00000, 0x000000070eb00000| Untracked 
| 224|0x000000070ec00000, 0x000000070ec00000, 0x000000070ed00000|  0%| F|  |TAMS 0x000000070ec00000, 0x000000070ec00000| Untracked 
| 225|0x000000070ed00000, 0x000000070ed00000, 0x000000070ee00000|  0%| F|  |TAMS 0x000000070ed00000, 0x000000070ed00000| Untracked 
| 226|0x000000070ee00000, 0x000000070ee00000, 0x000000070ef00000|  0%| F|  |TAMS 0x000000070ee00000, 0x000000070ee00000| Untracked 
| 227|0x000000070ef00000, 0x000000070ef00000, 0x000000070f000000|  0%| F|  |TAMS 0x000000070ef00000, 0x000000070ef00000| Untracked 
| 228|0x000000070f000000, 0x000000070f000000, 0x000000070f100000|  0%| F|  |TAMS 0x000000070f000000, 0x000000070f000000| Untracked 
| 229|0x000000070f100000, 0x000000070f100000, 0x000000070f200000|  0%| F|  |TAMS 0x000000070f100000, 0x000000070f100000| Untracked 
| 230|0x000000070f200000, 0x000000070f200000, 0x000000070f300000|  0%| F|  |TAMS 0x000000070f200000, 0x000000070f200000| Untracked 
| 231|0x000000070f300000, 0x000000070f300000, 0x000000070f400000|  0%| F|  |TAMS 0x000000070f300000, 0x000000070f300000| Untracked 
| 232|0x000000070f400000, 0x000000070f400000, 0x000000070f500000|  0%| F|  |TAMS 0x000000070f400000, 0x000000070f400000| Untracked 
| 233|0x000000070f500000, 0x000000070f500000, 0x000000070f600000|  0%| F|  |TAMS 0x000000070f500000, 0x000000070f500000| Untracked 
| 234|0x000000070f600000, 0x000000070f600000, 0x000000070f700000|  0%| F|  |TAMS 0x000000070f600000, 0x000000070f600000| Untracked 
| 235|0x000000070f700000, 0x000000070f700000, 0x000000070f800000|  0%| F|  |TAMS 0x000000070f700000, 0x000000070f700000| Untracked 
| 236|0x000000070f800000, 0x000000070f800000, 0x000000070f900000|  0%| F|  |TAMS 0x000000070f800000, 0x000000070f800000| Untracked 
| 237|0x000000070f900000, 0x000000070f900000, 0x000000070fa00000|  0%| F|  |TAMS 0x000000070f900000, 0x000000070f900000| Untracked 
| 238|0x000000070fa00000, 0x000000070fa00000, 0x000000070fb00000|  0%| F|  |TAMS 0x000000070fa00000, 0x000000070fa00000| Untracked 
| 239|0x000000070fb00000, 0x000000070fb81770, 0x000000070fc00000| 50%| E|  |TAMS 0x000000070fb00000, 0x000000070fb00000| Complete 
| 240|0x000000070fc00000, 0x000000070fd00000, 0x000000070fd00000|100%| E|CS|TAMS 0x000000070fc00000, 0x000000070fc00000| Complete 
| 241|0x000000070fd00000, 0x000000070fe00000, 0x000000070fe00000|100%| E|CS|TAMS 0x000000070fd00000, 0x000000070fd00000| Complete 
| 242|0x000000070fe00000, 0x000000070ff00000, 0x000000070ff00000|100%| E|CS|TAMS 0x000000070fe00000, 0x000000070fe00000| Complete 
| 243|0x000000070ff00000, 0x0000000710000000, 0x0000000710000000|100%| E|CS|TAMS 0x000000070ff00000, 0x000000070ff00000| Complete 
| 244|0x0000000710000000, 0x0000000710100000, 0x0000000710100000|100%| E|CS|TAMS 0x0000000710000000, 0x0000000710000000| Complete 
| 245|0x0000000710100000, 0x0000000710200000, 0x0000000710200000|100%| E|CS|TAMS 0x0000000710100000, 0x0000000710100000| Complete 
| 246|0x0000000710200000, 0x0000000710300000, 0x0000000710300000|100%| E|CS|TAMS 0x0000000710200000, 0x0000000710200000| Complete 
| 247|0x0000000710300000, 0x0000000710400000, 0x0000000710400000|100%| E|CS|TAMS 0x0000000710300000, 0x0000000710300000| Complete 
| 248|0x0000000710400000, 0x0000000710500000, 0x0000000710500000|100%| E|CS|TAMS 0x0000000710400000, 0x0000000710400000| Complete 
| 249|0x0000000710500000, 0x0000000710600000, 0x0000000710600000|100%| E|CS|TAMS 0x0000000710500000, 0x0000000710500000| Complete 
| 250|0x0000000710600000, 0x0000000710700000, 0x0000000710700000|100%| E|CS|TAMS 0x0000000710600000, 0x0000000710600000| Complete 
| 251|0x0000000710700000, 0x0000000710800000, 0x0000000710800000|100%| E|CS|TAMS 0x0000000710700000, 0x0000000710700000| Complete 
| 252|0x0000000710800000, 0x0000000710900000, 0x0000000710900000|100%| E|CS|TAMS 0x0000000710800000, 0x0000000710800000| Complete 
| 253|0x0000000710900000, 0x0000000710a00000, 0x0000000710a00000|100%| E|CS|TAMS 0x0000000710900000, 0x0000000710900000| Complete 
| 254|0x0000000710a00000, 0x0000000710b00000, 0x0000000710b00000|100%| E|CS|TAMS 0x0000000710a00000, 0x0000000710a00000| Complete 
| 255|0x0000000710b00000, 0x0000000710c00000, 0x0000000710c00000|100%| E|CS|TAMS 0x0000000710b00000, 0x0000000710b00000| Complete 

Card table byte_map: [0x0000020b9c920000,0x0000020b9d120000] _byte_map_base: 0x0000020b9911a000

Marking Bits (Prev, Next): (CMBitMap*) 0x0000020b848d5060, (CMBitMap*) 0x0000020b848d5028
 Prev Bits: [0x0000020ba18f0000, 0x0000020ba58c0000)
 Next Bits: [0x0000020b9d920000, 0x0000020ba18f0000)

Polling page: 0x0000020b825c0000

Metaspace:

Usage:
  Non-class:     21.85 MB capacity,    21.34 MB ( 98%) used,   419.82 KB (  2%) free+waste,   103.81 KB ( <1%) overhead. 
      Class:      3.57 MB capacity,     3.18 MB ( 89%) used,   349.15 KB ( 10%) free+waste,    52.94 KB (  1%) overhead. 
       Both:     25.43 MB capacity,    24.52 MB ( 96%) used,   768.97 KB (  3%) free+waste,   156.75 KB ( <1%) overhead. 

Virtual space:
  Non-class space:       22.00 MB reserved,      22.00 MB (100%) committed 
      Class space:        1.00 GB reserved,       3.62 MB ( <1%) committed 
             Both:        1.02 GB reserved,      25.62 MB (  2%) committed 

Chunk freelists:
   Non-Class:  2.63 KB
       Class:  2.63 KB
        Both:  5.25 KB

CodeHeap 'non-profiled nmethods': size=120000Kb used=1286Kb max_used=1286Kb free=118713Kb
 bounds [0x0000020b946a0000, 0x0000020b94910000, 0x0000020b9bbd0000]
CodeHeap 'profiled nmethods': size=120000Kb used=5599Kb max_used=5599Kb free=114400Kb
 bounds [0x0000020b8d170000, 0x0000020b8d6f0000, 0x0000020b946a0000]
CodeHeap 'non-nmethods': size=5760Kb used=1347Kb max_used=1417Kb free=4412Kb
 bounds [0x0000020b8cbd0000, 0x0000020b8ce40000, 0x0000020b8d170000]
 total_blobs=4144 nmethods=2858 adapters=674
 compilation: enabled
              stopped_count=0, restarted_count=0
 full_count=0

Compilation events (10 events):
Event: 5.991 Thread 0x0000020ba8f7f800 nmethod 2854 0x0000020b8d6e5b90 code [0x0000020b8d6e5d40, 0x0000020b8d6e5ed0]
Event: 5.991 Thread 0x0000020ba8f7f800 2856   !   3       com.sun.glass.ui.InvokeLaterDispatcher$Future::run (91 bytes)
Event: 5.991 Thread 0x0000020ba8f7f800 nmethod 2856 0x0000020b8d6e5f90 code [0x0000020b8d6e61a0, 0x0000020b8d6e68d0]
Event: 6.014 Thread 0x0000020ba8f89800 nmethod 2847% 0x0000020b947d9e10 code [0x0000020b947da080, 0x0000020b947de3f8]
Event: 6.098 Thread 0x0000020ba8f7f800 2857       3       javafx.event.Event::copyFor (45 bytes)
Event: 6.098 Thread 0x0000020ba8f7f800 nmethod 2857 0x0000020b8d6e6c10 code [0x0000020b8d6e6e00, 0x0000020b8d6e7400]
Event: 6.098 Thread 0x0000020ba8f7f800 2858   !   3       javafx.event.Event::clone (16 bytes)
Event: 6.098 Thread 0x0000020ba8f7f800 nmethod 2858 0x0000020b8d6e7590 code [0x0000020b8d6e7760, 0x0000020b8d6e79e0]
Event: 6.300 Thread 0x0000020ba8f7f800 2859       3       java.lang.Character::isSurrogate (18 bytes)
Event: 6.300 Thread 0x0000020ba8f7f800 nmethod 2859 0x0000020b8d6e7b10 code [0x0000020b8d6e7cc0, 0x0000020b8d6e7e98]

GC Heap History (4 events):
Event: 0.636 GC heap before
{Heap before GC invocations=0 (full 0):
 garbage-first heap   total 262144K, used 23552K [0x0000000700c00000, 0x0000000800000000)
  region size 1024K, 24 young (24576K), 0 survivors (0K)
 Metaspace       used 12539K, capacity 12932K, committed 13056K, reserved 1060864K
  class space    used 1341K, capacity 1489K, committed 1536K, reserved 1048576K
}
Event: 0.642 GC heap after
{Heap after GC invocations=1 (full 0):
 garbage-first heap   total 262144K, used 4082K [0x0000000700c00000, 0x0000000800000000)
  region size 1024K, 3 young (3072K), 3 survivors (3072K)
 Metaspace       used 12539K, capacity 12932K, committed 13056K, reserved 1060864K
  class space    used 1341K, capacity 1489K, committed 1536K, reserved 1048576K
}
Event: 1.149 GC heap before
{Heap before GC invocations=1 (full 0):
 garbage-first heap   total 262144K, used 34802K [0x0000000700c00000, 0x0000000800000000)
  region size 1024K, 34 young (34816K), 3 survivors (3072K)
 Metaspace       used 20648K, capacity 21290K, committed 21296K, reserved 1067008K
  class space    used 2559K, capacity 2858K, committed 2864K, reserved 1048576K
}
Event: 1.156 GC heap after
{Heap after GC invocations=2 (full 0):
 garbage-first heap   total 262144K, used 8374K [0x0000000700c00000, 0x0000000800000000)
  region size 1024K, 8 young (8192K), 8 survivors (8192K)
 Metaspace       used 20648K, capacity 21290K, committed 21296K, reserved 1067008K
  class space    used 2559K, capacity 2858K, committed 2864K, reserved 1048576K
}

Deoptimization events (10 events):
Event: 0.999 Thread 0x0000020babd12800 Uncommon trap: reason=unstable_if action=reinterpret pc=0x0000020b94719da4 method=java.util.HashMap.hash(Ljava/lang/Object;)I @ 1 c2
Event: 1.107 Thread 0x0000020babd12800 Uncommon trap: reason=class_check action=maybe_recompile pc=0x0000020b946b1df4 method=java.lang.String.equals(Ljava/lang/Object;)Z @ 8 c2
Event: 1.107 Thread 0x0000020babd12800 Uncommon trap: reason=class_check action=maybe_recompile pc=0x0000020b946b1df4 method=java.lang.String.equals(Ljava/lang/Object;)Z @ 8 c2
Event: 1.107 Thread 0x0000020babd12800 Uncommon trap: reason=class_check action=maybe_recompile pc=0x0000020b946b1df4 method=java.lang.String.equals(Ljava/lang/Object;)Z @ 8 c2
Event: 1.108 Thread 0x0000020babd12800 Uncommon trap: reason=class_check action=maybe_recompile pc=0x0000020b946b1df4 method=java.lang.String.equals(Ljava/lang/Object;)Z @ 8 c2
Event: 1.329 Thread 0x0000020babd12800 Uncommon trap: reason=unstable_if action=reinterpret pc=0x0000020b94709250 method=jdk.internal.org.objectweb.asm.Type.getArgumentsAndReturnSizes(Ljava/lang/String;)I @ 47 c2
Event: 1.365 Thread 0x0000020baa22d800 Uncommon trap: reason=unstable_if action=reinterpret pc=0x0000020b946fc78c method=java.lang.invoke.LambdaForm$BasicType.basicType(C)Ljava/lang/invoke/LambdaForm$BasicType; @ 1 c2
Event: 5.426 Thread 0x0000020baa22d800 Uncommon trap: reason=unstable_if action=reinterpret pc=0x0000020b947c0790 method=com.sun.marlin.DRenderer._endRendering(IILcom/sun/marlin/MarlinAlphaConsumer;)V @ 325 c2
Event: 5.427 Thread 0x0000020baa22d800 Uncommon trap: reason=unstable_if action=reinterpret pc=0x0000020b947b8df8 method=com.sun.marlin.DRenderer._endRendering(IILcom/sun/marlin/MarlinAlphaConsumer;)V @ 325 c2
Event: 5.427 Thread 0x0000020baa22d800 Uncommon trap: reason=unstable_if action=reinterpret pc=0x0000020b947afe98 method=com.sun.marlin.DRenderer._endRendering(IILcom/sun/marlin/MarlinAlphaConsumer;)V @ 325 c2

Classes redefined (0 events):
No events

Internal exceptions (10 events):
Event: 1.131 Thread 0x0000020babd12800 Exception <a 'java/lang/ClassNotFoundException'{0x000000070eb6cf18}: com/sun/javafx/scene/control/skin/resources/controls_en> (0x000000070eb6cf18) thrown at [t:/workspace/open/src/hotspot/share/prims/jni.cpp, line 636]
Event: 1.132 Thread 0x0000020babd12800 Exception <a 'java/lang/ClassNotFoundException'{0x000000070eb6fa70}: com/sun/javafx/scene/control/skin/resources/controls_en_US> (0x000000070eb6fa70) thrown at [t:/workspace/open/src/hotspot/share/prims/jni.cpp, line 636]
Event: 1.172 Thread 0x0000020babd12800 Exception <a 'java/lang/NoSuchMethodError'{0x0000000710a30558}: java.lang.invoke.DirectMethodHandle$Holder.invokeSpecial(Ljava/lang/Object;Ljava/lang/Object;Ljava/lang/Object;Ljava/lang/Object;Ljava/lang/Object;Ljava/lang/Object;)V> (0x0000000710a30558) t
Event: 1.181 Thread 0x0000020babd12800 Exception <a 'java/lang/NoSuchMethodError'{0x0000000710906418}: java.lang.invoke.Invokers$Holder.linkToTargetMethod(Ljava/lang/Object;ILjava/lang/Object;)Ljava/lang/Object;> (0x0000000710906418) thrown at [t:/workspace/open/src/hotspot/share/interpreter/l
Event: 1.210 Thread 0x0000020babd12800 Exception <a 'java/lang/NoSuchMethodError'{0x000000071079b100}: java.lang.invoke.DirectMethodHandle$Holder.invokeInterface(Ljava/lang/Object;Ljava/lang/Object;Ljava/lang/Object;)Ljava/lang/Object;> (0x000000071079b100) thrown at [t:/workspace/open/src/hot
Event: 1.210 Thread 0x0000020babd12800 Exception <a 'java/lang/IncompatibleClassChangeError'{0x000000071079e2b8}: Found class java.lang.Object, but interface was expected> (0x000000071079e2b8) thrown at [t:/workspace/open/src/hotspot/share/interpreter/linkResolver.cpp, line 838]
Event: 1.279 Thread 0x0000020babd12800 Exception <a 'java/lang/NoSuchMethodError'{0x0000000710318a20}: java.lang.invoke.DirectMethodHandle$Holder.invokeStaticInit(Ljava/lang/Object;Ljava/lang/Object;)I> (0x0000000710318a20) thrown at [t:/workspace/open/src/hotspot/share/interpreter/linkResolve
Event: 1.329 Thread 0x0000020babd12800 Exception <a 'java/lang/NoSuchMethodError'{0x0000000710133440}: java.lang.invoke.DirectMethodHandle$Holder.invokeStaticInit(Ljava/lang/Object;Ljava/lang/Object;Ljava/lang/Object;)J> (0x0000000710133440) thrown at [t:/workspace/open/src/hotspot/share/inter
Event: 1.331 Thread 0x0000020babd12800 Exception <a 'java/lang/NoSuchMethodError'{0x000000071014ba80}: java.lang.invoke.DirectMethodHandle$Holder.invokeStatic(Ljava/lang/Object;Ljava/lang/Object;J)Ljava/lang/Object;> (0x000000071014ba80) thrown at [t:/workspace/open/src/hotspot/share/interpret
Event: 1.332 Thread 0x0000020babd12800 Exception <a 'java/lang/NoSuchMethodError'{0x0000000710151bf8}: java.lang.invoke.Invokers$Holder.linkToTargetMethod(Ljava/lang/Object;JLjava/lang/Object;)Ljava/lang/Object;> (0x0000000710151bf8) thrown at [t:/workspace/open/src/hotspot/share/interpreter/l

Events (10 events):
Event: 5.427 Thread 0x0000020baa22d800 DEOPT PACKING pc=0x0000020b947afe98 sp=0x000000f8e81fd980
Event: 5.427 Thread 0x0000020baa22d800 DEOPT UNPACKING pc=0x0000020b8cbf91af sp=0x000000f8e81fd868 mode 2
Event: 6.299 loading class java/io/UnsupportedEncodingException
Event: 6.299 loading class java/io/UnsupportedEncodingException done
Event: 6.300 loading class java/io/ObjectInput
Event: 6.300 loading class java/io/ObjectInput done
Event: 6.300 loading class java/io/ObjectOutput
Event: 6.300 loading class java/io/ObjectOutput done
Event: 6.300 loading class java/util/regex/Pattern$SliceI
Event: 6.300 loading class java/util/regex/Pattern$SliceI done


Dynamic libraries:
0x00007ff78b5b0000 - 0x00007ff78b5f7000 	C:\Program Files\Java\jdk-11.0.5\bin\java.exe
0x00007ffd64860000 - 0x00007ffd64a50000 	C:\WINDOWS\SYSTEM32\ntdll.dll
0x00007ffd629c0000 - 0x00007ffd62a72000 	C:\WINDOWS\System32\KERNEL32.DLL
0x00007ffd62310000 - 0x00007ffd625b3000 	C:\WINDOWS\System32\KERNELBASE.dll
0x00007ffd62910000 - 0x00007ffd629b3000 	C:\WINDOWS\System32\ADVAPI32.dll
0x00007ffd63f80000 - 0x00007ffd6401e000 	C:\WINDOWS\System32\msvcrt.dll
0x00007ffd64750000 - 0x00007ffd647e7000 	C:\WINDOWS\System32\sechost.dll
0x00007ffd62c40000 - 0x00007ffd62d60000 	C:\WINDOWS\System32\RPCRT4.dll
0x00007ffd63d70000 - 0x00007ffd63f04000 	C:\WINDOWS\System32\USER32.dll
0x00007ffd618f0000 - 0x00007ffd61911000 	C:\WINDOWS\System32\win32u.dll
0x00007ffd64020000 - 0x00007ffd64046000 	C:\WINDOWS\System32\GDI32.dll
0x00007ffd619c0000 - 0x00007ffd61b54000 	C:\WINDOWS\System32\gdi32full.dll
0x00007ffd61920000 - 0x00007ffd619be000 	C:\WINDOWS\System32\msvcp_win.dll
0x00007ffd617f0000 - 0x00007ffd618ea000 	C:\WINDOWS\System32\ucrtbase.dll
0x00007ffd56210000 - 0x00007ffd56495000 	C:\WINDOWS\WinSxS\amd64_microsoft.windows.common-controls_6595b64144ccf1df_6.0.18362.720_none_e6beb5c51314836b\COMCTL32.dll
0x00007ffd5bb60000 - 0x00007ffd5bb6a000 	C:\WINDOWS\SYSTEM32\VERSION.dll
0x00007ffd62d60000 - 0x00007ffd63096000 	C:\WINDOWS\System32\combase.dll
0x00007ffd62890000 - 0x00007ffd62910000 	C:\WINDOWS\System32\bcryptPrimitives.dll
0x00007ffd647f0000 - 0x00007ffd6481e000 	C:\WINDOWS\System32\IMM32.DLL
0x00007ffd4ed00000 - 0x00007ffd4ed16000 	C:\Program Files\Java\jdk-11.0.5\bin\vcruntime140.dll
0x00007ffd39c20000 - 0x00007ffd39cca000 	C:\Program Files\Java\jdk-11.0.5\bin\msvcp140.dll
0x00007ffd09110000 - 0x00007ffd09c38000 	C:\Program Files\Java\jdk-11.0.5\bin\server\jvm.dll
0x00007ffd62bd0000 - 0x00007ffd62bd8000 	C:\WINDOWS\System32\PSAPI.DLL
0x00007ffd5e3e0000 - 0x00007ffd5e404000 	C:\WINDOWS\SYSTEM32\WINMM.dll
0x00007ffd4e760000 - 0x00007ffd4e769000 	C:\WINDOWS\SYSTEM32\WSOCK32.dll
0x00007ffd63290000 - 0x00007ffd632ff000 	C:\WINDOWS\System32\WS2_32.dll
0x00007ffd5e3b0000 - 0x00007ffd5e3dd000 	C:\WINDOWS\SYSTEM32\WINMMBASE.dll
0x00007ffd62770000 - 0x00007ffd627ba000 	C:\WINDOWS\System32\cfgmgr32.dll
0x00007ffd61730000 - 0x00007ffd61741000 	C:\WINDOWS\System32\kernel.appcore.dll
0x00007ffd45ee0000 - 0x00007ffd45ef1000 	C:\Program Files\Java\jdk-11.0.5\bin\verify.dll
0x00007ffd4ba50000 - 0x00007ffd4bc44000 	C:\WINDOWS\SYSTEM32\DBGHELP.DLL
0x00007ffd4b200000 - 0x00007ffd4b22a000 	C:\WINDOWS\SYSTEM32\dbgcore.DLL
0x00007ffd45ea0000 - 0x00007ffd45ec9000 	C:\Program Files\Java\jdk-11.0.5\bin\java.dll
0x00007ffd456f0000 - 0x00007ffd4571f000 	C:\Program Files\Java\jdk-11.0.5\bin\instrument.dll
0x00007ffd45d40000 - 0x00007ffd45d56000 	C:\Program Files\Java\jdk-11.0.5\bin\zip.dll
0x00007ffd5e4b0000 - 0x00007ffd5e4ba000 	C:\Program Files\Java\jdk-11.0.5\bin\jimage.dll
0x00007ffd64050000 - 0x00007ffd64735000 	C:\WINDOWS\System32\SHELL32.dll
0x00007ffd631e0000 - 0x00007ffd63289000 	C:\WINDOWS\System32\shcore.dll
0x00007ffd61b60000 - 0x00007ffd622e0000 	C:\WINDOWS\System32\windows.storage.dll
0x00007ffd617a0000 - 0x00007ffd617c3000 	C:\WINDOWS\System32\profapi.dll
0x00007ffd61750000 - 0x00007ffd6179a000 	C:\WINDOWS\System32\powrprof.dll
0x00007ffd61720000 - 0x00007ffd61730000 	C:\WINDOWS\System32\UMPDC.dll
0x00007ffd63bb0000 - 0x00007ffd63c02000 	C:\WINDOWS\System32\shlwapi.dll
0x00007ffd62870000 - 0x00007ffd62887000 	C:\WINDOWS\System32\cryptsp.dll
0x00007ffd45c40000 - 0x00007ffd45c59000 	C:\Program Files\Java\jdk-11.0.5\bin\net.dll
0x00007ffd5c790000 - 0x00007ffd5c881000 	C:\WINDOWS\SYSTEM32\WINHTTP.dll
0x00007ffd60f30000 - 0x00007ffd60f97000 	C:\WINDOWS\system32\mswsock.dll
0x00007ffd45a80000 - 0x00007ffd45a93000 	C:\Program Files\Java\jdk-11.0.5\bin\nio.dll
0x00007ffd4aa20000 - 0x00007ffd4aa3a000 	C:\Program Files\JetBrains\IntelliJ IDEA 2019.3.4\bin\breakgen64.dll
0x0000020b827f0000 - 0x0000020b827f3000 	C:\Users\amar\Downloads\javaFX-11.0.2_windows-x64_bin-sdk\javafx-sdk-11.0.2\bin\api-ms-win-core-console-l1-1-0.dll
0x0000020b82800000 - 0x0000020b82803000 	C:\Users\amar\Downloads\javaFX-11.0.2_windows-x64_bin-sdk\javafx-sdk-11.0.2\bin\api-ms-win-core-datetime-l1-1-0.dll
0x0000020b82810000 - 0x0000020b82813000 	C:\Users\amar\Downloads\javaFX-11.0.2_windows-x64_bin-sdk\javafx-sdk-11.0.2\bin\api-ms-win-core-debug-l1-1-0.dll
0x0000020b82820000 - 0x0000020b82823000 	C:\Users\amar\Downloads\javaFX-11.0.2_windows-x64_bin-sdk\javafx-sdk-11.0.2\bin\api-ms-win-core-errorhandling-l1-1-0.dll
0x0000020b82830000 - 0x0000020b82834000 	C:\Users\amar\Downloads\javaFX-11.0.2_windows-x64_bin-sdk\javafx-sdk-11.0.2\bin\api-ms-win-core-file-l1-1-0.dll
0x0000020b82840000 - 0x0000020b82843000 	C:\Users\amar\Downloads\javaFX-11.0.2_windows-x64_bin-sdk\javafx-sdk-11.0.2\bin\api-ms-win-core-file-l1-2-0.dll
0x0000020b82850000 - 0x0000020b82853000 	C:\Users\amar\Downloads\javaFX-11.0.2_windows-x64_bin-sdk\javafx-sdk-11.0.2\bin\api-ms-win-core-file-l2-1-0.dll
0x0000020b82860000 - 0x0000020b82863000 	C:\Users\amar\Downloads\javaFX-11.0.2_windows-x64_bin-sdk\javafx-sdk-11.0.2\bin\api-ms-win-core-handle-l1-1-0.dll
0x0000020b82870000 - 0x0000020b82873000 	C:\Users\amar\Downloads\javaFX-11.0.2_windows-x64_bin-sdk\javafx-sdk-11.0.2\bin\api-ms-win-core-heap-l1-1-0.dll
0x0000020b82880000 - 0x0000020b82883000 	C:\Users\amar\Downloads\javaFX-11.0.2_windows-x64_bin-sdk\javafx-sdk-11.0.2\bin\api-ms-win-core-interlocked-l1-1-0.dll
0x0000020b84770000 - 0x0000020b84773000 	C:\Users\amar\Downloads\javaFX-11.0.2_windows-x64_bin-sdk\javafx-sdk-11.0.2\bin\api-ms-win-core-libraryloader-l1-1-0.dll
0x0000020b84780000 - 0x0000020b84783000 	C:\Users\amar\Downloads\javaFX-11.0.2_windows-x64_bin-sdk\javafx-sdk-11.0.2\bin\api-ms-win-core-localization-l1-2-0.dll
0x0000020b84790000 - 0x0000020b84793000 	C:\Users\amar\Downloads\javaFX-11.0.2_windows-x64_bin-sdk\javafx-sdk-11.0.2\bin\api-ms-win-core-memory-l1-1-0.dll
0x0000020b847a0000 - 0x0000020b847a3000 	C:\Users\amar\Downloads\javaFX-11.0.2_windows-x64_bin-sdk\javafx-sdk-11.0.2\bin\api-ms-win-core-namedpipe-l1-1-0.dll
0x0000020b847b0000 - 0x0000020b847b3000 	C:\Users\amar\Downloads\javaFX-11.0.2_windows-x64_bin-sdk\javafx-sdk-11.0.2\bin\api-ms-win-core-processenvironment-l1-1-0.dll
0x0000020b847c0000 - 0x0000020b847c3000 	C:\Users\amar\Downloads\javaFX-11.0.2_windows-x64_bin-sdk\javafx-sdk-11.0.2\bin\api-ms-win-core-processthreads-l1-1-0.dll
0x0000020b847d0000 - 0x0000020b847d3000 	C:\Users\amar\Downloads\javaFX-11.0.2_windows-x64_bin-sdk\javafx-sdk-11.0.2\bin\api-ms-win-core-processthreads-l1-1-1.dll
0x0000020b847e0000 - 0x0000020b847e3000 	C:\Users\amar\Downloads\javaFX-11.0.2_windows-x64_bin-sdk\javafx-sdk-11.0.2\bin\api-ms-win-core-profile-l1-1-0.dll
0x0000020b847f0000 - 0x0000020b847f3000 	C:\Users\amar\Downloads\javaFX-11.0.2_windows-x64_bin-sdk\javafx-sdk-11.0.2\bin\api-ms-win-core-rtlsupport-l1-1-0.dll
0x0000020b84800000 - 0x0000020b84803000 	C:\Users\amar\Downloads\javaFX-11.0.2_windows-x64_bin-sdk\javafx-sdk-11.0.2\bin\api-ms-win-core-string-l1-1-0.dll
0x0000020b84810000 - 0x0000020b84813000 	C:\Users\amar\Downloads\javaFX-11.0.2_windows-x64_bin-sdk\javafx-sdk-11.0.2\bin\api-ms-win-core-synch-l1-1-0.dll
0x0000020b84820000 - 0x0000020b84823000 	C:\Users\amar\Downloads\javaFX-11.0.2_windows-x64_bin-sdk\javafx-sdk-11.0.2\bin\api-ms-win-core-synch-l1-2-0.dll
0x0000020b84830000 - 0x0000020b84833000 	C:\Users\amar\Downloads\javaFX-11.0.2_windows-x64_bin-sdk\javafx-sdk-11.0.2\bin\api-ms-win-core-sysinfo-l1-1-0.dll
0x0000020baab50000 - 0x0000020baab53000 	C:\Users\amar\Downloads\javaFX-11.0.2_windows-x64_bin-sdk\javafx-sdk-11.0.2\bin\api-ms-win-core-timezone-l1-1-0.dll
0x0000020baab60000 - 0x0000020baab63000 	C:\Users\amar\Downloads\javaFX-11.0.2_windows-x64_bin-sdk\javafx-sdk-11.0.2\bin\api-ms-win-core-util-l1-1-0.dll
0x0000020baab70000 - 0x0000020baab73000 	C:\Users\amar\Downloads\javaFX-11.0.2_windows-x64_bin-sdk\javafx-sdk-11.0.2\bin\api-ms-win-crt-conio-l1-1-0.dll
0x0000020baab80000 - 0x0000020baab84000 	C:\Users\amar\Downloads\javaFX-11.0.2_windows-x64_bin-sdk\javafx-sdk-11.0.2\bin\api-ms-win-crt-convert-l1-1-0.dll
0x0000020baab90000 - 0x0000020baab93000 	C:\Users\amar\Downloads\javaFX-11.0.2_windows-x64_bin-sdk\javafx-sdk-11.0.2\bin\api-ms-win-crt-environment-l1-1-0.dll
0x0000020baaba0000 - 0x0000020baaba3000 	C:\Users\amar\Downloads\javaFX-11.0.2_windows-x64_bin-sdk\javafx-sdk-11.0.2\bin\api-ms-win-crt-filesystem-l1-1-0.dll
0x0000020baabb0000 - 0x0000020baabb3000 	C:\Users\amar\Downloads\javaFX-11.0.2_windows-x64_bin-sdk\javafx-sdk-11.0.2\bin\api-ms-win-crt-heap-l1-1-0.dll
0x0000020baad10000 - 0x0000020baad13000 	C:\Users\amar\Downloads\javaFX-11.0.2_windows-x64_bin-sdk\javafx-sdk-11.0.2\bin\api-ms-win-crt-locale-l1-1-0.dll
0x0000020baabc0000 - 0x0000020baabc5000 	C:\Users\amar\Downloads\javaFX-11.0.2_windows-x64_bin-sdk\javafx-sdk-11.0.2\bin\api-ms-win-crt-math-l1-1-0.dll
0x0000020baabd0000 - 0x0000020baabd5000 	C:\Users\amar\Downloads\javaFX-11.0.2_windows-x64_bin-sdk\javafx-sdk-11.0.2\bin\api-ms-win-crt-multibyte-l1-1-0.dll
0x0000020baabe0000 - 0x0000020baabf0000 	C:\Users\amar\Downloads\javaFX-11.0.2_windows-x64_bin-sdk\javafx-sdk-11.0.2\bin\api-ms-win-crt-private-l1-1-0.dll
0x0000020baabf0000 - 0x0000020baabf3000 	C:\Users\amar\Downloads\javaFX-11.0.2_windows-x64_bin-sdk\javafx-sdk-11.0.2\bin\api-ms-win-crt-process-l1-1-0.dll
0x0000020baac00000 - 0x0000020baac04000 	C:\Users\amar\Downloads\javaFX-11.0.2_windows-x64_bin-sdk\javafx-sdk-11.0.2\bin\api-ms-win-crt-runtime-l1-1-0.dll
0x0000020baac10000 - 0x0000020baac14000 	C:\Users\amar\Downloads\javaFX-11.0.2_windows-x64_bin-sdk\javafx-sdk-11.0.2\bin\api-ms-win-crt-stdio-l1-1-0.dll
0x0000020baac20000 - 0x0000020baac24000 	C:\Users\amar\Downloads\javaFX-11.0.2_windows-x64_bin-sdk\javafx-sdk-11.0.2\bin\api-ms-win-crt-string-l1-1-0.dll
0x0000020baac30000 - 0x0000020baac33000 	C:\Users\amar\Downloads\javaFX-11.0.2_windows-x64_bin-sdk\javafx-sdk-11.0.2\bin\api-ms-win-crt-time-l1-1-0.dll
0x0000020baac40000 - 0x0000020baac43000 	C:\Users\amar\Downloads\javaFX-11.0.2_windows-x64_bin-sdk\javafx-sdk-11.0.2\bin\api-ms-win-crt-utility-l1-1-0.dll
0x00007ffd2e3c0000 - 0x00007ffd2e4ba000 	C:\Users\amar\Downloads\javaFX-11.0.2_windows-x64_bin-sdk\javafx-sdk-11.0.2\bin\ucrtbase.dll
0x00007ffd456a0000 - 0x00007ffd456b6000 	C:\Users\amar\Downloads\javaFX-11.0.2_windows-x64_bin-sdk\javafx-sdk-11.0.2\bin\vcruntime140.dll
0x00007ffd38ec0000 - 0x00007ffd38f66000 	C:\Users\amar\Downloads\javaFX-11.0.2_windows-x64_bin-sdk\javafx-sdk-11.0.2\bin\msvcp140.dll
0x00007ffd39a80000 - 0x00007ffd39ad1000 	C:\Users\amar\Downloads\javaFX-11.0.2_windows-x64_bin-sdk\javafx-sdk-11.0.2\bin\concrt140.dll
0x00007ffd45340000 - 0x00007ffd45363000 	C:\Users\amar\Downloads\javaFX-11.0.2_windows-x64_bin-sdk\javafx-sdk-11.0.2\bin\prism_d3d.dll
0x00007ffd573f0000 - 0x00007ffd575b7000 	C:\WINDOWS\system32\d3d9.dll
0x00007ffd5fec0000 - 0x00007ffd5feed000 	C:\WINDOWS\SYSTEM32\dwmapi.dll
0x00007ffd60390000 - 0x00007ffd603b0000 	C:\WINDOWS\SYSTEM32\dxcore.dll
0x00007ffd5faa0000 - 0x00007ffd5fb39000 	C:\WINDOWS\system32\uxtheme.dll
0x00007ffd5a1f0000 - 0x00007ffd5a2df000 	C:\WINDOWS\System32\DriverStore\FileRepository\nvmdi.inf_amd64_4783970ba93984f3\nvldumdx.dll
0x00007ffd62620000 - 0x00007ffd62769000 	C:\WINDOWS\System32\crypt32.dll
0x00007ffd617d0000 - 0x00007ffd617e2000 	C:\WINDOWS\System32\MSASN1.dll
0x00007ffd5bb30000 - 0x00007ffd5bb5f000 	C:\WINDOWS\SYSTEM32\cryptnet.dll
0x00007ffd61100000 - 0x00007ffd6110c000 	C:\WINDOWS\SYSTEM32\cryptbase.dll
0x00007ffd625c0000 - 0x00007ffd6261c000 	C:\WINDOWS\System32\WINTRUST.DLL
0x00007ffd62a80000 - 0x00007ffd62a9d000 	C:\WINDOWS\System32\imagehlp.dll
0x00007ffd60aa0000 - 0x00007ffd60ad3000 	C:\WINDOWS\system32\rsaenh.dll
0x00007ffd622e0000 - 0x00007ffd62306000 	C:\WINDOWS\System32\bcrypt.dll
0x00007ffd35290000 - 0x00007ffd36797000 	C:\WINDOWS\System32\DriverStore\FileRepository\nvmdi.inf_amd64_4783970ba93984f3\nvd3dumx.dll
0x00007ffd39f40000 - 0x00007ffd39f85000 	C:\Users\amar\Downloads\javaFX-11.0.2_windows-x64_bin-sdk\javafx-sdk-11.0.2\bin\glass.dll
0x00007ffd63360000 - 0x00007ffd63430000 	C:\WINDOWS\System32\COMDLG32.dll
0x00007ffd63a50000 - 0x00007ffd63ba7000 	C:\WINDOWS\System32\ole32.dll
0x00007ffd63ca0000 - 0x00007ffd63d64000 	C:\WINDOWS\System32\OLEAUT32.dll
0x00007ffd630a0000 - 0x00007ffd631d6000 	C:\WINDOWS\System32\MSCTF.dll
0x00007ffd247a0000 - 0x00007ffd24a64000 	C:\WINDOWS\system32\nvspcap64.dll
0x00007ffd60780000 - 0x00007ffd607b1000 	C:\WINDOWS\SYSTEM32\ntmarta.dll
0x00007ffd60340000 - 0x00007ffd60362000 	C:\WINDOWS\SYSTEM32\gpapi.dll
0x00007ffd44ec0000 - 0x00007ffd44ed4000 	C:\Users\amar\Downloads\javaFX-11.0.2_windows-x64_bin-sdk\javafx-sdk-11.0.2\bin\javafx_font.dll
0x00007ffd3fd40000 - 0x00007ffd4003e000 	C:\WINDOWS\SYSTEM32\dwrite.dll
0x00007ffd62aa0000 - 0x00007ffd62b42000 	C:\WINDOWS\System32\clbcatq.dll
0x00007ffd5d110000 - 0x00007ffd5d2bf000 	C:\WINDOWS\SYSTEM32\WindowsCodecs.dll
0x00007ffd3f790000 - 0x00007ffd3f7ca000 	C:\WINDOWS\system32\dataexchange.dll
0x00007ffd5eab0000 - 0x00007ffd5ed0b000 	C:\WINDOWS\system32\d3d11.dll
0x00007ffd5f170000 - 0x00007ffd5f34b000 	C:\WINDOWS\system32\dcomp.dll
0x00007ffd60420000 - 0x00007ffd6050b000 	C:\WINDOWS\system32\dxgi.dll
0x00007ffd5fb60000 - 0x00007ffd5fdba000 	C:\WINDOWS\system32\twinapi.appcore.dll
0x00007ffd5ffd0000 - 0x00007ffd5fff9000 	C:\WINDOWS\system32\RMCLIENT.dll
0x00007ffd43e40000 - 0x00007ffd43e73000 	C:\Program Files\Common Files\Microsoft Shared\Ink\rtscom.dll
0x00007ffd52950000 - 0x00007ffd529ee000 	C:\WINDOWS\System32\TextInputFramework.dll

dbghelp: loaded successfully - version: 4.0.5 - missing functions: none
symbol engine: initialized successfully - sym options: 0x614 - pdb path: .;C:\Program Files\Java\jdk-11.0.5\bin;C:\WINDOWS\SYSTEM32;C:\WINDOWS\WinSxS\amd64_microsoft.windows.common-controls_6595b64144ccf1df_6.0.18362.720_none_e6beb5c51314836b;C:\Program Files\Java\jdk-11.0.5\bin\server;C:\Program Files\JetBrains\IntelliJ IDEA 2019.3.4\bin;C:\Users\amar\Downloads\javaFX-11.0.2_windows-x64_bin-sdk\javafx-sdk-11.0.2\bin;C:\WINDOWS\System32\DriverStore\FileRepository\nvmdi.inf_amd64_4783970ba93984f3;C:\Program Files\Common Files\Microsoft Shared\Ink

VM Arguments:
jvm_args: --module-path=C:\Users\amar\Downloads\javaFX-11.0.2_windows-x64_bin-sdk\javafx-sdk-11.0.2\lib --add-modules=javafx.controls,javafx.fxml --add-modules=javafx.base,javafx.graphics --add-reads=javafx.base=ALL-UNNAMED --add-reads=javafx.graphics=ALL-UNNAMED -javaagent:C:\Program Files\JetBrains\IntelliJ IDEA 2019.3.4\lib\idea_rt.jar=54314:C:\Program Files\JetBrains\IntelliJ IDEA 2019.3.4\bin -Dfile.encoding=UTF-8 
java_command: sample.Main
java_class_path (initial): C:\Users\amar\OneDrive - University Of Houston\University of Houston\2020 Spring UH\CIS 3365 (Database management)\PBC\SchoolKitsApplication\out\production\SchoolKitsPortal;C:\Users\amar\OneDrive - University Of Houston\University of Houston\2020 Spring UH\CIS 3365 (Database management)\PBC\SchoolKitsApplication\library\TrayTester.jar;C:\Users\amar\OneDrive - University Of Houston\University of Houston\2020 Spring UH\CIS 3365 (Database management)\PBC\SchoolKitsApplication\library\javafx.media.jar;C:\Users\amar\OneDrive - University Of Houston\University of Houston\2020 Spring UH\CIS 3365 (Database management)\PBC\SchoolKitsApplication\library\javafx.swing.jar;C:\Users\amar\OneDrive - University Of Houston\University of Houston\2020 Spring UH\CIS 3365 (Database management)\PBC\SchoolKitsApplication\library\jfoenix-9.0.8.jar;C:\Users\amar\OneDrive - University Of Houston\University of Houston\2020 Spring UH\CIS 3365 (Database management)\PBC\SchoolKitsApplication\library\fontawesomefx-8.9.jar;C:\Users\amar\OneDrive - University Of Houston\University of Houston\2020 Spring UH\CIS 3365 (Database management)\PBC\SchoolKitsApplication\library\controlsfx-samples-8.40.13.jar;C:\Users\amar\OneDrive - University Of Houston\University of Houston\2020 Spring UH\CIS 3365 (Database management)\PBC\SchoolKitsApplication\library\javafx.fxml.jar;C:\Users\amar\OneDrive - University Of Houston\University of Houston\2020 Spring UH\CIS 3365 (Database management)\PBC\SchoolKitsApplication\library\javafx.graphics.jar;C:\Users\amar\OneDrive - University Of Houston\University of Houston\2020 Spring UH\CIS 3365 (Database management)\PBC\SchoolKitsApplication\library\javafx.base.jar;C:\Users\amar\OneDrive - University Of Houston\University of Houston\2020 Spring UH\CIS 3365 (Database management)\PBC\SchoolKitsApplication\library\javafx.web.jar;C:\Users\amar\OneDrive - University Of Houston\University of Houston\2020 Spring UH\CIS 3365 (Database management)\PBC\Sc
Launcher Type: SUN_STANDARD

[Global flags]
     intx CICompilerCount                          = 4                                         {product} {ergonomic}
     uint ConcGCThreads                            = 3                                         {product} {ergonomic}
     uint G1ConcRefinementThreads                  = 10                                        {product} {ergonomic}
   size_t G1HeapRegionSize                         = 1048576                                   {product} {ergonomic}
    uintx GCDrainStackTargetSize                   = 64                                        {product} {ergonomic}
   size_t InitialHeapSize                          = 268435456                                 {product} {ergonomic}
   size_t MarkStackSize                            = 4194304                                   {product} {ergonomic}
   size_t MaxHeapSize                              = 4282384384                                {product} {ergonomic}
   size_t MaxNewSize                               = 2569011200                                {product} {ergonomic}
   size_t MinHeapDeltaBytes                        = 1048576                                   {product} {ergonomic}
    uintx NonNMethodCodeHeapSize                   = 5836300                                {pd product} {ergonomic}
    uintx NonProfiledCodeHeapSize                  = 122910970                              {pd product} {ergonomic}
    uintx ProfiledCodeHeapSize                     = 122910970                              {pd product} {ergonomic}
    uintx ReservedCodeCacheSize                    = 251658240                              {pd product} {ergonomic}
     bool SegmentedCodeCache                       = true                                      {product} {ergonomic}
     bool UseCompressedClassPointers               = true                                 {lp64_product} {ergonomic}
     bool UseCompressedOops                        = true                                 {lp64_product} {ergonomic}
     bool UseG1GC                                  = true                                      {product} {ergonomic}
     bool UseLargePagesIndividualAllocation        = false                                  {pd product} {ergonomic}

Logging:
Log output configuration:
 #0: stdout all=warning uptime,level,tags
 #1: stderr all=off uptime,level,tags

Environment Variables:
JAVA_HOME=C:\Users\amar\Downloads\jdk-11.0.6_windows-x64_bin\jdk-11.0.6
CLASSPATH=C:\Users\amar\Apache\Derby\Derby\db-derby-10.15.1.3-bin\lib\derby.jar;C:\Users\amar\Apache\Derby\Derby\db-derby-10.15.1.3-bin\lib\derbytools.jar;C:\Users\amar\Apache\Derby\Derby\db-derby-10.15.1.3-bin\lib\derbyclient.jar;C:\Users\amar\Apache\Derby\Derby\db-derby-10.15.1.3-bin\lib\derbynet.jar;.
PATH=C:\Users\amar\Downloads\jdk-11.0.6_windows-x64_bin\jdk-11.0.6\BIN;C:\Windows\system32;C:\Windows;C:\Windows\System32\Wbem;C:\Windows\System32\WindowsPowerShell\v1.0\;C:\Windows\System32\OpenSSH\;C:\Program Files (x86)\NVIDIA Corporation\PhysX\Common;C:\Program Files\NVIDIA Corporation\NVIDIA NvDLISR;C:\WINDOWS\system32;C:\WINDOWS;C:\WINDOWS\System32\Wbem;C:\WINDOWS\System32\WindowsPowerShell\v1.0\;C:\WINDOWS\System32\OpenSSH\;C:\Program Files\Git\cmd;C:\Users\amar\AppData\Local\Microsoft\WindowsApps;C:\Users\amar\AppData\Local\GitHubDesktop\bin;C:\Program Files\JetBrains\IntelliJ IDEA 2019.3.4\bin;;C:\Users\amar\AppData\Local\Programs\Microsoft VS Code\bin
USERNAME=amar
OS=Windows_NT
PROCESSOR_IDENTIFIER=AMD64 Family 23 Model 8 Stepping 2, AuthenticAMD



---------------  S Y S T E M  ---------------

OS: Windows 10 , 64 bit Build 18362 (10.0.18362.329)

CPU:total 12 (initial active 12) (12 cores per cpu, 2 threads per core) family 23 model 8 stepping 2, cmov, cx8, fxsr, mmx, sse, sse2, sse3, ssse3, sse4.1, sse4.2, popcnt, avx, avx2, aes, clmul, mmxext, 3dnowpref, lzcnt, sse4a, ht, tsc, tscinvbit, tscinv, bmi1, bmi2, adx, sha, fma

Memory: 4k page, system-wide physical 16332M (2702M free)
TotalPageFile size 52468M (AvailPageFile size 15176M)
current process WorkingSet (physical memory assigned to process): 149M, peak: 175M
current process commit charge ("private bytes"): 432M, peak: 459M

vm_info: Java HotSpot(TM) 64-Bit Server VM (11.0.5+10-LTS) for windows-amd64 JRE (11.0.5+10-LTS), built on Oct  6 2019 12:37:14 by "mach5one" with MS VC++ 15.5 (VS2017)

END.
