#
# A fatal error has been detected by the Java Runtime Environment:
#
#  EXCEPTION_ACCESS_VIOLATION (0xc0000005) at pc=0x00007ffd39f505e3, pid=25684, tid=72628
#
# JRE version: Java(TM) SE Runtime Environment (11.0.5+10) (build 11.0.5+10-LTS)
# Java VM: Java HotSpot(TM) 64-Bit Server VM (11.0.5+10-LTS, mixed mode, tiered, compressed oops, g1 gc, windows-amd64)
# Problematic frame:
# C  [glass.dll+0x105e3]
#
# No core dump will be written. Minidumps are not enabled by default on client versions of Windows
#
# If you would like to submit a bug report, please visit:
#   http://bugreport.java.com/bugreport/crash.jsp
# The crash happened outside the Java Virtual Machine in native code.
# See problematic frame for where to report the bug.
#

---------------  S U M M A R Y ------------

Command Line: --module-path=C:\Users\amar\Downloads\javaFX-11.0.2_windows-x64_bin-sdk\javafx-sdk-11.0.2\lib --add-modules=javafx.controls,javafx.fxml --add-modules=javafx.base,javafx.graphics --add-reads=javafx.base=ALL-UNNAMED --add-reads=javafx.graphics=ALL-UNNAMED -javaagent:C:\Program Files\JetBrains\IntelliJ IDEA 2019.3.4\lib\idea_rt.jar=52920:C:\Program Files\JetBrains\IntelliJ IDEA 2019.3.4\bin -Dfile.encoding=UTF-8 sample.Main

Host: AMD Ryzen 5 2600X Six-Core Processor           , 12 cores, 15G,  Windows 10 , 64 bit Build 18362 (10.0.18362.329)
Time: Thu Apr 16 06:55:36 2020 Central Daylight Time elapsed time: 6 seconds (0d 0h 0m 6s)

---------------  T H R E A D  ---------------

Current thread (0x000001c00e38b800):  JavaThread "JavaFX Application Thread" [_thread_in_native, id=72628, stack(0x000000228ca00000,0x000000228cb00000)]

Stack: [0x000000228ca00000,0x000000228cb00000],  sp=0x000000228cafb800,  free space=1006k
Native frames: (J=compiled Java code, j=interpreted, Vv=VM code, C=native code)
C  [glass.dll+0x105e3]

Java frames: (J=compiled Java code, j=interpreted, Vv=VM code)
j  com.sun.glass.ui.win.WinSystemClipboard.popMimesFromSystem()[Ljava/lang/String;+0 javafx.graphics
j  com.sun.glass.ui.win.WinSystemClipboard.mimesFromSystem()[Ljava/lang/String;+10 javafx.graphics
j  com.sun.glass.ui.SystemClipboard.getMimeTypes()[Ljava/lang/String;+16 javafx.graphics
j  com.sun.glass.ui.ClipboardAssistance.getMimeTypes()[Ljava/lang/String;+7 javafx.graphics
j  com.sun.javafx.tk.quantum.QuantumClipboard.hasContent(Ljavafx/scene/input/DataFormat;)Z+69 javafx.graphics
j  javafx.scene.input.Clipboard.hasContent(Ljavafx/scene/input/DataFormat;)Z+11 javafx.graphics
j  javafx.scene.input.Clipboard.hasString()Z+4 javafx.graphics
j  javafx.scene.control.TextInputControl.paste()V+5 javafx.controls
j  com.sun.javafx.scene.control.behavior.TextInputControlBehavior.paste()V+12 javafx.controls
j  com.sun.javafx.scene.control.behavior.TextInputControlBehavior.lambda$new$20(Ljavafx/scene/input/KeyEvent;)V+1 javafx.controls
j  com.sun.javafx.scene.control.behavior.TextInputControlBehavior$$Lambda$268.handle(Ljavafx/event/Event;)V+8 javafx.controls
j  com.sun.javafx.scene.control.behavior.TextInputControlBehavior.lambda$keyMapping$62(Ljavafx/event/EventHandler;Ljavafx/scene/input/KeyEvent;)V+7 javafx.controls
j  com.sun.javafx.scene.control.behavior.TextInputControlBehavior$$Lambda$251.handle(Ljavafx/event/Event;)V+12 javafx.controls
j  com.sun.javafx.scene.control.inputmap.InputMap.handle(Ljavafx/event/Event;)V+61 javafx.controls
j  com.sun.javafx.scene.control.inputmap.InputMap$$Lambda$293.handle(Ljavafx/event/Event;)V+5 javafx.controls
j  com.sun.javafx.event.CompositeEventHandler$NormalEventHandlerRecord.handleBubblingEvent(Ljavafx/event/Event;)V+5 javafx.base
j  com.sun.javafx.event.CompositeEventHandler.dispatchBubblingEvent(Ljavafx/event/Event;)V+28 javafx.base
J 2455 c1 com.sun.javafx.event.EventHandlerManager.dispatchBubblingEvent(Ljavafx/event/Event;)Ljavafx/event/Event; javafx.base (23 bytes) @ 0x000001c070e67b04 [0x000001c070e674c0+0x0000000000000644]
J 2435 c1 com.sun.javafx.event.CompositeEventDispatcher.dispatchBubblingEvent(Ljavafx/event/Event;)Ljavafx/event/Event; javafx.base (35 bytes) @ 0x000001c070e5f44c [0x000001c070e5f280+0x00000000000001cc]
J 2433 c1 com.sun.javafx.event.BasicEventDispatcher.dispatchEvent(Ljavafx/event/Event;Ljavafx/event/EventDispatchChain;)Ljavafx/event/Event; javafx.base (44 bytes) @ 0x000001c070e5fddc [0x000001c070e5fa80+0x000000000000035c]
J 2381 c1 com.sun.javafx.event.EventDispatchChainImpl.dispatchEvent(Ljavafx/event/Event;)Ljavafx/event/Event; javafx.base (101 bytes) @ 0x000001c070e509a4 [0x000001c070e507e0+0x00000000000001c4]
J 2433 c1 com.sun.javafx.event.BasicEventDispatcher.dispatchEvent(Ljavafx/event/Event;Ljavafx/event/EventDispatchChain;)Ljavafx/event/Event; javafx.base (44 bytes) @ 0x000001c070e5fcec [0x000001c070e5fa80+0x000000000000026c]
J 2381 c1 com.sun.javafx.event.EventDispatchChainImpl.dispatchEvent(Ljavafx/event/Event;)Ljavafx/event/Event; javafx.base (101 bytes) @ 0x000001c070e509a4 [0x000001c070e507e0+0x00000000000001c4]
J 2433 c1 com.sun.javafx.event.BasicEventDispatcher.dispatchEvent(Ljavafx/event/Event;Ljavafx/event/EventDispatchChain;)Ljavafx/event/Event; javafx.base (44 bytes) @ 0x000001c070e5fcec [0x000001c070e5fa80+0x000000000000026c]
J 2381 c1 com.sun.javafx.event.EventDispatchChainImpl.dispatchEvent(Ljavafx/event/Event;)Ljavafx/event/Event; javafx.base (101 bytes) @ 0x000001c070e509a4 [0x000001c070e507e0+0x00000000000001c4]
J 2533 c1 com.sun.javafx.event.EventUtil.fireEventImpl(Ljavafx/event/EventDispatchChain;Ljavafx/event/EventTarget;Ljavafx/event/Event;)Ljavafx/event/Event; javafx.base (16 bytes) @ 0x000001c070e962c4 [0x000001c070e96160+0x0000000000000164]
j  com.sun.javafx.event.EventUtil.fireEvent(Ljavafx/event/EventTarget;Ljavafx/event/Event;)Ljavafx/event/Event;+46 javafx.base
j  javafx.event.Event.fireEvent(Ljavafx/event/EventTarget;Ljavafx/event/Event;)V+30 javafx.base
j  javafx.scene.Scene$KeyHandler.process(Ljavafx/scene/input/KeyEvent;)V+34 javafx.graphics
j  javafx.scene.Scene$KeyHandler.access$1500(Ljavafx/scene/Scene$KeyHandler;Ljavafx/scene/input/KeyEvent;)V+2 javafx.graphics
j  javafx.scene.Scene.processKeyEvent(Ljavafx/scene/input/KeyEvent;)V+28 javafx.graphics
j  javafx.scene.Scene$ScenePeerListener.keyEvent(Ljavafx/scene/input/KeyEvent;)V+5 javafx.graphics
j  com.sun.javafx.tk.quantum.GlassViewEventHandler$KeyEventNotification.run()Ljava/lang/Void;+357 javafx.graphics
j  com.sun.javafx.tk.quantum.GlassViewEventHandler$KeyEventNotification.run()Ljava/lang/Object;+1 javafx.graphics
v  ~StubRoutines::call_stub
J 2369  java.security.AccessController.doPrivileged(Ljava/security/PrivilegedAction;Ljava/security/AccessControlContext;)Ljava/lang/Object; java.base@11.0.5 (0 bytes) @ 0x000001c078037936 [0x000001c0780378c0+0x0000000000000076]
j  com.sun.javafx.tk.quantum.GlassViewEventHandler.lambda$handleKeyEvent$1()Ljava/lang/Void;+11 javafx.graphics
j  com.sun.javafx.tk.quantum.GlassViewEventHandler$$Lambda$525.get()Ljava/lang/Object;+4 javafx.graphics
J 2532 c1 com.sun.javafx.tk.quantum.QuantumToolkit.runWithoutRenderLock(Ljava/util/function/Supplier;)Ljava/lang/Object; javafx.graphics (49 bytes) @ 0x000001c070e95014 [0x000001c070e94c40+0x00000000000003d4]
j  com.sun.javafx.tk.quantum.GlassViewEventHandler.handleKeyEvent(Lcom/sun/glass/ui/View;JII[CI)V+58 javafx.graphics
j  com.sun.glass.ui.View.handleKeyEvent(JII[CI)V+20 javafx.graphics
j  com.sun.glass.ui.View.notifyKey(II[CI)V+9 javafx.graphics
v  ~StubRoutines::call_stub
j  com.sun.glass.ui.win.WinApplication._runLoop(Ljava/lang/Runnable;)V+0 javafx.graphics
j  com.sun.glass.ui.win.WinApplication.lambda$runLoop$3(ILjava/lang/Runnable;)V+8 javafx.graphics
j  com.sun.glass.ui.win.WinApplication$$Lambda$89.run()V+12 javafx.graphics
j  java.lang.Thread.run()V+11 java.base@11.0.5
v  ~StubRoutines::call_stub

siginfo: EXCEPTION_ACCESS_VIOLATION (0xc0000005), reading address 0x000001c00eb3f0cc


Register to memory mapping:

RIP=0x00007ffd39f505e3 glass.dll
RAX=0x000000000000014c is an unknown value
RBX=0x000000000000059a is an unknown value
RCX=0x000001c0666d0000 points into unknown readable memory: 00 00 00 00 00 00 00 00
RDX=0x000001c0666d0000 points into unknown readable memory: 00 00 00 00 00 00 00 00
RSP=0x000000228cafb800 is pointing into the stack for thread: 0x000001c00e38b800
RBP=0x0 is NULL
RSI=0x000001c00eacad10 points into unknown readable memory: 43 00 3a 00 5c 00 55 00
RDI=0x0 is NULL
R8 =0x000001c0667d2ac0 points into unknown readable memory: d0 0e 7d 66 c0 01 00 00
R9 =0x0000000000000001 is an unknown value
R10=0x0000000000008000 is an unknown value
R11=0x000000228cafb760 is pointing into the stack for thread: 0x000001c00e38b800
R12=0x0 is NULL
R13=0x000000000000059a is an unknown value
R14=0x000001c00d37aae0 points into unknown readable memory: 00 00 00 00 00 00 00 00
R15=0x00000000000743b8 is an unknown value


Registers:
RAX=0x000000000000014c, RBX=0x000000000000059a, RCX=0x000001c0666d0000, RDX=0x000001c0666d0000
RSP=0x000000228cafb800, RBP=0x0000000000000000, RSI=0x000001c00eacad10, RDI=0x0000000000000000
R8 =0x000001c0667d2ac0, R9 =0x0000000000000001, R10=0x0000000000008000, R11=0x000000228cafb760
R12=0x0000000000000000, R13=0x000000000000059a, R14=0x000001c00d37aae0, R15=0x00000000000743b8
RIP=0x00007ffd39f505e3, EFLAGS=0x0000000000010202

Top of Stack: (sp=0x000000228cafb800)
0x000000228cafb800:   000000000000059a 0000000000000000
0x000000228cafb810:   000001c00d37b2a0 000001c00d37b8c0
0x000000228cafb820:   000000008cafbc00 00007ffd00000001
0x000000228cafb830:   000001c00eb843a0 000001c00d37b2a0
0x000000228cafb840:   000001c00000059a 0000000000000000
0x000000228cafb850:   000001c00eacad10 0000000000000000
0x000000228cafb860:   000001c00d37b3e0 000001c00d37aae0
0x000000228cafb870:   000001c00d37aae0 0000000000000000
0x000000228cafb880:   3f80000000000000 000001c00eb84680
0x000000228cafb890:   00000000000005a0 000001c00d055500
0x000000228cafb8a0:   000001c00d05d500 000001c00d05d500
0x000000228cafb8b0:   00000000000007ff 0000000000000800
0x000000228cafb8c0:   000001c00d37aae0 000001c00eb84600
0x000000228cafb8d0:   000001c00eb84220 000001c00eb84220
0x000000228cafb8e0:   0000000000000000 0000000000000000
0x000000228cafb8f0:   0000000000000000 0000000000000000 

Instructions: (pc=0x00007ffd39f505e3)
0x00007ffd39f505c3:   44 8b eb 41 bf 50 02 00 00 83 7c 24 28 00 b8 4c
0x00007ffd39f505d3:   01 00 00 44 0f 45 f8 4d 0f af fd 48 8b 74 24 50
0x00007ffd39f505e3:   41 f6 44 37 04 40 0f 84 f8 01 00 00 41 8b 44 37
0x00007ffd39f505f3:   48 89 84 24 10 01 00 00 41 8b 44 37 44 89 84 24 


Stack slot to memory mapping:
stack at sp + 0 slots: 0x000000000000059a is an unknown value
stack at sp + 1 slots: 0x0 is NULL
stack at sp + 2 slots: 0x000001c00d37b2a0 points into unknown readable memory: d8 08 3f 0f c0 01 00 00
stack at sp + 3 slots: 0x000001c00d37b8c0 points into unknown readable memory: 00 00 00 00 00 00 00 00
stack at sp + 4 slots: 0x000000008cafbc00 is an unknown value
stack at sp + 5 slots: 0x00007ffd00000001 is an unknown value
stack at sp + 6 slots: 0x000001c00eb843a0 points into unknown readable memory: 00 ad 37 0d c0 01 00 00
stack at sp + 7 slots: 0x000001c00d37b2a0 points into unknown readable memory: d8 08 3f 0f c0 01 00 00


---------------  P R O C E S S  ---------------

Threads class SMR info:
_java_thread_list=0x000001c00e3f4320, length=18, elements={
0x000001c0668dd000, 0x000001c00c664000, 0x000001c00c669800, 0x000001c00cf65800,
0x000001c00cf66800, 0x000001c00cf68000, 0x000001c00cf77800, 0x000001c00cf79000,
0x000001c00d0f8000, 0x000001c00d3aa800, 0x000001c00e179000, 0x000001c00d145800,
0x000001c00eaf0800, 0x000001c00e38b800, 0x000001c00d77b000, 0x000001c00f1af800,
0x000001c00fa72000, 0x000001c01746f000
}

Java Threads: ( => current thread )
  0x000001c0668dd000 JavaThread "main" [_thread_blocked, id=51128, stack(0x000000228b300000,0x000000228b400000)]
  0x000001c00c664000 JavaThread "Reference Handler" daemon [_thread_blocked, id=16112, stack(0x000000228ba00000,0x000000228bb00000)]
  0x000001c00c669800 JavaThread "Finalizer" daemon [_thread_blocked, id=63148, stack(0x000000228bb00000,0x000000228bc00000)]
  0x000001c00cf65800 JavaThread "Signal Dispatcher" daemon [_thread_blocked, id=83100, stack(0x000000228bc00000,0x000000228bd00000)]
  0x000001c00cf66800 JavaThread "Attach Listener" daemon [_thread_blocked, id=11960, stack(0x000000228bd00000,0x000000228be00000)]
  0x000001c00cf68000 JavaThread "C2 CompilerThread0" daemon [_thread_blocked, id=87764, stack(0x000000228be00000,0x000000228bf00000)]
  0x000001c00cf77800 JavaThread "C1 CompilerThread0" daemon [_thread_blocked, id=13164, stack(0x000000228bf00000,0x000000228c000000)]
  0x000001c00cf79000 JavaThread "Sweeper thread" daemon [_thread_blocked, id=33648, stack(0x000000228c000000,0x000000228c100000)]
  0x000001c00d0f8000 JavaThread "Common-Cleaner" daemon [_thread_blocked, id=38380, stack(0x000000228c100000,0x000000228c200000)]
  0x000001c00d3aa800 JavaThread "Monitor Ctrl-Break" daemon [_thread_in_native, id=74436, stack(0x000000228c400000,0x000000228c500000)]
  0x000001c00e179000 JavaThread "Service Thread" daemon [_thread_blocked, id=81264, stack(0x000000228c500000,0x000000228c600000)]
  0x000001c00d145800 JavaThread "QuantumRenderer-0" daemon [_thread_blocked, id=14540, stack(0x000000228c700000,0x000000228c800000)]
  0x000001c00eaf0800 JavaThread "InvokeLaterDispatcher" daemon [_thread_blocked, id=46984, stack(0x000000228c900000,0x000000228ca00000)]
=>0x000001c00e38b800 JavaThread "JavaFX Application Thread" [_thread_in_native, id=72628, stack(0x000000228ca00000,0x000000228cb00000)]
  0x000001c00d77b000 JavaThread "JavaFX-Launcher" [_thread_blocked, id=54316, stack(0x000000228cd50000,0x000000228ce50000)]
  0x000001c00f1af800 JavaThread "Thread-2" daemon [_thread_in_native, id=53824, stack(0x000000228cc50000,0x000000228cd50000)]
  0x000001c00fa72000 JavaThread "Prism Font Disposer" daemon [_thread_blocked, id=13636, stack(0x000000228d850000,0x000000228d950000)]
  0x000001c01746f000 JavaThread "Cleaner-0" daemon [_thread_blocked, id=86220, stack(0x000000228d950000,0x000000228da50000)]

Other Threads:
  0x000001c00c661000 VMThread "VM Thread" [stack: 0x000000228b900000,0x000000228ba00000] [id=8644]
  0x000001c00e007000 WatcherThread [stack: 0x000000228c600000,0x000000228c700000] [id=11540]
  0x000001c0668f6000 GCTaskThread "GC Thread#0" [stack: 0x000000228b400000,0x000000228b500000] [id=58300]
  0x000001c00f042800 GCTaskThread "GC Thread#1" [stack: 0x000000228ce50000,0x000000228cf50000] [id=43460]
  0x000001c00e6fe000 GCTaskThread "GC Thread#2" [stack: 0x000000228cf50000,0x000000228d050000] [id=33104]
  0x000001c00e984000 GCTaskThread "GC Thread#3" [stack: 0x000000228d050000,0x000000228d150000] [id=80228]
  0x000001c00d544000 GCTaskThread "GC Thread#4" [stack: 0x000000228d150000,0x000000228d250000] [id=46484]
  0x000001c00ded5800 GCTaskThread "GC Thread#5" [stack: 0x000000228d250000,0x000000228d350000] [id=43336]
  0x000001c066956000 ConcurrentGCThread "G1 Main Marker" [stack: 0x000000228b500000,0x000000228b600000] [id=75896]
  0x000001c066957000 ConcurrentGCThread "G1 Conc#0" [stack: 0x000000228b600000,0x000000228b700000] [id=83196]
  0x000001c00fa8e800 ConcurrentGCThread "G1 Conc#1" [stack: 0x000000228d650000,0x000000228d750000] [id=43980]
  0x000001c00fa8f800 ConcurrentGCThread "G1 Conc#2" [stack: 0x000000228d750000,0x000000228d850000] [id=26016]
  0x000001c00c54b000 ConcurrentGCThread "G1 Refine#0" [stack: 0x000000228b700000,0x000000228b800000] [id=35356]
  0x000001c00c54c000 ConcurrentGCThread "G1 Young RemSet Sampling" [stack: 0x000000228b800000,0x000000228b900000] [id=58120]

Threads with active compile tasks:

VM state:not at safepoint (normal execution)

VM Mutex/Monitor currently owned by a thread: None

Heap address: 0x0000000700c00000, size: 4084 MB, Compressed Oops mode: Zero based, Oop shift amount: 3
Narrow klass base: 0x0000000800000000, Narrow klass shift: 0
Compressed class space size: 1073741824 Address: 0x0000000800000000

Heap:
 garbage-first heap   total 262144K, used 26501K [0x0000000700c00000, 0x0000000800000000)
  region size 1024K, 24 young (24576K), 7 survivors (7168K)
 Metaspace       used 25240K, capacity 26167K, committed 26288K, reserved 1071104K
  class space    used 3257K, capacity 3659K, committed 3760K, reserved 1048576K
Heap Regions: E=young(eden), S=young(survivor), O=old, HS=humongous(starts), HC=humongous(continues), CS=collection set, F=free, A=archive, TAMS=top-at-mark-start (previous, next)
|   0|0x0000000700c00000, 0x0000000700d00000, 0x0000000700d00000|100%| O|  |TAMS 0x0000000700d00000, 0x0000000700c00000| Untracked 
|   1|0x0000000700d00000, 0x0000000700d44600, 0x0000000700e00000| 26%| O|  |TAMS 0x0000000700d44600, 0x0000000700d00000| Untracked 
|   2|0x0000000700e00000, 0x0000000700f00000, 0x0000000700f00000|100%|HS|  |TAMS 0x0000000700e00000, 0x0000000700e00000| Complete 
|   3|0x0000000700f00000, 0x0000000701000000, 0x0000000701000000|100%|HC|  |TAMS 0x0000000700f00000, 0x0000000700f00000| Complete 
|   4|0x0000000701000000, 0x0000000701000000, 0x0000000701100000|  0%| F|  |TAMS 0x0000000701000000, 0x0000000701000000| Untracked 
|   5|0x0000000701100000, 0x0000000701100000, 0x0000000701200000|  0%| F|  |TAMS 0x0000000701100000, 0x0000000701100000| Untracked 
|   6|0x0000000701200000, 0x0000000701200000, 0x0000000701300000|  0%| F|  |TAMS 0x0000000701200000, 0x0000000701200000| Untracked 
|   7|0x0000000701300000, 0x0000000701300000, 0x0000000701400000|  0%| F|  |TAMS 0x0000000701300000, 0x0000000701300000| Untracked 
|   8|0x0000000701400000, 0x0000000701400000, 0x0000000701500000|  0%| F|  |TAMS 0x0000000701400000, 0x0000000701400000| Untracked 
|   9|0x0000000701500000, 0x0000000701500000, 0x0000000701600000|  0%| F|  |TAMS 0x0000000701500000, 0x0000000701500000| Untracked 
|  10|0x0000000701600000, 0x0000000701600000, 0x0000000701700000|  0%| F|  |TAMS 0x0000000701600000, 0x0000000701600000| Untracked 
|  11|0x0000000701700000, 0x0000000701700000, 0x0000000701800000|  0%| F|  |TAMS 0x0000000701700000, 0x0000000701700000| Untracked 
|  12|0x0000000701800000, 0x0000000701800000, 0x0000000701900000|  0%| F|  |TAMS 0x0000000701800000, 0x0000000701800000| Untracked 
|  13|0x0000000701900000, 0x0000000701900000, 0x0000000701a00000|  0%| F|  |TAMS 0x0000000701900000, 0x0000000701900000| Untracked 
|  14|0x0000000701a00000, 0x0000000701a00000, 0x0000000701b00000|  0%| F|  |TAMS 0x0000000701a00000, 0x0000000701a00000| Untracked 
|  15|0x0000000701b00000, 0x0000000701b00000, 0x0000000701c00000|  0%| F|  |TAMS 0x0000000701b00000, 0x0000000701b00000| Untracked 
|  16|0x0000000701c00000, 0x0000000701c00000, 0x0000000701d00000|  0%| F|  |TAMS 0x0000000701c00000, 0x0000000701c00000| Untracked 
|  17|0x0000000701d00000, 0x0000000701d00000, 0x0000000701e00000|  0%| F|  |TAMS 0x0000000701d00000, 0x0000000701d00000| Untracked 
|  18|0x0000000701e00000, 0x0000000701e00000, 0x0000000701f00000|  0%| F|  |TAMS 0x0000000701e00000, 0x0000000701e00000| Untracked 
|  19|0x0000000701f00000, 0x0000000701f00000, 0x0000000702000000|  0%| F|  |TAMS 0x0000000701f00000, 0x0000000701f00000| Untracked 
|  20|0x0000000702000000, 0x0000000702000000, 0x0000000702100000|  0%| F|  |TAMS 0x0000000702000000, 0x0000000702000000| Untracked 
|  21|0x0000000702100000, 0x0000000702100000, 0x0000000702200000|  0%| F|  |TAMS 0x0000000702100000, 0x0000000702100000| Untracked 
|  22|0x0000000702200000, 0x0000000702200000, 0x0000000702300000|  0%| F|  |TAMS 0x0000000702200000, 0x0000000702200000| Untracked 
|  23|0x0000000702300000, 0x0000000702300000, 0x0000000702400000|  0%| F|  |TAMS 0x0000000702300000, 0x0000000702300000| Untracked 
|  24|0x0000000702400000, 0x0000000702400000, 0x0000000702500000|  0%| F|  |TAMS 0x0000000702400000, 0x0000000702400000| Untracked 
|  25|0x0000000702500000, 0x0000000702500000, 0x0000000702600000|  0%| F|  |TAMS 0x0000000702500000, 0x0000000702500000| Untracked 
|  26|0x0000000702600000, 0x0000000702600000, 0x0000000702700000|  0%| F|  |TAMS 0x0000000702600000, 0x0000000702600000| Untracked 
|  27|0x0000000702700000, 0x0000000702700000, 0x0000000702800000|  0%| F|  |TAMS 0x0000000702700000, 0x0000000702700000| Untracked 
|  28|0x0000000702800000, 0x0000000702800000, 0x0000000702900000|  0%| F|  |TAMS 0x0000000702800000, 0x0000000702800000| Untracked 
|  29|0x0000000702900000, 0x0000000702900000, 0x0000000702a00000|  0%| F|  |TAMS 0x0000000702900000, 0x0000000702900000| Untracked 
|  30|0x0000000702a00000, 0x0000000702a00000, 0x0000000702b00000|  0%| F|  |TAMS 0x0000000702a00000, 0x0000000702a00000| Untracked 
|  31|0x0000000702b00000, 0x0000000702b00000, 0x0000000702c00000|  0%| F|  |TAMS 0x0000000702b00000, 0x0000000702b00000| Untracked 
|  32|0x0000000702c00000, 0x0000000702c00000, 0x0000000702d00000|  0%| F|  |TAMS 0x0000000702c00000, 0x0000000702c00000| Untracked 
|  33|0x0000000702d00000, 0x0000000702d00000, 0x0000000702e00000|  0%| F|  |TAMS 0x0000000702d00000, 0x0000000702d00000| Untracked 
|  34|0x0000000702e00000, 0x0000000702e00000, 0x0000000702f00000|  0%| F|  |TAMS 0x0000000702e00000, 0x0000000702e00000| Untracked 
|  35|0x0000000702f00000, 0x0000000702f00000, 0x0000000703000000|  0%| F|  |TAMS 0x0000000702f00000, 0x0000000702f00000| Untracked 
|  36|0x0000000703000000, 0x0000000703000000, 0x0000000703100000|  0%| F|  |TAMS 0x0000000703000000, 0x0000000703000000| Untracked 
|  37|0x0000000703100000, 0x0000000703100000, 0x0000000703200000|  0%| F|  |TAMS 0x0000000703100000, 0x0000000703100000| Untracked 
|  38|0x0000000703200000, 0x0000000703200000, 0x0000000703300000|  0%| F|  |TAMS 0x0000000703200000, 0x0000000703200000| Untracked 
|  39|0x0000000703300000, 0x0000000703300000, 0x0000000703400000|  0%| F|  |TAMS 0x0000000703300000, 0x0000000703300000| Untracked 
|  40|0x0000000703400000, 0x0000000703400000, 0x0000000703500000|  0%| F|  |TAMS 0x0000000703400000, 0x0000000703400000| Untracked 
|  41|0x0000000703500000, 0x0000000703500000, 0x0000000703600000|  0%| F|  |TAMS 0x0000000703500000, 0x0000000703500000| Untracked 
|  42|0x0000000703600000, 0x0000000703600000, 0x0000000703700000|  0%| F|  |TAMS 0x0000000703600000, 0x0000000703600000| Untracked 
|  43|0x0000000703700000, 0x0000000703700000, 0x0000000703800000|  0%| F|  |TAMS 0x0000000703700000, 0x0000000703700000| Untracked 
|  44|0x0000000703800000, 0x0000000703800000, 0x0000000703900000|  0%| F|  |TAMS 0x0000000703800000, 0x0000000703800000| Untracked 
|  45|0x0000000703900000, 0x0000000703900000, 0x0000000703a00000|  0%| F|  |TAMS 0x0000000703900000, 0x0000000703900000| Untracked 
|  46|0x0000000703a00000, 0x0000000703a00000, 0x0000000703b00000|  0%| F|  |TAMS 0x0000000703a00000, 0x0000000703a00000| Untracked 
|  47|0x0000000703b00000, 0x0000000703b00000, 0x0000000703c00000|  0%| F|  |TAMS 0x0000000703b00000, 0x0000000703b00000| Untracked 
|  48|0x0000000703c00000, 0x0000000703c00000, 0x0000000703d00000|  0%| F|  |TAMS 0x0000000703c00000, 0x0000000703c00000| Untracked 
|  49|0x0000000703d00000, 0x0000000703d00000, 0x0000000703e00000|  0%| F|  |TAMS 0x0000000703d00000, 0x0000000703d00000| Untracked 
|  50|0x0000000703e00000, 0x0000000703e00000, 0x0000000703f00000|  0%| F|  |TAMS 0x0000000703e00000, 0x0000000703e00000| Untracked 
|  51|0x0000000703f00000, 0x0000000703f00000, 0x0000000704000000|  0%| F|  |TAMS 0x0000000703f00000, 0x0000000703f00000| Untracked 
|  52|0x0000000704000000, 0x0000000704000000, 0x0000000704100000|  0%| F|  |TAMS 0x0000000704000000, 0x0000000704000000| Untracked 
|  53|0x0000000704100000, 0x0000000704100000, 0x0000000704200000|  0%| F|  |TAMS 0x0000000704100000, 0x0000000704100000| Untracked 
|  54|0x0000000704200000, 0x0000000704200000, 0x0000000704300000|  0%| F|  |TAMS 0x0000000704200000, 0x0000000704200000| Untracked 
|  55|0x0000000704300000, 0x0000000704300000, 0x0000000704400000|  0%| F|  |TAMS 0x0000000704300000, 0x0000000704300000| Untracked 
|  56|0x0000000704400000, 0x0000000704400000, 0x0000000704500000|  0%| F|  |TAMS 0x0000000704400000, 0x0000000704400000| Untracked 
|  57|0x0000000704500000, 0x0000000704500000, 0x0000000704600000|  0%| F|  |TAMS 0x0000000704500000, 0x0000000704500000| Untracked 
|  58|0x0000000704600000, 0x0000000704600000, 0x0000000704700000|  0%| F|  |TAMS 0x0000000704600000, 0x0000000704600000| Untracked 
|  59|0x0000000704700000, 0x0000000704700000, 0x0000000704800000|  0%| F|  |TAMS 0x0000000704700000, 0x0000000704700000| Untracked 
|  60|0x0000000704800000, 0x0000000704800000, 0x0000000704900000|  0%| F|  |TAMS 0x0000000704800000, 0x0000000704800000| Untracked 
|  61|0x0000000704900000, 0x0000000704900000, 0x0000000704a00000|  0%| F|  |TAMS 0x0000000704900000, 0x0000000704900000| Untracked 
|  62|0x0000000704a00000, 0x0000000704a00000, 0x0000000704b00000|  0%| F|  |TAMS 0x0000000704a00000, 0x0000000704a00000| Untracked 
|  63|0x0000000704b00000, 0x0000000704b00000, 0x0000000704c00000|  0%| F|  |TAMS 0x0000000704b00000, 0x0000000704b00000| Untracked 
|  64|0x0000000704c00000, 0x0000000704c00000, 0x0000000704d00000|  0%| F|  |TAMS 0x0000000704c00000, 0x0000000704c00000| Untracked 
|  65|0x0000000704d00000, 0x0000000704d00000, 0x0000000704e00000|  0%| F|  |TAMS 0x0000000704d00000, 0x0000000704d00000| Untracked 
|  66|0x0000000704e00000, 0x0000000704e00000, 0x0000000704f00000|  0%| F|  |TAMS 0x0000000704e00000, 0x0000000704e00000| Untracked 
|  67|0x0000000704f00000, 0x0000000704f00000, 0x0000000705000000|  0%| F|  |TAMS 0x0000000704f00000, 0x0000000704f00000| Untracked 
|  68|0x0000000705000000, 0x0000000705000000, 0x0000000705100000|  0%| F|  |TAMS 0x0000000705000000, 0x0000000705000000| Untracked 
|  69|0x0000000705100000, 0x0000000705100000, 0x0000000705200000|  0%| F|  |TAMS 0x0000000705100000, 0x0000000705100000| Untracked 
|  70|0x0000000705200000, 0x0000000705200000, 0x0000000705300000|  0%| F|  |TAMS 0x0000000705200000, 0x0000000705200000| Untracked 
|  71|0x0000000705300000, 0x0000000705300000, 0x0000000705400000|  0%| F|  |TAMS 0x0000000705300000, 0x0000000705300000| Untracked 
|  72|0x0000000705400000, 0x0000000705400000, 0x0000000705500000|  0%| F|  |TAMS 0x0000000705400000, 0x0000000705400000| Untracked 
|  73|0x0000000705500000, 0x0000000705500000, 0x0000000705600000|  0%| F|  |TAMS 0x0000000705500000, 0x0000000705500000| Untracked 
|  74|0x0000000705600000, 0x0000000705600000, 0x0000000705700000|  0%| F|  |TAMS 0x0000000705600000, 0x0000000705600000| Untracked 
|  75|0x0000000705700000, 0x0000000705700000, 0x0000000705800000|  0%| F|  |TAMS 0x0000000705700000, 0x0000000705700000| Untracked 
|  76|0x0000000705800000, 0x0000000705800000, 0x0000000705900000|  0%| F|  |TAMS 0x0000000705800000, 0x0000000705800000| Untracked 
|  77|0x0000000705900000, 0x0000000705900000, 0x0000000705a00000|  0%| F|  |TAMS 0x0000000705900000, 0x0000000705900000| Untracked 
|  78|0x0000000705a00000, 0x0000000705a00000, 0x0000000705b00000|  0%| F|  |TAMS 0x0000000705a00000, 0x0000000705a00000| Untracked 
|  79|0x0000000705b00000, 0x0000000705b00000, 0x0000000705c00000|  0%| F|  |TAMS 0x0000000705b00000, 0x0000000705b00000| Untracked 
|  80|0x0000000705c00000, 0x0000000705c00000, 0x0000000705d00000|  0%| F|  |TAMS 0x0000000705c00000, 0x0000000705c00000| Untracked 
|  81|0x0000000705d00000, 0x0000000705d00000, 0x0000000705e00000|  0%| F|  |TAMS 0x0000000705d00000, 0x0000000705d00000| Untracked 
|  82|0x0000000705e00000, 0x0000000705e00000, 0x0000000705f00000|  0%| F|  |TAMS 0x0000000705e00000, 0x0000000705e00000| Untracked 
|  83|0x0000000705f00000, 0x0000000705f00000, 0x0000000706000000|  0%| F|  |TAMS 0x0000000705f00000, 0x0000000705f00000| Untracked 
|  84|0x0000000706000000, 0x0000000706000000, 0x0000000706100000|  0%| F|  |TAMS 0x0000000706000000, 0x0000000706000000| Untracked 
|  85|0x0000000706100000, 0x0000000706100000, 0x0000000706200000|  0%| F|  |TAMS 0x0000000706100000, 0x0000000706100000| Untracked 
|  86|0x0000000706200000, 0x0000000706200000, 0x0000000706300000|  0%| F|  |TAMS 0x0000000706200000, 0x0000000706200000| Untracked 
|  87|0x0000000706300000, 0x0000000706300000, 0x0000000706400000|  0%| F|  |TAMS 0x0000000706300000, 0x0000000706300000| Untracked 
|  88|0x0000000706400000, 0x0000000706400000, 0x0000000706500000|  0%| F|  |TAMS 0x0000000706400000, 0x0000000706400000| Untracked 
|  89|0x0000000706500000, 0x0000000706500000, 0x0000000706600000|  0%| F|  |TAMS 0x0000000706500000, 0x0000000706500000| Untracked 
|  90|0x0000000706600000, 0x0000000706600000, 0x0000000706700000|  0%| F|  |TAMS 0x0000000706600000, 0x0000000706600000| Untracked 
|  91|0x0000000706700000, 0x0000000706700000, 0x0000000706800000|  0%| F|  |TAMS 0x0000000706700000, 0x0000000706700000| Untracked 
|  92|0x0000000706800000, 0x0000000706800000, 0x0000000706900000|  0%| F|  |TAMS 0x0000000706800000, 0x0000000706800000| Untracked 
|  93|0x0000000706900000, 0x0000000706900000, 0x0000000706a00000|  0%| F|  |TAMS 0x0000000706900000, 0x0000000706900000| Untracked 
|  94|0x0000000706a00000, 0x0000000706a00000, 0x0000000706b00000|  0%| F|  |TAMS 0x0000000706a00000, 0x0000000706a00000| Untracked 
|  95|0x0000000706b00000, 0x0000000706b00000, 0x0000000706c00000|  0%| F|  |TAMS 0x0000000706b00000, 0x0000000706b00000| Untracked 
|  96|0x0000000706c00000, 0x0000000706c00000, 0x0000000706d00000|  0%| F|  |TAMS 0x0000000706c00000, 0x0000000706c00000| Untracked 
|  97|0x0000000706d00000, 0x0000000706d00000, 0x0000000706e00000|  0%| F|  |TAMS 0x0000000706d00000, 0x0000000706d00000| Untracked 
|  98|0x0000000706e00000, 0x0000000706e00000, 0x0000000706f00000|  0%| F|  |TAMS 0x0000000706e00000, 0x0000000706e00000| Untracked 
|  99|0x0000000706f00000, 0x0000000706f00000, 0x0000000707000000|  0%| F|  |TAMS 0x0000000706f00000, 0x0000000706f00000| Untracked 
| 100|0x0000000707000000, 0x0000000707000000, 0x0000000707100000|  0%| F|  |TAMS 0x0000000707000000, 0x0000000707000000| Untracked 
| 101|0x0000000707100000, 0x0000000707100000, 0x0000000707200000|  0%| F|  |TAMS 0x0000000707100000, 0x0000000707100000| Untracked 
| 102|0x0000000707200000, 0x0000000707200000, 0x0000000707300000|  0%| F|  |TAMS 0x0000000707200000, 0x0000000707200000| Untracked 
| 103|0x0000000707300000, 0x0000000707300000, 0x0000000707400000|  0%| F|  |TAMS 0x0000000707300000, 0x0000000707300000| Untracked 
| 104|0x0000000707400000, 0x0000000707400000, 0x0000000707500000|  0%| F|  |TAMS 0x0000000707400000, 0x0000000707400000| Untracked 
| 105|0x0000000707500000, 0x0000000707500000, 0x0000000707600000|  0%| F|  |TAMS 0x0000000707500000, 0x0000000707500000| Untracked 
| 106|0x0000000707600000, 0x0000000707600000, 0x0000000707700000|  0%| F|  |TAMS 0x0000000707600000, 0x0000000707600000| Untracked 
| 107|0x0000000707700000, 0x0000000707700000, 0x0000000707800000|  0%| F|  |TAMS 0x0000000707700000, 0x0000000707700000| Untracked 
| 108|0x0000000707800000, 0x0000000707800000, 0x0000000707900000|  0%| F|  |TAMS 0x0000000707800000, 0x0000000707800000| Untracked 
| 109|0x0000000707900000, 0x0000000707900000, 0x0000000707a00000|  0%| F|  |TAMS 0x0000000707900000, 0x0000000707900000| Untracked 
| 110|0x0000000707a00000, 0x0000000707a00000, 0x0000000707b00000|  0%| F|  |TAMS 0x0000000707a00000, 0x0000000707a00000| Untracked 
| 111|0x0000000707b00000, 0x0000000707b00000, 0x0000000707c00000|  0%| F|  |TAMS 0x0000000707b00000, 0x0000000707b00000| Untracked 
| 112|0x0000000707c00000, 0x0000000707c00000, 0x0000000707d00000|  0%| F|  |TAMS 0x0000000707c00000, 0x0000000707c00000| Untracked 
| 113|0x0000000707d00000, 0x0000000707d00000, 0x0000000707e00000|  0%| F|  |TAMS 0x0000000707d00000, 0x0000000707d00000| Untracked 
| 114|0x0000000707e00000, 0x0000000707e00000, 0x0000000707f00000|  0%| F|  |TAMS 0x0000000707e00000, 0x0000000707e00000| Untracked 
| 115|0x0000000707f00000, 0x0000000707f00000, 0x0000000708000000|  0%| F|  |TAMS 0x0000000707f00000, 0x0000000707f00000| Untracked 
| 116|0x0000000708000000, 0x0000000708000000, 0x0000000708100000|  0%| F|  |TAMS 0x0000000708000000, 0x0000000708000000| Untracked 
| 117|0x0000000708100000, 0x0000000708100000, 0x0000000708200000|  0%| F|  |TAMS 0x0000000708100000, 0x0000000708100000| Untracked 
| 118|0x0000000708200000, 0x0000000708200000, 0x0000000708300000|  0%| F|  |TAMS 0x0000000708200000, 0x0000000708200000| Untracked 
| 119|0x0000000708300000, 0x0000000708300000, 0x0000000708400000|  0%| F|  |TAMS 0x0000000708300000, 0x0000000708300000| Untracked 
| 120|0x0000000708400000, 0x0000000708400000, 0x0000000708500000|  0%| F|  |TAMS 0x0000000708400000, 0x0000000708400000| Untracked 
| 121|0x0000000708500000, 0x0000000708500000, 0x0000000708600000|  0%| F|  |TAMS 0x0000000708500000, 0x0000000708500000| Untracked 
| 122|0x0000000708600000, 0x0000000708600000, 0x0000000708700000|  0%| F|  |TAMS 0x0000000708600000, 0x0000000708600000| Untracked 
| 123|0x0000000708700000, 0x0000000708700000, 0x0000000708800000|  0%| F|  |TAMS 0x0000000708700000, 0x0000000708700000| Untracked 
| 124|0x0000000708800000, 0x0000000708800000, 0x0000000708900000|  0%| F|  |TAMS 0x0000000708800000, 0x0000000708800000| Untracked 
| 125|0x0000000708900000, 0x0000000708900000, 0x0000000708a00000|  0%| F|  |TAMS 0x0000000708900000, 0x0000000708900000| Untracked 
| 126|0x0000000708a00000, 0x0000000708a00000, 0x0000000708b00000|  0%| F|  |TAMS 0x0000000708a00000, 0x0000000708a00000| Untracked 
| 127|0x0000000708b00000, 0x0000000708b00000, 0x0000000708c00000|  0%| F|  |TAMS 0x0000000708b00000, 0x0000000708b00000| Untracked 
| 128|0x0000000708c00000, 0x0000000708c00000, 0x0000000708d00000|  0%| F|  |TAMS 0x0000000708c00000, 0x0000000708c00000| Untracked 
| 129|0x0000000708d00000, 0x0000000708d00000, 0x0000000708e00000|  0%| F|  |TAMS 0x0000000708d00000, 0x0000000708d00000| Untracked 
| 130|0x0000000708e00000, 0x0000000708e00000, 0x0000000708f00000|  0%| F|  |TAMS 0x0000000708e00000, 0x0000000708e00000| Untracked 
| 131|0x0000000708f00000, 0x0000000708f00000, 0x0000000709000000|  0%| F|  |TAMS 0x0000000708f00000, 0x0000000708f00000| Untracked 
| 132|0x0000000709000000, 0x0000000709000000, 0x0000000709100000|  0%| F|  |TAMS 0x0000000709000000, 0x0000000709000000| Untracked 
| 133|0x0000000709100000, 0x0000000709100000, 0x0000000709200000|  0%| F|  |TAMS 0x0000000709100000, 0x0000000709100000| Untracked 
| 134|0x0000000709200000, 0x0000000709200000, 0x0000000709300000|  0%| F|  |TAMS 0x0000000709200000, 0x0000000709200000| Untracked 
| 135|0x0000000709300000, 0x0000000709300000, 0x0000000709400000|  0%| F|  |TAMS 0x0000000709300000, 0x0000000709300000| Untracked 
| 136|0x0000000709400000, 0x0000000709400000, 0x0000000709500000|  0%| F|  |TAMS 0x0000000709400000, 0x0000000709400000| Untracked 
| 137|0x0000000709500000, 0x0000000709500000, 0x0000000709600000|  0%| F|  |TAMS 0x0000000709500000, 0x0000000709500000| Untracked 
| 138|0x0000000709600000, 0x0000000709600000, 0x0000000709700000|  0%| F|  |TAMS 0x0000000709600000, 0x0000000709600000| Untracked 
| 139|0x0000000709700000, 0x0000000709700000, 0x0000000709800000|  0%| F|  |TAMS 0x0000000709700000, 0x0000000709700000| Untracked 
| 140|0x0000000709800000, 0x0000000709800000, 0x0000000709900000|  0%| F|  |TAMS 0x0000000709800000, 0x0000000709800000| Untracked 
| 141|0x0000000709900000, 0x0000000709900000, 0x0000000709a00000|  0%| F|  |TAMS 0x0000000709900000, 0x0000000709900000| Untracked 
| 142|0x0000000709a00000, 0x0000000709a00000, 0x0000000709b00000|  0%| F|  |TAMS 0x0000000709a00000, 0x0000000709a00000| Untracked 
| 143|0x0000000709b00000, 0x0000000709b00000, 0x0000000709c00000|  0%| F|  |TAMS 0x0000000709b00000, 0x0000000709b00000| Untracked 
| 144|0x0000000709c00000, 0x0000000709c00000, 0x0000000709d00000|  0%| F|  |TAMS 0x0000000709c00000, 0x0000000709c00000| Untracked 
| 145|0x0000000709d00000, 0x0000000709d00000, 0x0000000709e00000|  0%| F|  |TAMS 0x0000000709d00000, 0x0000000709d00000| Untracked 
| 146|0x0000000709e00000, 0x0000000709e00000, 0x0000000709f00000|  0%| F|  |TAMS 0x0000000709e00000, 0x0000000709e00000| Untracked 
| 147|0x0000000709f00000, 0x0000000709f00000, 0x000000070a000000|  0%| F|  |TAMS 0x0000000709f00000, 0x0000000709f00000| Untracked 
| 148|0x000000070a000000, 0x000000070a000000, 0x000000070a100000|  0%| F|  |TAMS 0x000000070a000000, 0x000000070a000000| Untracked 
| 149|0x000000070a100000, 0x000000070a100000, 0x000000070a200000|  0%| F|  |TAMS 0x000000070a100000, 0x000000070a100000| Untracked 
| 150|0x000000070a200000, 0x000000070a200000, 0x000000070a300000|  0%| F|  |TAMS 0x000000070a200000, 0x000000070a200000| Untracked 
| 151|0x000000070a300000, 0x000000070a300000, 0x000000070a400000|  0%| F|  |TAMS 0x000000070a300000, 0x000000070a300000| Untracked 
| 152|0x000000070a400000, 0x000000070a400000, 0x000000070a500000|  0%| F|  |TAMS 0x000000070a400000, 0x000000070a400000| Untracked 
| 153|0x000000070a500000, 0x000000070a500000, 0x000000070a600000|  0%| F|  |TAMS 0x000000070a500000, 0x000000070a500000| Untracked 
| 154|0x000000070a600000, 0x000000070a600000, 0x000000070a700000|  0%| F|  |TAMS 0x000000070a600000, 0x000000070a600000| Untracked 
| 155|0x000000070a700000, 0x000000070a700000, 0x000000070a800000|  0%| F|  |TAMS 0x000000070a700000, 0x000000070a700000| Untracked 
| 156|0x000000070a800000, 0x000000070a800000, 0x000000070a900000|  0%| F|  |TAMS 0x000000070a800000, 0x000000070a800000| Untracked 
| 157|0x000000070a900000, 0x000000070a900000, 0x000000070aa00000|  0%| F|  |TAMS 0x000000070a900000, 0x000000070a900000| Untracked 
| 158|0x000000070aa00000, 0x000000070aa00000, 0x000000070ab00000|  0%| F|  |TAMS 0x000000070aa00000, 0x000000070aa00000| Untracked 
| 159|0x000000070ab00000, 0x000000070ab00000, 0x000000070ac00000|  0%| F|  |TAMS 0x000000070ab00000, 0x000000070ab00000| Untracked 
| 160|0x000000070ac00000, 0x000000070ac00000, 0x000000070ad00000|  0%| F|  |TAMS 0x000000070ac00000, 0x000000070ac00000| Untracked 
| 161|0x000000070ad00000, 0x000000070ad00000, 0x000000070ae00000|  0%| F|  |TAMS 0x000000070ad00000, 0x000000070ad00000| Untracked 
| 162|0x000000070ae00000, 0x000000070ae00000, 0x000000070af00000|  0%| F|  |TAMS 0x000000070ae00000, 0x000000070ae00000| Untracked 
| 163|0x000000070af00000, 0x000000070af00000, 0x000000070b000000|  0%| F|  |TAMS 0x000000070af00000, 0x000000070af00000| Untracked 
| 164|0x000000070b000000, 0x000000070b000000, 0x000000070b100000|  0%| F|  |TAMS 0x000000070b000000, 0x000000070b000000| Untracked 
| 165|0x000000070b100000, 0x000000070b100000, 0x000000070b200000|  0%| F|  |TAMS 0x000000070b100000, 0x000000070b100000| Untracked 
| 166|0x000000070b200000, 0x000000070b200000, 0x000000070b300000|  0%| F|  |TAMS 0x000000070b200000, 0x000000070b200000| Untracked 
| 167|0x000000070b300000, 0x000000070b300000, 0x000000070b400000|  0%| F|  |TAMS 0x000000070b300000, 0x000000070b300000| Untracked 
| 168|0x000000070b400000, 0x000000070b400000, 0x000000070b500000|  0%| F|  |TAMS 0x000000070b400000, 0x000000070b400000| Untracked 
| 169|0x000000070b500000, 0x000000070b500000, 0x000000070b600000|  0%| F|  |TAMS 0x000000070b500000, 0x000000070b500000| Untracked 
| 170|0x000000070b600000, 0x000000070b600000, 0x000000070b700000|  0%| F|  |TAMS 0x000000070b600000, 0x000000070b600000| Untracked 
| 171|0x000000070b700000, 0x000000070b700000, 0x000000070b800000|  0%| F|  |TAMS 0x000000070b700000, 0x000000070b700000| Untracked 
| 172|0x000000070b800000, 0x000000070b800000, 0x000000070b900000|  0%| F|  |TAMS 0x000000070b800000, 0x000000070b800000| Untracked 
| 173|0x000000070b900000, 0x000000070b900000, 0x000000070ba00000|  0%| F|  |TAMS 0x000000070b900000, 0x000000070b900000| Untracked 
| 174|0x000000070ba00000, 0x000000070ba00000, 0x000000070bb00000|  0%| F|  |TAMS 0x000000070ba00000, 0x000000070ba00000| Untracked 
| 175|0x000000070bb00000, 0x000000070bb00000, 0x000000070bc00000|  0%| F|  |TAMS 0x000000070bb00000, 0x000000070bb00000| Untracked 
| 176|0x000000070bc00000, 0x000000070bc00000, 0x000000070bd00000|  0%| F|  |TAMS 0x000000070bc00000, 0x000000070bc00000| Untracked 
| 177|0x000000070bd00000, 0x000000070bd00000, 0x000000070be00000|  0%| F|  |TAMS 0x000000070bd00000, 0x000000070bd00000| Untracked 
| 178|0x000000070be00000, 0x000000070be00000, 0x000000070bf00000|  0%| F|  |TAMS 0x000000070be00000, 0x000000070be00000| Untracked 
| 179|0x000000070bf00000, 0x000000070bf00000, 0x000000070c000000|  0%| F|  |TAMS 0x000000070bf00000, 0x000000070bf00000| Untracked 
| 180|0x000000070c000000, 0x000000070c000000, 0x000000070c100000|  0%| F|  |TAMS 0x000000070c000000, 0x000000070c000000| Untracked 
| 181|0x000000070c100000, 0x000000070c100000, 0x000000070c200000|  0%| F|  |TAMS 0x000000070c100000, 0x000000070c100000| Untracked 
| 182|0x000000070c200000, 0x000000070c200000, 0x000000070c300000|  0%| F|  |TAMS 0x000000070c200000, 0x000000070c200000| Untracked 
| 183|0x000000070c300000, 0x000000070c300000, 0x000000070c400000|  0%| F|  |TAMS 0x000000070c300000, 0x000000070c300000| Untracked 
| 184|0x000000070c400000, 0x000000070c400000, 0x000000070c500000|  0%| F|  |TAMS 0x000000070c400000, 0x000000070c400000| Untracked 
| 185|0x000000070c500000, 0x000000070c500000, 0x000000070c600000|  0%| F|  |TAMS 0x000000070c500000, 0x000000070c500000| Untracked 
| 186|0x000000070c600000, 0x000000070c600000, 0x000000070c700000|  0%| F|  |TAMS 0x000000070c600000, 0x000000070c600000| Untracked 
| 187|0x000000070c700000, 0x000000070c700000, 0x000000070c800000|  0%| F|  |TAMS 0x000000070c700000, 0x000000070c700000| Untracked 
| 188|0x000000070c800000, 0x000000070c800000, 0x000000070c900000|  0%| F|  |TAMS 0x000000070c800000, 0x000000070c800000| Untracked 
| 189|0x000000070c900000, 0x000000070c900000, 0x000000070ca00000|  0%| F|  |TAMS 0x000000070c900000, 0x000000070c900000| Untracked 
| 190|0x000000070ca00000, 0x000000070ca00000, 0x000000070cb00000|  0%| F|  |TAMS 0x000000070ca00000, 0x000000070ca00000| Untracked 
| 191|0x000000070cb00000, 0x000000070cb00000, 0x000000070cc00000|  0%| F|  |TAMS 0x000000070cb00000, 0x000000070cb00000| Untracked 
| 192|0x000000070cc00000, 0x000000070cc00000, 0x000000070cd00000|  0%| F|  |TAMS 0x000000070cc00000, 0x000000070cc00000| Untracked 
| 193|0x000000070cd00000, 0x000000070cd00000, 0x000000070ce00000|  0%| F|  |TAMS 0x000000070cd00000, 0x000000070cd00000| Untracked 
| 194|0x000000070ce00000, 0x000000070ce00000, 0x000000070cf00000|  0%| F|  |TAMS 0x000000070ce00000, 0x000000070ce00000| Untracked 
| 195|0x000000070cf00000, 0x000000070cf00000, 0x000000070d000000|  0%| F|  |TAMS 0x000000070cf00000, 0x000000070cf00000| Untracked 
| 196|0x000000070d000000, 0x000000070d000000, 0x000000070d100000|  0%| F|  |TAMS 0x000000070d000000, 0x000000070d000000| Untracked 
| 197|0x000000070d100000, 0x000000070d100000, 0x000000070d200000|  0%| F|  |TAMS 0x000000070d100000, 0x000000070d100000| Untracked 
| 198|0x000000070d200000, 0x000000070d200000, 0x000000070d300000|  0%| F|  |TAMS 0x000000070d200000, 0x000000070d200000| Untracked 
| 199|0x000000070d300000, 0x000000070d300000, 0x000000070d400000|  0%| F|  |TAMS 0x000000070d300000, 0x000000070d300000| Untracked 
| 200|0x000000070d400000, 0x000000070d400000, 0x000000070d500000|  0%| F|  |TAMS 0x000000070d400000, 0x000000070d400000| Untracked 
| 201|0x000000070d500000, 0x000000070d500000, 0x000000070d600000|  0%| F|  |TAMS 0x000000070d500000, 0x000000070d500000| Untracked 
| 202|0x000000070d600000, 0x000000070d600000, 0x000000070d700000|  0%| F|  |TAMS 0x000000070d600000, 0x000000070d600000| Untracked 
| 203|0x000000070d700000, 0x000000070d700000, 0x000000070d800000|  0%| F|  |TAMS 0x000000070d700000, 0x000000070d700000| Untracked 
| 204|0x000000070d800000, 0x000000070d800000, 0x000000070d900000|  0%| F|  |TAMS 0x000000070d800000, 0x000000070d800000| Untracked 
| 205|0x000000070d900000, 0x000000070d900000, 0x000000070da00000|  0%| F|  |TAMS 0x000000070d900000, 0x000000070d900000| Untracked 
| 206|0x000000070da00000, 0x000000070da00000, 0x000000070db00000|  0%| F|  |TAMS 0x000000070da00000, 0x000000070da00000| Untracked 
| 207|0x000000070db00000, 0x000000070db00000, 0x000000070dc00000|  0%| F|  |TAMS 0x000000070db00000, 0x000000070db00000| Untracked 
| 208|0x000000070dc00000, 0x000000070dc00000, 0x000000070dd00000|  0%| F|  |TAMS 0x000000070dc00000, 0x000000070dc00000| Untracked 
| 209|0x000000070dd00000, 0x000000070dd00000, 0x000000070de00000|  0%| F|  |TAMS 0x000000070dd00000, 0x000000070dd00000| Untracked 
| 210|0x000000070de00000, 0x000000070de00000, 0x000000070df00000|  0%| F|  |TAMS 0x000000070de00000, 0x000000070de00000| Untracked 
| 211|0x000000070df00000, 0x000000070df00000, 0x000000070e000000|  0%| F|  |TAMS 0x000000070df00000, 0x000000070df00000| Untracked 
| 212|0x000000070e000000, 0x000000070e000000, 0x000000070e100000|  0%| F|  |TAMS 0x000000070e000000, 0x000000070e000000| Untracked 
| 213|0x000000070e100000, 0x000000070e100000, 0x000000070e200000|  0%| F|  |TAMS 0x000000070e100000, 0x000000070e100000| Untracked 
| 214|0x000000070e200000, 0x000000070e200000, 0x000000070e300000|  0%| F|  |TAMS 0x000000070e200000, 0x000000070e200000| Untracked 
| 215|0x000000070e300000, 0x000000070e39d088, 0x000000070e400000| 61%| S|CS|TAMS 0x000000070e300000, 0x000000070e300000| Complete 
| 216|0x000000070e400000, 0x000000070e500000, 0x000000070e500000|100%| S|CS|TAMS 0x000000070e400000, 0x000000070e400000| Complete 
| 217|0x000000070e500000, 0x000000070e600000, 0x000000070e600000|100%| S|CS|TAMS 0x000000070e500000, 0x000000070e500000| Complete 
| 218|0x000000070e600000, 0x000000070e700000, 0x000000070e700000|100%| S|CS|TAMS 0x000000070e600000, 0x000000070e600000| Complete 
| 219|0x000000070e700000, 0x000000070e800000, 0x000000070e800000|100%| S|CS|TAMS 0x000000070e700000, 0x000000070e700000| Complete 
| 220|0x000000070e800000, 0x000000070e900000, 0x000000070e900000|100%| S|CS|TAMS 0x000000070e800000, 0x000000070e800000| Complete 
| 221|0x000000070e900000, 0x000000070ea00000, 0x000000070ea00000|100%| S|CS|TAMS 0x000000070e900000, 0x000000070e900000| Complete 
| 222|0x000000070ea00000, 0x000000070ea00000, 0x000000070eb00000|  0%| F|  |TAMS 0x000000070ea00000, 0x000000070ea00000| Untracked 
| 223|0x000000070eb00000, 0x000000070eb00000, 0x000000070ec00000|  0%| F|  |TAMS 0x000000070eb00000, 0x000000070eb00000| Untracked 
| 224|0x000000070ec00000, 0x000000070ec00000, 0x000000070ed00000|  0%| F|  |TAMS 0x000000070ec00000, 0x000000070ec00000| Untracked 
| 225|0x000000070ed00000, 0x000000070ed00000, 0x000000070ee00000|  0%| F|  |TAMS 0x000000070ed00000, 0x000000070ed00000| Untracked 
| 226|0x000000070ee00000, 0x000000070ee00000, 0x000000070ef00000|  0%| F|  |TAMS 0x000000070ee00000, 0x000000070ee00000| Untracked 
| 227|0x000000070ef00000, 0x000000070ef00000, 0x000000070f000000|  0%| F|  |TAMS 0x000000070ef00000, 0x000000070ef00000| Untracked 
| 228|0x000000070f000000, 0x000000070f000000, 0x000000070f100000|  0%| F|  |TAMS 0x000000070f000000, 0x000000070f000000| Untracked 
| 229|0x000000070f100000, 0x000000070f100000, 0x000000070f200000|  0%| F|  |TAMS 0x000000070f100000, 0x000000070f100000| Untracked 
| 230|0x000000070f200000, 0x000000070f200000, 0x000000070f300000|  0%| F|  |TAMS 0x000000070f200000, 0x000000070f200000| Untracked 
| 231|0x000000070f300000, 0x000000070f300000, 0x000000070f400000|  0%| F|  |TAMS 0x000000070f300000, 0x000000070f300000| Untracked 
| 232|0x000000070f400000, 0x000000070f400000, 0x000000070f500000|  0%| F|  |TAMS 0x000000070f400000, 0x000000070f400000| Untracked 
| 233|0x000000070f500000, 0x000000070f500000, 0x000000070f600000|  0%| F|  |TAMS 0x000000070f500000, 0x000000070f500000| Untracked 
| 234|0x000000070f600000, 0x000000070f600000, 0x000000070f700000|  0%| F|  |TAMS 0x000000070f600000, 0x000000070f600000| Untracked 
| 235|0x000000070f700000, 0x000000070f700000, 0x000000070f800000|  0%| F|  |TAMS 0x000000070f700000, 0x000000070f700000| Untracked 
| 236|0x000000070f800000, 0x000000070f800000, 0x000000070f900000|  0%| F|  |TAMS 0x000000070f800000, 0x000000070f800000| Untracked 
| 237|0x000000070f900000, 0x000000070f900000, 0x000000070fa00000|  0%| F|  |TAMS 0x000000070f900000, 0x000000070f900000| Untracked 
| 238|0x000000070fa00000, 0x000000070fa00000, 0x000000070fb00000|  0%| F|  |TAMS 0x000000070fa00000, 0x000000070fa00000| Untracked 
| 239|0x000000070fb00000, 0x000000070fb80800, 0x000000070fc00000| 50%| E|  |TAMS 0x000000070fb00000, 0x000000070fb00000| Complete 
| 240|0x000000070fc00000, 0x000000070fd00000, 0x000000070fd00000|100%| E|CS|TAMS 0x000000070fc00000, 0x000000070fc00000| Complete 
| 241|0x000000070fd00000, 0x000000070fe00000, 0x000000070fe00000|100%| E|CS|TAMS 0x000000070fd00000, 0x000000070fd00000| Complete 
| 242|0x000000070fe00000, 0x000000070ff00000, 0x000000070ff00000|100%| E|CS|TAMS 0x000000070fe00000, 0x000000070fe00000| Complete 
| 243|0x000000070ff00000, 0x0000000710000000, 0x0000000710000000|100%| E|CS|TAMS 0x000000070ff00000, 0x000000070ff00000| Complete 
| 244|0x0000000710000000, 0x0000000710100000, 0x0000000710100000|100%| E|CS|TAMS 0x0000000710000000, 0x0000000710000000| Complete 
| 245|0x0000000710100000, 0x0000000710200000, 0x0000000710200000|100%| E|CS|TAMS 0x0000000710100000, 0x0000000710100000| Complete 
| 246|0x0000000710200000, 0x0000000710300000, 0x0000000710300000|100%| E|CS|TAMS 0x0000000710200000, 0x0000000710200000| Complete 
| 247|0x0000000710300000, 0x0000000710400000, 0x0000000710400000|100%| E|CS|TAMS 0x0000000710300000, 0x0000000710300000| Complete 
| 248|0x0000000710400000, 0x0000000710500000, 0x0000000710500000|100%| E|CS|TAMS 0x0000000710400000, 0x0000000710400000| Complete 
| 249|0x0000000710500000, 0x0000000710600000, 0x0000000710600000|100%| E|CS|TAMS 0x0000000710500000, 0x0000000710500000| Complete 
| 250|0x0000000710600000, 0x0000000710700000, 0x0000000710700000|100%| E|CS|TAMS 0x0000000710600000, 0x0000000710600000| Complete 
| 251|0x0000000710700000, 0x0000000710800000, 0x0000000710800000|100%| E|CS|TAMS 0x0000000710700000, 0x0000000710700000| Complete 
| 252|0x0000000710800000, 0x0000000710900000, 0x0000000710900000|100%| E|CS|TAMS 0x0000000710800000, 0x0000000710800000| Complete 
| 253|0x0000000710900000, 0x0000000710a00000, 0x0000000710a00000|100%| E|CS|TAMS 0x0000000710900000, 0x0000000710900000| Complete 
| 254|0x0000000710a00000, 0x0000000710b00000, 0x0000000710b00000|100%| E|CS|TAMS 0x0000000710a00000, 0x0000000710a00000| Complete 
| 255|0x0000000710b00000, 0x0000000710c00000, 0x0000000710c00000|100%| E|CS|TAMS 0x0000000710b00000, 0x0000000710b00000| Complete 

Card table byte_map: [0x000001c000910000,0x000001c001110000] _byte_map_base: 0x000001bffd10a000

Marking Bits (Prev, Next): (CMBitMap*) 0x000001c066945280, (CMBitMap*) 0x000001c066945248
 Prev Bits: [0x000001c0058e0000, 0x000001c0098b0000)
 Next Bits: [0x000001c001910000, 0x000001c0058e0000)

Polling page: 0x000001c0666c0000

Metaspace:

Usage:
  Non-class:     21.98 MB capacity,    21.47 MB ( 98%) used,   421.21 KB (  2%) free+waste,   104.00 KB ( <1%) overhead. 
      Class:      3.57 MB capacity,     3.18 MB ( 89%) used,   348.35 KB ( 10%) free+waste,    52.94 KB (  1%) overhead. 
       Both:     25.55 MB capacity,    24.65 MB ( 96%) used,   769.56 KB (  3%) free+waste,   156.94 KB ( <1%) overhead. 

Virtual space:
  Non-class space:       22.00 MB reserved,      22.00 MB (100%) committed 
      Class space:        1.00 GB reserved,       3.67 MB ( <1%) committed 
             Both:        1.02 GB reserved,      25.67 MB (  2%) committed 

Chunk freelists:
   Non-Class:  2.50 KB
       Class:  2.63 KB
        Both:  5.13 KB

CodeHeap 'non-profiled nmethods': size=120000Kb used=1335Kb max_used=1335Kb free=118664Kb
 bounds [0x000001c077f30000, 0x000001c0781a0000, 0x000001c07f460000]
CodeHeap 'profiled nmethods': size=120000Kb used=5735Kb max_used=5735Kb free=114264Kb
 bounds [0x000001c070a00000, 0x000001c070fa0000, 0x000001c077f30000]
CodeHeap 'non-nmethods': size=5760Kb used=1349Kb max_used=1380Kb free=4410Kb
 bounds [0x000001c070460000, 0x000001c0706d0000, 0x000001c070a00000]
 total_blobs=4247 nmethods=2952 adapters=674
 compilation: enabled
              stopped_count=0, restarted_count=0
 full_count=0

Compilation events (10 events):
Event: 6.588 Thread 0x000001c00cf77800 2948       1       com.sun.prism.PresentableState::getWidth (5 bytes)
Event: 6.588 Thread 0x000001c00cf77800 nmethod 2948 0x000001c07807d710 code [0x000001c07807d8c0, 0x000001c07807d9d8]
Event: 6.589 Thread 0x000001c00cf77800 2950       3       com.sun.javafx.sg.prism.NGRegion::renderBackgroundRectangle (1157 bytes)
Event: 6.591 Thread 0x000001c00cf77800 nmethod 2950 0x000001c070f92210 code [0x000001c070f929a0, 0x000001c070f966d0]
Event: 6.591 Thread 0x000001c00cf77800 2949       1       com.sun.prism.PresentableState::getHeight (5 bytes)
Event: 6.592 Thread 0x000001c00cf77800 nmethod 2949 0x000001c07807da90 code [0x000001c07807dc40, 0x000001c07807dd58]
Event: 6.646 Thread 0x000001c00cf77800 2951       3       java.lang.Character::isSurrogate (18 bytes)
Event: 6.646 Thread 0x000001c00cf77800 nmethod 2951 0x000001c070f98510 code [0x000001c070f986c0, 0x000001c070f98898]
Event: 6.647 Thread 0x000001c00cf77800 2952       3       java.util.Collections$UnmodifiableCollection::contains (11 bytes)
Event: 6.647 Thread 0x000001c00cf77800 nmethod 2952 0x000001c070f98910 code [0x000001c070f98ae0, 0x000001c070f98d10]

GC Heap History (4 events):
Event: 0.611 GC heap before
{Heap before GC invocations=0 (full 0):
 garbage-first heap   total 262144K, used 23552K [0x0000000700c00000, 0x0000000800000000)
  region size 1024K, 24 young (24576K), 0 survivors (0K)
 Metaspace       used 11873K, capacity 12260K, committed 12416K, reserved 1060864K
  class space    used 1245K, capacity 1393K, committed 1408K, reserved 1048576K
}
Event: 0.614 GC heap after
{Heap after GC invocations=1 (full 0):
 garbage-first heap   total 262144K, used 4369K [0x0000000700c00000, 0x0000000800000000)
  region size 1024K, 3 young (3072K), 3 survivors (3072K)
 Metaspace       used 11873K, capacity 12260K, committed 12416K, reserved 1060864K
  class space    used 1245K, capacity 1393K, committed 1408K, reserved 1048576K
}
Event: 1.099 GC heap before
{Heap before GC invocations=1 (full 0):
 garbage-first heap   total 262144K, used 35089K [0x0000000700c00000, 0x0000000800000000)
  region size 1024K, 34 young (34816K), 3 survivors (3072K)
 Metaspace       used 20625K, capacity 21258K, committed 21296K, reserved 1067008K
  class space    used 2556K, capacity 2826K, committed 2864K, reserved 1048576K
}
Event: 1.105 GC heap after
{Heap after GC invocations=2 (full 0):
 garbage-first heap   total 262144K, used 8069K [0x0000000700c00000, 0x0000000800000000)
  region size 1024K, 7 young (7168K), 7 survivors (7168K)
 Metaspace       used 20625K, capacity 21258K, committed 21296K, reserved 1067008K
  class space    used 2556K, capacity 2826K, committed 2864K, reserved 1048576K
}

Deoptimization events (10 events):
Event: 0.946 Thread 0x000001c00e38b800 Uncommon trap: reason=unstable_if action=reinterpret pc=0x000001c077fb0144 method=java.util.HashMap.hash(Ljava/lang/Object;)I @ 1 c2
Event: 1.059 Thread 0x000001c00e38b800 Uncommon trap: reason=class_check action=maybe_recompile pc=0x000001c077f41ef4 method=java.lang.String.equals(Ljava/lang/Object;)Z @ 8 c2
Event: 1.059 Thread 0x000001c00e38b800 Uncommon trap: reason=class_check action=maybe_recompile pc=0x000001c077f41ef4 method=java.lang.String.equals(Ljava/lang/Object;)Z @ 8 c2
Event: 1.059 Thread 0x000001c00e38b800 Uncommon trap: reason=class_check action=maybe_recompile pc=0x000001c077f41ef4 method=java.lang.String.equals(Ljava/lang/Object;)Z @ 8 c2
Event: 1.060 Thread 0x000001c00e38b800 Uncommon trap: reason=class_check action=maybe_recompile pc=0x000001c077f41ef4 method=java.lang.String.equals(Ljava/lang/Object;)Z @ 8 c2
Event: 1.293 Thread 0x000001c00e38b800 Uncommon trap: reason=unstable_if action=reinterpret pc=0x000001c077f9fd50 method=jdk.internal.org.objectweb.asm.Type.getArgumentsAndReturnSizes(Ljava/lang/String;)I @ 47 c2
Event: 1.327 Thread 0x000001c00d145800 Uncommon trap: reason=unstable_if action=reinterpret pc=0x000001c077fca588 method=java.lang.invoke.LambdaForm$BasicType.basicType(C)Ljava/lang/invoke/LambdaForm$BasicType; @ 1 c2
Event: 6.096 Thread 0x000001c00d145800 Uncommon trap: reason=unstable_if action=reinterpret pc=0x000001c078059028 method=com.sun.marlin.DRenderer._endRendering(IILcom/sun/marlin/MarlinAlphaConsumer;)V @ 325 c2
Event: 6.096 Thread 0x000001c00d145800 Uncommon trap: reason=unstable_if action=reinterpret pc=0x000001c07804e760 method=com.sun.marlin.DRenderer._endRendering(IILcom/sun/marlin/MarlinAlphaConsumer;)V @ 325 c2
Event: 6.096 Thread 0x000001c00d145800 Uncommon trap: reason=unstable_if action=reinterpret pc=0x000001c078046044 method=com.sun.marlin.DRenderer._endRendering(IILcom/sun/marlin/MarlinAlphaConsumer;)V @ 325 c2

Classes redefined (0 events):
No events

Internal exceptions (10 events):
Event: 1.085 Thread 0x000001c00e38b800 Exception <a 'java/lang/ClassNotFoundException'{0x000000070eb69018}: com/sun/javafx/scene/control/skin/resources/controls_en> (0x000000070eb69018) thrown at [t:/workspace/open/src/hotspot/share/prims/jni.cpp, line 636]
Event: 1.085 Thread 0x000001c00e38b800 Exception <a 'java/lang/ClassNotFoundException'{0x000000070eb6bb70}: com/sun/javafx/scene/control/skin/resources/controls_en_US> (0x000000070eb6bb70) thrown at [t:/workspace/open/src/hotspot/share/prims/jni.cpp, line 636]
Event: 1.122 Thread 0x000001c00e38b800 Exception <a 'java/lang/NoSuchMethodError'{0x0000000710a2df80}: java.lang.invoke.DirectMethodHandle$Holder.invokeSpecial(Ljava/lang/Object;Ljava/lang/Object;Ljava/lang/Object;Ljava/lang/Object;Ljava/lang/Object;Ljava/lang/Object;)V> (0x0000000710a2df80) t
Event: 1.132 Thread 0x000001c00e38b800 Exception <a 'java/lang/NoSuchMethodError'{0x0000000710904f60}: java.lang.invoke.Invokers$Holder.linkToTargetMethod(Ljava/lang/Object;ILjava/lang/Object;)Ljava/lang/Object;> (0x0000000710904f60) thrown at [t:/workspace/open/src/hotspot/share/interpreter/l
Event: 1.160 Thread 0x000001c00e38b800 Exception <a 'java/lang/NoSuchMethodError'{0x00000007107998f0}: java.lang.invoke.DirectMethodHandle$Holder.invokeInterface(Ljava/lang/Object;Ljava/lang/Object;Ljava/lang/Object;)Ljava/lang/Object;> (0x00000007107998f0) thrown at [t:/workspace/open/src/hot
Event: 1.160 Thread 0x000001c00e38b800 Exception <a 'java/lang/IncompatibleClassChangeError'{0x000000071079caa8}: Found class java.lang.Object, but interface was expected> (0x000000071079caa8) thrown at [t:/workspace/open/src/hotspot/share/interpreter/linkResolver.cpp, line 838]
Event: 1.239 Thread 0x000001c00e38b800 Exception <a 'java/lang/NoSuchMethodError'{0x0000000710318a20}: java.lang.invoke.DirectMethodHandle$Holder.invokeStaticInit(Ljava/lang/Object;Ljava/lang/Object;)I> (0x0000000710318a20) thrown at [t:/workspace/open/src/hotspot/share/interpreter/linkResolve
Event: 1.294 Thread 0x000001c00e38b800 Exception <a 'java/lang/NoSuchMethodError'{0x0000000710133190}: java.lang.invoke.DirectMethodHandle$Holder.invokeStaticInit(Ljava/lang/Object;Ljava/lang/Object;Ljava/lang/Object;)J> (0x0000000710133190) thrown at [t:/workspace/open/src/hotspot/share/inter
Event: 1.295 Thread 0x000001c00e38b800 Exception <a 'java/lang/NoSuchMethodError'{0x000000071014b7d0}: java.lang.invoke.DirectMethodHandle$Holder.invokeStatic(Ljava/lang/Object;Ljava/lang/Object;J)Ljava/lang/Object;> (0x000000071014b7d0) thrown at [t:/workspace/open/src/hotspot/share/interpret
Event: 1.295 Thread 0x000001c00e38b800 Exception <a 'java/lang/NoSuchMethodError'{0x0000000710151948}: java.lang.invoke.Invokers$Holder.linkToTargetMethod(Ljava/lang/Object;JLjava/lang/Object;)Ljava/lang/Object;> (0x0000000710151948) thrown at [t:/workspace/open/src/hotspot/share/interpreter/l

Events (10 events):
Event: 6.259 Thread 0x000001c00d145800 DEOPT PACKING pc=0x000001c070f34ddf sp=0x000000228c7fd2b0
Event: 6.259 Thread 0x000001c00d145800 DEOPT UNPACKING pc=0x000001c070488fce sp=0x000000228c7fc6c8 mode 0
Event: 6.645 loading class java/io/UnsupportedEncodingException
Event: 6.645 loading class java/io/UnsupportedEncodingException done
Event: 6.646 loading class java/io/ObjectInput
Event: 6.646 loading class java/io/ObjectInput done
Event: 6.646 loading class java/io/ObjectOutput
Event: 6.646 loading class java/io/ObjectOutput done
Event: 6.646 loading class java/util/regex/Pattern$SliceI
Event: 6.646 loading class java/util/regex/Pattern$SliceI done


Dynamic libraries:
0x00007ff78b5b0000 - 0x00007ff78b5f7000 	C:\Program Files\Java\jdk-11.0.5\bin\java.exe
0x00007ffd64860000 - 0x00007ffd64a50000 	C:\WINDOWS\SYSTEM32\ntdll.dll
0x00007ffd629c0000 - 0x00007ffd62a72000 	C:\WINDOWS\System32\KERNEL32.DLL
0x00007ffd62310000 - 0x00007ffd625b3000 	C:\WINDOWS\System32\KERNELBASE.dll
0x00007ffd62910000 - 0x00007ffd629b3000 	C:\WINDOWS\System32\ADVAPI32.dll
0x00007ffd63f80000 - 0x00007ffd6401e000 	C:\WINDOWS\System32\msvcrt.dll
0x00007ffd64750000 - 0x00007ffd647e7000 	C:\WINDOWS\System32\sechost.dll
0x00007ffd62c40000 - 0x00007ffd62d60000 	C:\WINDOWS\System32\RPCRT4.dll
0x00007ffd63d70000 - 0x00007ffd63f04000 	C:\WINDOWS\System32\USER32.dll
0x00007ffd618f0000 - 0x00007ffd61911000 	C:\WINDOWS\System32\win32u.dll
0x00007ffd64020000 - 0x00007ffd64046000 	C:\WINDOWS\System32\GDI32.dll
0x00007ffd619c0000 - 0x00007ffd61b54000 	C:\WINDOWS\System32\gdi32full.dll
0x00007ffd61920000 - 0x00007ffd619be000 	C:\WINDOWS\System32\msvcp_win.dll
0x00007ffd617f0000 - 0x00007ffd618ea000 	C:\WINDOWS\System32\ucrtbase.dll
0x00007ffd56210000 - 0x00007ffd56495000 	C:\WINDOWS\WinSxS\amd64_microsoft.windows.common-controls_6595b64144ccf1df_6.0.18362.720_none_e6beb5c51314836b\COMCTL32.dll
0x00007ffd5bb60000 - 0x00007ffd5bb6a000 	C:\WINDOWS\SYSTEM32\VERSION.dll
0x00007ffd62d60000 - 0x00007ffd63096000 	C:\WINDOWS\System32\combase.dll
0x00007ffd62890000 - 0x00007ffd62910000 	C:\WINDOWS\System32\bcryptPrimitives.dll
0x00007ffd647f0000 - 0x00007ffd6481e000 	C:\WINDOWS\System32\IMM32.DLL
0x00007ffd4ed00000 - 0x00007ffd4ed16000 	C:\Program Files\Java\jdk-11.0.5\bin\vcruntime140.dll
0x00007ffd39c20000 - 0x00007ffd39cca000 	C:\Program Files\Java\jdk-11.0.5\bin\msvcp140.dll
0x00007ffd09110000 - 0x00007ffd09c38000 	C:\Program Files\Java\jdk-11.0.5\bin\server\jvm.dll
0x00007ffd62bd0000 - 0x00007ffd62bd8000 	C:\WINDOWS\System32\PSAPI.DLL
0x00007ffd5e3e0000 - 0x00007ffd5e404000 	C:\WINDOWS\SYSTEM32\WINMM.dll
0x00007ffd4e760000 - 0x00007ffd4e769000 	C:\WINDOWS\SYSTEM32\WSOCK32.dll
0x00007ffd63290000 - 0x00007ffd632ff000 	C:\WINDOWS\System32\WS2_32.dll
0x00007ffd5e3b0000 - 0x00007ffd5e3dd000 	C:\WINDOWS\SYSTEM32\winmmbase.dll
0x00007ffd62770000 - 0x00007ffd627ba000 	C:\WINDOWS\System32\cfgmgr32.dll
0x00007ffd61730000 - 0x00007ffd61741000 	C:\WINDOWS\System32\kernel.appcore.dll
0x00007ffd45ee0000 - 0x00007ffd45ef1000 	C:\Program Files\Java\jdk-11.0.5\bin\verify.dll
0x00007ffd4ba50000 - 0x00007ffd4bc44000 	C:\WINDOWS\SYSTEM32\DBGHELP.DLL
0x00007ffd4b200000 - 0x00007ffd4b22a000 	C:\WINDOWS\SYSTEM32\dbgcore.DLL
0x00007ffd45ea0000 - 0x00007ffd45ec9000 	C:\Program Files\Java\jdk-11.0.5\bin\java.dll
0x00007ffd456f0000 - 0x00007ffd4571f000 	C:\Program Files\Java\jdk-11.0.5\bin\instrument.dll
0x00007ffd45d40000 - 0x00007ffd45d56000 	C:\Program Files\Java\jdk-11.0.5\bin\zip.dll
0x00007ffd5e4b0000 - 0x00007ffd5e4ba000 	C:\Program Files\Java\jdk-11.0.5\bin\jimage.dll
0x00007ffd64050000 - 0x00007ffd64735000 	C:\WINDOWS\System32\SHELL32.dll
0x00007ffd631e0000 - 0x00007ffd63289000 	C:\WINDOWS\System32\shcore.dll
0x00007ffd61b60000 - 0x00007ffd622e0000 	C:\WINDOWS\System32\windows.storage.dll
0x00007ffd617a0000 - 0x00007ffd617c3000 	C:\WINDOWS\System32\profapi.dll
0x00007ffd61750000 - 0x00007ffd6179a000 	C:\WINDOWS\System32\powrprof.dll
0x00007ffd61720000 - 0x00007ffd61730000 	C:\WINDOWS\System32\UMPDC.dll
0x00007ffd63bb0000 - 0x00007ffd63c02000 	C:\WINDOWS\System32\shlwapi.dll
0x00007ffd62870000 - 0x00007ffd62887000 	C:\WINDOWS\System32\cryptsp.dll
0x00007ffd45c40000 - 0x00007ffd45c59000 	C:\Program Files\Java\jdk-11.0.5\bin\net.dll
0x00007ffd5c790000 - 0x00007ffd5c881000 	C:\WINDOWS\SYSTEM32\WINHTTP.dll
0x00007ffd60f30000 - 0x00007ffd60f97000 	C:\WINDOWS\system32\mswsock.dll
0x00007ffd45a80000 - 0x00007ffd45a93000 	C:\Program Files\Java\jdk-11.0.5\bin\nio.dll
0x00007ffd45740000 - 0x00007ffd4575a000 	C:\Program Files\JetBrains\IntelliJ IDEA 2019.3.4\bin\breakgen64.dll
0x000001c00fb10000 - 0x000001c00fb13000 	C:\Users\amar\Downloads\javaFX-11.0.2_windows-x64_bin-sdk\javafx-sdk-11.0.2\bin\api-ms-win-core-console-l1-1-0.dll
0x000001c00fb20000 - 0x000001c00fb23000 	C:\Users\amar\Downloads\javaFX-11.0.2_windows-x64_bin-sdk\javafx-sdk-11.0.2\bin\api-ms-win-core-datetime-l1-1-0.dll
0x000001c00fb30000 - 0x000001c00fb33000 	C:\Users\amar\Downloads\javaFX-11.0.2_windows-x64_bin-sdk\javafx-sdk-11.0.2\bin\api-ms-win-core-debug-l1-1-0.dll
0x000001c00fb40000 - 0x000001c00fb43000 	C:\Users\amar\Downloads\javaFX-11.0.2_windows-x64_bin-sdk\javafx-sdk-11.0.2\bin\api-ms-win-core-errorhandling-l1-1-0.dll
0x000001c00fb50000 - 0x000001c00fb54000 	C:\Users\amar\Downloads\javaFX-11.0.2_windows-x64_bin-sdk\javafx-sdk-11.0.2\bin\api-ms-win-core-file-l1-1-0.dll
0x000001c00fb60000 - 0x000001c00fb63000 	C:\Users\amar\Downloads\javaFX-11.0.2_windows-x64_bin-sdk\javafx-sdk-11.0.2\bin\api-ms-win-core-file-l1-2-0.dll
0x000001c00fb70000 - 0x000001c00fb73000 	C:\Users\amar\Downloads\javaFX-11.0.2_windows-x64_bin-sdk\javafx-sdk-11.0.2\bin\api-ms-win-core-file-l2-1-0.dll
0x000001c00fb80000 - 0x000001c00fb83000 	C:\Users\amar\Downloads\javaFX-11.0.2_windows-x64_bin-sdk\javafx-sdk-11.0.2\bin\api-ms-win-core-handle-l1-1-0.dll
0x000001c00fb90000 - 0x000001c00fb93000 	C:\Users\amar\Downloads\javaFX-11.0.2_windows-x64_bin-sdk\javafx-sdk-11.0.2\bin\api-ms-win-core-heap-l1-1-0.dll
0x000001c00fba0000 - 0x000001c00fba3000 	C:\Users\amar\Downloads\javaFX-11.0.2_windows-x64_bin-sdk\javafx-sdk-11.0.2\bin\api-ms-win-core-interlocked-l1-1-0.dll
0x000001c00fbb0000 - 0x000001c00fbb3000 	C:\Users\amar\Downloads\javaFX-11.0.2_windows-x64_bin-sdk\javafx-sdk-11.0.2\bin\api-ms-win-core-libraryloader-l1-1-0.dll
0x000001c00fbc0000 - 0x000001c00fbc3000 	C:\Users\amar\Downloads\javaFX-11.0.2_windows-x64_bin-sdk\javafx-sdk-11.0.2\bin\api-ms-win-core-localization-l1-2-0.dll
0x000001c00fbd0000 - 0x000001c00fbd3000 	C:\Users\amar\Downloads\javaFX-11.0.2_windows-x64_bin-sdk\javafx-sdk-11.0.2\bin\api-ms-win-core-memory-l1-1-0.dll
0x000001c00fbe0000 - 0x000001c00fbe3000 	C:\Users\amar\Downloads\javaFX-11.0.2_windows-x64_bin-sdk\javafx-sdk-11.0.2\bin\api-ms-win-core-namedpipe-l1-1-0.dll
0x000001c00fbf0000 - 0x000001c00fbf3000 	C:\Users\amar\Downloads\javaFX-11.0.2_windows-x64_bin-sdk\javafx-sdk-11.0.2\bin\api-ms-win-core-processenvironment-l1-1-0.dll
0x000001c00fd30000 - 0x000001c00fd33000 	C:\Users\amar\Downloads\javaFX-11.0.2_windows-x64_bin-sdk\javafx-sdk-11.0.2\bin\api-ms-win-core-processthreads-l1-1-0.dll
0x000001c00fc00000 - 0x000001c00fc03000 	C:\Users\amar\Downloads\javaFX-11.0.2_windows-x64_bin-sdk\javafx-sdk-11.0.2\bin\api-ms-win-core-processthreads-l1-1-1.dll
0x000001c00fc10000 - 0x000001c00fc13000 	C:\Users\amar\Downloads\javaFX-11.0.2_windows-x64_bin-sdk\javafx-sdk-11.0.2\bin\api-ms-win-core-profile-l1-1-0.dll
0x000001c00fc20000 - 0x000001c00fc23000 	C:\Users\amar\Downloads\javaFX-11.0.2_windows-x64_bin-sdk\javafx-sdk-11.0.2\bin\api-ms-win-core-rtlsupport-l1-1-0.dll
0x000001c00fc30000 - 0x000001c00fc33000 	C:\Users\amar\Downloads\javaFX-11.0.2_windows-x64_bin-sdk\javafx-sdk-11.0.2\bin\api-ms-win-core-string-l1-1-0.dll
0x000001c00fc40000 - 0x000001c00fc43000 	C:\Users\amar\Downloads\javaFX-11.0.2_windows-x64_bin-sdk\javafx-sdk-11.0.2\bin\api-ms-win-core-synch-l1-1-0.dll
0x000001c00fc50000 - 0x000001c00fc53000 	C:\Users\amar\Downloads\javaFX-11.0.2_windows-x64_bin-sdk\javafx-sdk-11.0.2\bin\api-ms-win-core-synch-l1-2-0.dll
0x000001c00fc60000 - 0x000001c00fc63000 	C:\Users\amar\Downloads\javaFX-11.0.2_windows-x64_bin-sdk\javafx-sdk-11.0.2\bin\api-ms-win-core-sysinfo-l1-1-0.dll
0x000001c00fc70000 - 0x000001c00fc73000 	C:\Users\amar\Downloads\javaFX-11.0.2_windows-x64_bin-sdk\javafx-sdk-11.0.2\bin\api-ms-win-core-timezone-l1-1-0.dll
0x000001c00fc80000 - 0x000001c00fc83000 	C:\Users\amar\Downloads\javaFX-11.0.2_windows-x64_bin-sdk\javafx-sdk-11.0.2\bin\api-ms-win-core-util-l1-1-0.dll
0x000001c00fc90000 - 0x000001c00fc93000 	C:\Users\amar\Downloads\javaFX-11.0.2_windows-x64_bin-sdk\javafx-sdk-11.0.2\bin\api-ms-win-crt-conio-l1-1-0.dll
0x000001c00fca0000 - 0x000001c00fca4000 	C:\Users\amar\Downloads\javaFX-11.0.2_windows-x64_bin-sdk\javafx-sdk-11.0.2\bin\api-ms-win-crt-convert-l1-1-0.dll
0x000001c00fcb0000 - 0x000001c00fcb3000 	C:\Users\amar\Downloads\javaFX-11.0.2_windows-x64_bin-sdk\javafx-sdk-11.0.2\bin\api-ms-win-crt-environment-l1-1-0.dll
0x000001c00fcc0000 - 0x000001c00fcc3000 	C:\Users\amar\Downloads\javaFX-11.0.2_windows-x64_bin-sdk\javafx-sdk-11.0.2\bin\api-ms-win-crt-filesystem-l1-1-0.dll
0x000001c00fcd0000 - 0x000001c00fcd3000 	C:\Users\amar\Downloads\javaFX-11.0.2_windows-x64_bin-sdk\javafx-sdk-11.0.2\bin\api-ms-win-crt-heap-l1-1-0.dll
0x000001c00fce0000 - 0x000001c00fce3000 	C:\Users\amar\Downloads\javaFX-11.0.2_windows-x64_bin-sdk\javafx-sdk-11.0.2\bin\api-ms-win-crt-locale-l1-1-0.dll
0x000001c00fcf0000 - 0x000001c00fcf5000 	C:\Users\amar\Downloads\javaFX-11.0.2_windows-x64_bin-sdk\javafx-sdk-11.0.2\bin\api-ms-win-crt-math-l1-1-0.dll
0x000001c00fd00000 - 0x000001c00fd05000 	C:\Users\amar\Downloads\javaFX-11.0.2_windows-x64_bin-sdk\javafx-sdk-11.0.2\bin\api-ms-win-crt-multibyte-l1-1-0.dll
0x000001c00fd10000 - 0x000001c00fd20000 	C:\Users\amar\Downloads\javaFX-11.0.2_windows-x64_bin-sdk\javafx-sdk-11.0.2\bin\api-ms-win-crt-private-l1-1-0.dll
0x000001c00fd20000 - 0x000001c00fd23000 	C:\Users\amar\Downloads\javaFX-11.0.2_windows-x64_bin-sdk\javafx-sdk-11.0.2\bin\api-ms-win-crt-process-l1-1-0.dll
0x000001c00fd40000 - 0x000001c00fd44000 	C:\Users\amar\Downloads\javaFX-11.0.2_windows-x64_bin-sdk\javafx-sdk-11.0.2\bin\api-ms-win-crt-runtime-l1-1-0.dll
0x000001c00fd50000 - 0x000001c00fd54000 	C:\Users\amar\Downloads\javaFX-11.0.2_windows-x64_bin-sdk\javafx-sdk-11.0.2\bin\api-ms-win-crt-stdio-l1-1-0.dll
0x000001c00fd60000 - 0x000001c00fd64000 	C:\Users\amar\Downloads\javaFX-11.0.2_windows-x64_bin-sdk\javafx-sdk-11.0.2\bin\api-ms-win-crt-string-l1-1-0.dll
0x000001c00fd70000 - 0x000001c00fd73000 	C:\Users\amar\Downloads\javaFX-11.0.2_windows-x64_bin-sdk\javafx-sdk-11.0.2\bin\api-ms-win-crt-time-l1-1-0.dll
0x000001c00fd80000 - 0x000001c00fd83000 	C:\Users\amar\Downloads\javaFX-11.0.2_windows-x64_bin-sdk\javafx-sdk-11.0.2\bin\api-ms-win-crt-utility-l1-1-0.dll
0x00007ffd2d8f0000 - 0x00007ffd2d9ea000 	C:\Users\amar\Downloads\javaFX-11.0.2_windows-x64_bin-sdk\javafx-sdk-11.0.2\bin\ucrtbase.dll
0x00007ffd456a0000 - 0x00007ffd456b6000 	C:\Users\amar\Downloads\javaFX-11.0.2_windows-x64_bin-sdk\javafx-sdk-11.0.2\bin\vcruntime140.dll
0x00007ffd38ec0000 - 0x00007ffd38f66000 	C:\Users\amar\Downloads\javaFX-11.0.2_windows-x64_bin-sdk\javafx-sdk-11.0.2\bin\msvcp140.dll
0x00007ffd39a80000 - 0x00007ffd39ad1000 	C:\Users\amar\Downloads\javaFX-11.0.2_windows-x64_bin-sdk\javafx-sdk-11.0.2\bin\concrt140.dll
0x00007ffd45340000 - 0x00007ffd45363000 	C:\Users\amar\Downloads\javaFX-11.0.2_windows-x64_bin-sdk\javafx-sdk-11.0.2\bin\prism_d3d.dll
0x00007ffd573f0000 - 0x00007ffd575b7000 	C:\WINDOWS\system32\d3d9.dll
0x00007ffd5fec0000 - 0x00007ffd5feed000 	C:\WINDOWS\SYSTEM32\dwmapi.dll
0x00007ffd60390000 - 0x00007ffd603b0000 	C:\WINDOWS\SYSTEM32\dxcore.dll
0x00007ffd5faa0000 - 0x00007ffd5fb39000 	C:\WINDOWS\system32\uxtheme.dll
0x00007ffd5a1f0000 - 0x00007ffd5a2df000 	C:\WINDOWS\System32\DriverStore\FileRepository\nvmdi.inf_amd64_4783970ba93984f3\nvldumdx.dll
0x00007ffd62620000 - 0x00007ffd62769000 	C:\WINDOWS\System32\crypt32.dll
0x00007ffd617d0000 - 0x00007ffd617e2000 	C:\WINDOWS\System32\MSASN1.dll
0x00007ffd5bb30000 - 0x00007ffd5bb5f000 	C:\WINDOWS\SYSTEM32\cryptnet.dll
0x00007ffd61100000 - 0x00007ffd6110c000 	C:\WINDOWS\SYSTEM32\cryptbase.dll
0x00007ffd625c0000 - 0x00007ffd6261c000 	C:\WINDOWS\System32\WINTRUST.DLL
0x00007ffd62a80000 - 0x00007ffd62a9d000 	C:\WINDOWS\System32\imagehlp.dll
0x00007ffd60aa0000 - 0x00007ffd60ad3000 	C:\WINDOWS\system32\rsaenh.dll
0x00007ffd622e0000 - 0x00007ffd62306000 	C:\WINDOWS\System32\bcrypt.dll
0x00007ffd35290000 - 0x00007ffd36797000 	C:\WINDOWS\System32\DriverStore\FileRepository\nvmdi.inf_amd64_4783970ba93984f3\nvd3dumx.dll
0x00007ffd39f40000 - 0x00007ffd39f85000 	C:\Users\amar\Downloads\javaFX-11.0.2_windows-x64_bin-sdk\javafx-sdk-11.0.2\bin\glass.dll
0x00007ffd63360000 - 0x00007ffd63430000 	C:\WINDOWS\System32\COMDLG32.dll
0x00007ffd63a50000 - 0x00007ffd63ba7000 	C:\WINDOWS\System32\ole32.dll
0x00007ffd63ca0000 - 0x00007ffd63d64000 	C:\WINDOWS\System32\OLEAUT32.dll
0x00007ffd630a0000 - 0x00007ffd631d6000 	C:\WINDOWS\System32\MSCTF.dll
0x00007ffd247a0000 - 0x00007ffd24a64000 	C:\WINDOWS\system32\nvspcap64.dll
0x00007ffd60780000 - 0x00007ffd607b1000 	C:\WINDOWS\SYSTEM32\ntmarta.dll
0x00007ffd60340000 - 0x00007ffd60362000 	C:\WINDOWS\SYSTEM32\gpapi.dll
0x00007ffd44ec0000 - 0x00007ffd44ed4000 	C:\Users\amar\Downloads\javaFX-11.0.2_windows-x64_bin-sdk\javafx-sdk-11.0.2\bin\javafx_font.dll
0x00007ffd3fd40000 - 0x00007ffd4003e000 	C:\WINDOWS\SYSTEM32\dwrite.dll
0x00007ffd62aa0000 - 0x00007ffd62b42000 	C:\WINDOWS\System32\clbcatq.dll
0x00007ffd5d110000 - 0x00007ffd5d2bf000 	C:\WINDOWS\SYSTEM32\WindowsCodecs.dll
0x00007ffd3f790000 - 0x00007ffd3f7ca000 	C:\WINDOWS\system32\dataexchange.dll
0x00007ffd5f170000 - 0x00007ffd5f34b000 	C:\WINDOWS\system32\dcomp.dll
0x00007ffd5eab0000 - 0x00007ffd5ed0b000 	C:\WINDOWS\system32\d3d11.dll
0x00007ffd60420000 - 0x00007ffd6050b000 	C:\WINDOWS\system32\dxgi.dll
0x00007ffd5fb60000 - 0x00007ffd5fdba000 	C:\WINDOWS\system32\twinapi.appcore.dll
0x00007ffd5ffd0000 - 0x00007ffd5fff9000 	C:\WINDOWS\system32\RMCLIENT.dll
0x00007ffd43e40000 - 0x00007ffd43e73000 	C:\Program Files\Common Files\Microsoft Shared\Ink\rtscom.dll
0x00007ffd52950000 - 0x00007ffd529ee000 	C:\WINDOWS\System32\TextInputFramework.dll

dbghelp: loaded successfully - version: 4.0.5 - missing functions: none
symbol engine: initialized successfully - sym options: 0x614 - pdb path: .;C:\Program Files\Java\jdk-11.0.5\bin;C:\WINDOWS\SYSTEM32;C:\WINDOWS\WinSxS\amd64_microsoft.windows.common-controls_6595b64144ccf1df_6.0.18362.720_none_e6beb5c51314836b;C:\Program Files\Java\jdk-11.0.5\bin\server;C:\Program Files\JetBrains\IntelliJ IDEA 2019.3.4\bin;C:\Users\amar\Downloads\javaFX-11.0.2_windows-x64_bin-sdk\javafx-sdk-11.0.2\bin;C:\WINDOWS\System32\DriverStore\FileRepository\nvmdi.inf_amd64_4783970ba93984f3;C:\Program Files\Common Files\Microsoft Shared\Ink

VM Arguments:
jvm_args: --module-path=C:\Users\amar\Downloads\javaFX-11.0.2_windows-x64_bin-sdk\javafx-sdk-11.0.2\lib --add-modules=javafx.controls,javafx.fxml --add-modules=javafx.base,javafx.graphics --add-reads=javafx.base=ALL-UNNAMED --add-reads=javafx.graphics=ALL-UNNAMED -javaagent:C:\Program Files\JetBrains\IntelliJ IDEA 2019.3.4\lib\idea_rt.jar=52920:C:\Program Files\JetBrains\IntelliJ IDEA 2019.3.4\bin -Dfile.encoding=UTF-8 
java_command: sample.Main
java_class_path (initial): C:\Users\amar\OneDrive - University Of Houston\University of Houston\2020 Spring UH\CIS 3365 (Database management)\PBC\SchoolKitsApplication\out\production\SchoolKitsPortal;C:\Users\amar\OneDrive - University Of Houston\University of Houston\2020 Spring UH\CIS 3365 (Database management)\PBC\SchoolKitsApplication\library\TrayTester.jar;C:\Users\amar\OneDrive - University Of Houston\University of Houston\2020 Spring UH\CIS 3365 (Database management)\PBC\SchoolKitsApplication\library\javafx.media.jar;C:\Users\amar\OneDrive - University Of Houston\University of Houston\2020 Spring UH\CIS 3365 (Database management)\PBC\SchoolKitsApplication\library\javafx.swing.jar;C:\Users\amar\OneDrive - University Of Houston\University of Houston\2020 Spring UH\CIS 3365 (Database management)\PBC\SchoolKitsApplication\library\jfoenix-9.0.8.jar;C:\Users\amar\OneDrive - University Of Houston\University of Houston\2020 Spring UH\CIS 3365 (Database management)\PBC\SchoolKitsApplication\library\fontawesomefx-8.9.jar;C:\Users\amar\OneDrive - University Of Houston\University of Houston\2020 Spring UH\CIS 3365 (Database management)\PBC\SchoolKitsApplication\library\controlsfx-samples-8.40.13.jar;C:\Users\amar\OneDrive - University Of Houston\University of Houston\2020 Spring UH\CIS 3365 (Database management)\PBC\SchoolKitsApplication\library\javafx.fxml.jar;C:\Users\amar\OneDrive - University Of Houston\University of Houston\2020 Spring UH\CIS 3365 (Database management)\PBC\SchoolKitsApplication\library\javafx.graphics.jar;C:\Users\amar\OneDrive - University Of Houston\University of Houston\2020 Spring UH\CIS 3365 (Database management)\PBC\SchoolKitsApplication\library\javafx.base.jar;C:\Users\amar\OneDrive - University Of Houston\University of Houston\2020 Spring UH\CIS 3365 (Database management)\PBC\SchoolKitsApplication\library\javafx.web.jar;C:\Users\amar\OneDrive - University Of Houston\University of Houston\2020 Spring UH\CIS 3365 (Database management)\PBC\Sc
Launcher Type: SUN_STANDARD

[Global flags]
     intx CICompilerCount                          = 4                                         {product} {ergonomic}
     uint ConcGCThreads                            = 3                                         {product} {ergonomic}
     uint G1ConcRefinementThreads                  = 10                                        {product} {ergonomic}
   size_t G1HeapRegionSize                         = 1048576                                   {product} {ergonomic}
    uintx GCDrainStackTargetSize                   = 64                                        {product} {ergonomic}
   size_t InitialHeapSize                          = 268435456                                 {product} {ergonomic}
   size_t MarkStackSize                            = 4194304                                   {product} {ergonomic}
   size_t MaxHeapSize                              = 4282384384                                {product} {ergonomic}
   size_t MaxNewSize                               = 2569011200                                {product} {ergonomic}
   size_t MinHeapDeltaBytes                        = 1048576                                   {product} {ergonomic}
    uintx NonNMethodCodeHeapSize                   = 5836300                                {pd product} {ergonomic}
    uintx NonProfiledCodeHeapSize                  = 122910970                              {pd product} {ergonomic}
    uintx ProfiledCodeHeapSize                     = 122910970                              {pd product} {ergonomic}
    uintx ReservedCodeCacheSize                    = 251658240                              {pd product} {ergonomic}
     bool SegmentedCodeCache                       = true                                      {product} {ergonomic}
     bool UseCompressedClassPointers               = true                                 {lp64_product} {ergonomic}
     bool UseCompressedOops                        = true                                 {lp64_product} {ergonomic}
     bool UseG1GC                                  = true                                      {product} {ergonomic}
     bool UseLargePagesIndividualAllocation        = false                                  {pd product} {ergonomic}

Logging:
Log output configuration:
 #0: stdout all=warning uptime,level,tags
 #1: stderr all=off uptime,level,tags

Environment Variables:
JAVA_HOME=C:\Users\amar\Downloads\jdk-11.0.6_windows-x64_bin\jdk-11.0.6
CLASSPATH=C:\Users\amar\Apache\Derby\Derby\db-derby-10.15.1.3-bin\lib\derby.jar;C:\Users\amar\Apache\Derby\Derby\db-derby-10.15.1.3-bin\lib\derbytools.jar;C:\Users\amar\Apache\Derby\Derby\db-derby-10.15.1.3-bin\lib\derbyclient.jar;C:\Users\amar\Apache\Derby\Derby\db-derby-10.15.1.3-bin\lib\derbynet.jar;.
PATH=C:\Users\amar\Downloads\jdk-11.0.6_windows-x64_bin\jdk-11.0.6\BIN;C:\Windows\system32;C:\Windows;C:\Windows\System32\Wbem;C:\Windows\System32\WindowsPowerShell\v1.0\;C:\Windows\System32\OpenSSH\;C:\Program Files (x86)\NVIDIA Corporation\PhysX\Common;C:\Program Files\NVIDIA Corporation\NVIDIA NvDLISR;C:\WINDOWS\system32;C:\WINDOWS;C:\WINDOWS\System32\Wbem;C:\WINDOWS\System32\WindowsPowerShell\v1.0\;C:\WINDOWS\System32\OpenSSH\;C:\Program Files\Git\cmd;C:\Users\amar\AppData\Local\Microsoft\WindowsApps;C:\Users\amar\AppData\Local\GitHubDesktop\bin;C:\Program Files\JetBrains\IntelliJ IDEA 2019.3.4\bin;;C:\Users\amar\AppData\Local\Programs\Microsoft VS Code\bin
USERNAME=amar
OS=Windows_NT
PROCESSOR_IDENTIFIER=AMD64 Family 23 Model 8 Stepping 2, AuthenticAMD



---------------  S Y S T E M  ---------------

OS: Windows 10 , 64 bit Build 18362 (10.0.18362.329)

CPU:total 12 (initial active 12) (12 cores per cpu, 2 threads per core) family 23 model 8 stepping 2, cmov, cx8, fxsr, mmx, sse, sse2, sse3, ssse3, sse4.1, sse4.2, popcnt, avx, avx2, aes, clmul, mmxext, 3dnowpref, lzcnt, sse4a, ht, tsc, tscinvbit, tscinv, bmi1, bmi2, adx, sha, fma

Memory: 4k page, system-wide physical 16332M (2899M free)
TotalPageFile size 52468M (AvailPageFile size 15445M)
current process WorkingSet (physical memory assigned to process): 149M, peak: 168M
current process commit charge ("private bytes"): 432M, peak: 451M

vm_info: Java HotSpot(TM) 64-Bit Server VM (11.0.5+10-LTS) for windows-amd64 JRE (11.0.5+10-LTS), built on Oct  6 2019 12:37:14 by "mach5one" with MS VC++ 15.5 (VS2017)

END.
