#
# A fatal error has been detected by the Java Runtime Environment:
#
#  EXCEPTION_ACCESS_VIOLATION (0xc0000005) at pc=0x00007ffd39f505e3, pid=62040, tid=1156
#
# JRE version: Java(TM) SE Runtime Environment (11.0.5+10) (build 11.0.5+10-LTS)
# Java VM: Java HotSpot(TM) 64-Bit Server VM (11.0.5+10-LTS, mixed mode, tiered, compressed oops, g1 gc, windows-amd64)
# Problematic frame:
# C  [glass.dll+0x105e3]
#
# No core dump will be written. Minidumps are not enabled by default on client versions of Windows
#
# If you would like to submit a bug report, please visit:
#   http://bugreport.java.com/bugreport/crash.jsp
# The crash happened outside the Java Virtual Machine in native code.
# See problematic frame for where to report the bug.
#

---------------  S U M M A R Y ------------

Command Line: --module-path=C:\Users\amar\Downloads\javaFX-11.0.2_windows-x64_bin-sdk\javafx-sdk-11.0.2\lib --add-modules=javafx.controls,javafx.fxml --add-modules=javafx.base,javafx.graphics --add-reads=javafx.base=ALL-UNNAMED --add-reads=javafx.graphics=ALL-UNNAMED -javaagent:C:\Program Files\JetBrains\IntelliJ IDEA 2019.3.4\lib\idea_rt.jar=53308:C:\Program Files\JetBrains\IntelliJ IDEA 2019.3.4\bin -Dfile.encoding=UTF-8 sample.Main

Host: AMD Ryzen 5 2600X Six-Core Processor           , 12 cores, 15G,  Windows 10 , 64 bit Build 18362 (10.0.18362.329)
Time: Thu Apr 16 07:09:36 2020 Central Daylight Time elapsed time: 21 seconds (0d 0h 0m 21s)

---------------  T H R E A D  ---------------

Current thread (0x00000238fb44c800):  JavaThread "JavaFX Application Thread" [_thread_in_native, id=1156, stack(0x000000c85a300000,0x000000c85a400000)]

Stack: [0x000000c85a300000,0x000000c85a400000],  sp=0x000000c85a3fb2c0,  free space=1004k
Native frames: (J=compiled Java code, j=interpreted, Vv=VM code, C=native code)
C  [glass.dll+0x105e3]

Java frames: (J=compiled Java code, j=interpreted, Vv=VM code)
j  com.sun.glass.ui.win.WinSystemClipboard.popMimesFromSystem()[Ljava/lang/String;+0 javafx.graphics
j  com.sun.glass.ui.win.WinSystemClipboard.mimesFromSystem()[Ljava/lang/String;+10 javafx.graphics
j  com.sun.glass.ui.SystemClipboard.getMimeTypes()[Ljava/lang/String;+16 javafx.graphics
j  com.sun.glass.ui.ClipboardAssistance.getMimeTypes()[Ljava/lang/String;+7 javafx.graphics
j  com.sun.javafx.tk.quantum.QuantumClipboard.hasContent(Ljavafx/scene/input/DataFormat;)Z+69 javafx.graphics
j  javafx.scene.input.Clipboard.hasContent(Ljavafx/scene/input/DataFormat;)Z+11 javafx.graphics
j  javafx.scene.input.Clipboard.hasString()Z+4 javafx.graphics
j  javafx.scene.control.TextInputControl.paste()V+5 javafx.controls
j  com.sun.javafx.scene.control.behavior.TextInputControlBehavior.paste()V+12 javafx.controls
j  com.sun.javafx.scene.control.behavior.TextInputControlBehavior.lambda$new$20(Ljavafx/scene/input/KeyEvent;)V+1 javafx.controls
j  com.sun.javafx.scene.control.behavior.TextInputControlBehavior$$Lambda$268.handle(Ljavafx/event/Event;)V+8 javafx.controls
j  com.sun.javafx.scene.control.behavior.TextInputControlBehavior.lambda$keyMapping$62(Ljavafx/event/EventHandler;Ljavafx/scene/input/KeyEvent;)V+7 javafx.controls
j  com.sun.javafx.scene.control.behavior.TextInputControlBehavior$$Lambda$250.handle(Ljavafx/event/Event;)V+12 javafx.controls
j  com.sun.javafx.scene.control.inputmap.InputMap.handle(Ljavafx/event/Event;)V+61 javafx.controls
j  com.sun.javafx.scene.control.inputmap.InputMap$$Lambda$293.handle(Ljavafx/event/Event;)V+5 javafx.controls
j  com.sun.javafx.event.CompositeEventHandler$NormalEventHandlerRecord.handleBubblingEvent(Ljavafx/event/Event;)V+5 javafx.base
j  com.sun.javafx.event.CompositeEventHandler.dispatchBubblingEvent(Ljavafx/event/Event;)V+28 javafx.base
J 2456 c1 com.sun.javafx.event.EventHandlerManager.dispatchBubblingEvent(Ljavafx/event/Event;)Ljavafx/event/Event; javafx.base (23 bytes) @ 0x00000238de637004 [0x00000238de6369c0+0x0000000000000644]
J 2457 c1 com.sun.javafx.event.CompositeEventDispatcher.dispatchBubblingEvent(Ljavafx/event/Event;)Ljavafx/event/Event; javafx.base (35 bytes) @ 0x00000238de63554c [0x00000238de635380+0x00000000000001cc]
J 2432 c1 com.sun.javafx.event.BasicEventDispatcher.dispatchEvent(Ljavafx/event/Event;Ljavafx/event/EventDispatchChain;)Ljavafx/event/Event; javafx.base (44 bytes) @ 0x00000238de62ba5c [0x00000238de62b700+0x000000000000035c]
J 2383 c1 com.sun.javafx.event.EventDispatchChainImpl.dispatchEvent(Ljavafx/event/Event;)Ljavafx/event/Event; javafx.base (101 bytes) @ 0x00000238de61bf24 [0x00000238de61bd60+0x00000000000001c4]
J 2432 c1 com.sun.javafx.event.BasicEventDispatcher.dispatchEvent(Ljavafx/event/Event;Ljavafx/event/EventDispatchChain;)Ljavafx/event/Event; javafx.base (44 bytes) @ 0x00000238de62b96c [0x00000238de62b700+0x000000000000026c]
J 2383 c1 com.sun.javafx.event.EventDispatchChainImpl.dispatchEvent(Ljavafx/event/Event;)Ljavafx/event/Event; javafx.base (101 bytes) @ 0x00000238de61bf24 [0x00000238de61bd60+0x00000000000001c4]
J 2432 c1 com.sun.javafx.event.BasicEventDispatcher.dispatchEvent(Ljavafx/event/Event;Ljavafx/event/EventDispatchChain;)Ljavafx/event/Event; javafx.base (44 bytes) @ 0x00000238de62b96c [0x00000238de62b700+0x000000000000026c]
J 2383 c1 com.sun.javafx.event.EventDispatchChainImpl.dispatchEvent(Ljavafx/event/Event;)Ljavafx/event/Event; javafx.base (101 bytes) @ 0x00000238de61bf24 [0x00000238de61bd60+0x00000000000001c4]
J 2532 c1 com.sun.javafx.event.EventUtil.fireEvent(Ljavafx/event/EventTarget;Ljavafx/event/Event;)Ljavafx/event/Event; javafx.base (81 bytes) @ 0x00000238de66902c [0x00000238de668820+0x000000000000080c]
j  javafx.event.Event.fireEvent(Ljavafx/event/EventTarget;Ljavafx/event/Event;)V+30 javafx.base
j  javafx.scene.Scene$KeyHandler.process(Ljavafx/scene/input/KeyEvent;)V+34 javafx.graphics
j  javafx.scene.Scene$KeyHandler.access$1500(Ljavafx/scene/Scene$KeyHandler;Ljavafx/scene/input/KeyEvent;)V+2 javafx.graphics
j  javafx.scene.Scene.processKeyEvent(Ljavafx/scene/input/KeyEvent;)V+28 javafx.graphics
j  javafx.scene.Scene$ScenePeerListener.keyEvent(Ljavafx/scene/input/KeyEvent;)V+5 javafx.graphics
j  com.sun.javafx.tk.quantum.GlassViewEventHandler$KeyEventNotification.run()Ljava/lang/Void;+357 javafx.graphics
j  com.sun.javafx.tk.quantum.GlassViewEventHandler$KeyEventNotification.run()Ljava/lang/Object;+1 javafx.graphics
v  ~StubRoutines::call_stub
J 2405  java.security.AccessController.doPrivileged(Ljava/security/PrivilegedAction;Ljava/security/AccessControlContext;)Ljava/lang/Object; java.base@11.0.5 (0 bytes) @ 0x00000238e57f9eb6 [0x00000238e57f9e40+0x0000000000000076]
j  com.sun.javafx.tk.quantum.GlassViewEventHandler.lambda$handleKeyEvent$1()Ljava/lang/Void;+11 javafx.graphics
j  com.sun.javafx.tk.quantum.GlassViewEventHandler$$Lambda$524.get()Ljava/lang/Object;+4 javafx.graphics
J 2492 c1 com.sun.javafx.tk.quantum.QuantumToolkit.runWithoutRenderLock(Ljava/util/function/Supplier;)Ljava/lang/Object; javafx.graphics (49 bytes) @ 0x00000238de64f714 [0x00000238de64f340+0x00000000000003d4]
j  com.sun.javafx.tk.quantum.GlassViewEventHandler.handleKeyEvent(Lcom/sun/glass/ui/View;JII[CI)V+58 javafx.graphics
j  com.sun.glass.ui.View.handleKeyEvent(JII[CI)V+20 javafx.graphics
j  com.sun.glass.ui.View.notifyKey(II[CI)V+9 javafx.graphics
v  ~StubRoutines::call_stub
j  com.sun.glass.ui.win.WinApplication._runLoop(Ljava/lang/Runnable;)V+0 javafx.graphics
j  com.sun.glass.ui.win.WinApplication.lambda$runLoop$3(ILjava/lang/Runnable;)V+8 javafx.graphics
j  com.sun.glass.ui.win.WinApplication$$Lambda$89.run()V+12 javafx.graphics
j  java.lang.Thread.run()V+11 java.base@11.0.5
v  ~StubRoutines::call_stub

siginfo: EXCEPTION_ACCESS_VIOLATION (0xc0000005), reading address 0x00000238849dc06c


Register to memory mapping:

RIP=0x00007ffd39f505e3 glass.dll
RAX=0x000000000000014c is an unknown value
RBX=0x0000000000000046 is an unknown value
RCX=0x00000238d3f80000 points into unknown readable memory: 00 00 00 00 00 00 00 00
RDX=0x00000238d3f80000 points into unknown readable memory: 00 00 00 00 00 00 00 00
RSP=0x000000c85a3fb2c0 is pointing into the stack for thread: 0x00000238fb44c800
RBP=0x0 is NULL
RSI=0x00000238849d65a0 points into unknown readable memory: 43 00 3a 00 5c 00 55 00
RDI=0x00000000000000c0 is an unknown value
R8 =0x00000238d3e71440 points into unknown readable memory: c0 0c e7 d3 38 02 00 00
R9 =0x0000000000000001 is an unknown value
R10=0x0000000000008000 is an unknown value
R11=0x000000c85a3fb220 is pointing into the stack for thread: 0x00000238fb44c800
R12=0x0 is NULL
R13=0x0000000000000046 is an unknown value
R14=0x0000023884b12fd0 points into unknown readable memory: 00 00 00 00 00 00 00 00
R15=0x0000000000005ac8 is an unknown value


Registers:
RAX=0x000000000000014c, RBX=0x0000000000000046, RCX=0x00000238d3f80000, RDX=0x00000238d3f80000
RSP=0x000000c85a3fb2c0, RBP=0x0000000000000000, RSI=0x00000238849d65a0, RDI=0x00000000000000c0
R8 =0x00000238d3e71440, R9 =0x0000000000000001, R10=0x0000000000008000, R11=0x000000c85a3fb220
R12=0x0000000000000000, R13=0x0000000000000046, R14=0x0000023884b12fd0, R15=0x0000000000005ac8
RIP=0x00007ffd39f505e3, EFLAGS=0x0000000000010202

Top of Stack: (sp=0x000000c85a3fb2c0)
0x000000c85a3fb2c0:   0000000000000046 0000000000000000
0x000000c85a3fb2d0:   0000023884b12ff0 0000023884b12c50
0x000000c85a3fb2e0:   000000005a3fb6c0 00007ffd00000001
0x000000c85a3fb2f0:   0000023884b122d0 0000023884b12ff0
0x000000c85a3fb300:   0000023800000046 0000000000000000
0x000000c85a3fb310:   00000238849d65a0 0000000000000000
0x000000c85a3fb320:   0000023884b12cf0 0000023884b12f70
0x000000c85a3fb330:   0000023884b13090 0000000000000000
0x000000c85a3fb340:   3f800000000000c0 0000023884b11a10
0x000000c85a3fb350:   000000000000004c 00000238fc99da80
0x000000c85a3fb360:   00000238fc99fa80 00000238fc99fa80
0x000000c85a3fb370:   00000000000001ff 0000000000000200
0x000000c85a3fb380:   0000023884b12fd0 0000023884b118f0
0x000000c85a3fb390:   0000023884b118f0 0000023884b11970
0x000000c85a3fb3a0:   0000000000000000 0000000000000000
0x000000c85a3fb3b0:   0000000000000000 0000000000000000 

Instructions: (pc=0x00007ffd39f505e3)
0x00007ffd39f505c3:   44 8b eb 41 bf 50 02 00 00 83 7c 24 28 00 b8 4c
0x00007ffd39f505d3:   01 00 00 44 0f 45 f8 4d 0f af fd 48 8b 74 24 50
0x00007ffd39f505e3:   41 f6 44 37 04 40 0f 84 f8 01 00 00 41 8b 44 37
0x00007ffd39f505f3:   48 89 84 24 10 01 00 00 41 8b 44 37 44 89 84 24 


Stack slot to memory mapping:
stack at sp + 0 slots: 0x0000000000000046 is an unknown value
stack at sp + 1 slots: 0x0 is NULL
stack at sp + 2 slots: 0x0000023884b12ff0 points into unknown readable memory: 58 5a 84 84 38 02 00 00
stack at sp + 3 slots: 0x0000023884b12c50 points into unknown readable memory: 00 00 00 00 00 00 00 00
stack at sp + 4 slots: 0x000000005a3fb6c0 is an unknown value
stack at sp + 5 slots: 0x00007ffd00000001 is an unknown value
stack at sp + 6 slots: 0x0000023884b122d0 points into unknown readable memory: 18 8f cd fc 38 02 00 00
stack at sp + 7 slots: 0x0000023884b12ff0 points into unknown readable memory: 58 5a 84 84 38 02 00 00


---------------  P R O C E S S  ---------------

Threads class SMR info:
_java_thread_list=0x00000238848448e0, length=18, elements={
0x00000238d40ae800, 0x00000238f9de5800, 0x00000238fa69d000, 0x00000238fa6f4800,
0x00000238fa6f5800, 0x00000238fa6f6000, 0x00000238fa6fa800, 0x00000238fa6ec000,
0x00000238fa877800, 0x00000238fb79a800, 0x00000238fb84a800, 0x00000238fbad3800,
0x00000238fbf4d000, 0x00000238fb44c800, 0x00000238fbaf2000, 0x00000238fc7ed000,
0x00000238fce6d000, 0x0000023884af2000
}

Java Threads: ( => current thread )
  0x00000238d40ae800 JavaThread "main" [_thread_blocked, id=81892, stack(0x000000c858c00000,0x000000c858d00000)]
  0x00000238f9de5800 JavaThread "Reference Handler" daemon [_thread_blocked, id=86504, stack(0x000000c859300000,0x000000c859400000)]
  0x00000238fa69d000 JavaThread "Finalizer" daemon [_thread_blocked, id=52148, stack(0x000000c859400000,0x000000c859500000)]
  0x00000238fa6f4800 JavaThread "Signal Dispatcher" daemon [_thread_blocked, id=39404, stack(0x000000c859500000,0x000000c859600000)]
  0x00000238fa6f5800 JavaThread "Attach Listener" daemon [_thread_blocked, id=46816, stack(0x000000c859600000,0x000000c859700000)]
  0x00000238fa6f6000 JavaThread "C2 CompilerThread0" daemon [_thread_blocked, id=87744, stack(0x000000c859700000,0x000000c859800000)]
  0x00000238fa6fa800 JavaThread "C1 CompilerThread0" daemon [_thread_blocked, id=58396, stack(0x000000c859800000,0x000000c859900000)]
  0x00000238fa6ec000 JavaThread "Sweeper thread" daemon [_thread_blocked, id=85940, stack(0x000000c859900000,0x000000c859a00000)]
  0x00000238fa877800 JavaThread "Common-Cleaner" daemon [_thread_blocked, id=44828, stack(0x000000c859a00000,0x000000c859b00000)]
  0x00000238fb79a800 JavaThread "Monitor Ctrl-Break" daemon [_thread_in_native, id=61280, stack(0x000000c859d00000,0x000000c859e00000)]
  0x00000238fb84a800 JavaThread "Service Thread" daemon [_thread_blocked, id=34208, stack(0x000000c859e00000,0x000000c859f00000)]
  0x00000238fbad3800 JavaThread "QuantumRenderer-0" daemon [_thread_blocked, id=20676, stack(0x000000c85a000000,0x000000c85a100000)]
  0x00000238fbf4d000 JavaThread "InvokeLaterDispatcher" daemon [_thread_blocked, id=36264, stack(0x000000c85a200000,0x000000c85a300000)]
=>0x00000238fb44c800 JavaThread "JavaFX Application Thread" [_thread_in_native, id=1156, stack(0x000000c85a300000,0x000000c85a400000)]
  0x00000238fbaf2000 JavaThread "JavaFX-Launcher" [_thread_blocked, id=46556, stack(0x000000c85a670000,0x000000c85a770000)]
  0x00000238fc7ed000 JavaThread "Thread-2" daemon [_thread_in_native, id=87164, stack(0x000000c85a570000,0x000000c85a670000)]
  0x00000238fce6d000 JavaThread "Prism Font Disposer" daemon [_thread_blocked, id=72308, stack(0x000000c85b170000,0x000000c85b270000)]
  0x0000023884af2000 JavaThread "Cleaner-0" daemon [_thread_blocked, id=30884, stack(0x000000c85b270000,0x000000c85b370000)]

Other Threads:
  0x00000238f9de1800 VMThread "VM Thread" [stack: 0x000000c859200000,0x000000c859300000] [id=5580]
  0x00000238fa9bb000 WatcherThread [stack: 0x000000c859f00000,0x000000c85a000000] [id=2884]
  0x00000238d40c7800 GCTaskThread "GC Thread#0" [stack: 0x000000c858d00000,0x000000c858e00000] [id=79308]
  0x00000238fbffc000 GCTaskThread "GC Thread#1" [stack: 0x000000c85a770000,0x000000c85a870000] [id=65540]
  0x00000238fbacc000 GCTaskThread "GC Thread#2" [stack: 0x000000c85a870000,0x000000c85a970000] [id=51012]
  0x00000238fc4d1000 GCTaskThread "GC Thread#3" [stack: 0x000000c85a970000,0x000000c85aa70000] [id=18440]
  0x00000238fc4cd800 GCTaskThread "GC Thread#4" [stack: 0x000000c85aa70000,0x000000c85ab70000] [id=47900]
  0x00000238fcbe4800 GCTaskThread "GC Thread#5" [stack: 0x000000c85ab70000,0x000000c85ac70000] [id=72332]
  0x00000238d4127000 ConcurrentGCThread "G1 Main Marker" [stack: 0x000000c858e00000,0x000000c858f00000] [id=28908]
  0x00000238d4128000 ConcurrentGCThread "G1 Conc#0" [stack: 0x000000c858f00000,0x000000c859000000] [id=10716]
  0x00000238fcba0800 ConcurrentGCThread "G1 Conc#1" [stack: 0x000000c85af70000,0x000000c85b070000] [id=43952]
  0x00000238fc97f800 ConcurrentGCThread "G1 Conc#2" [stack: 0x000000c85b070000,0x000000c85b170000] [id=59592]
  0x00000238f9cca800 ConcurrentGCThread "G1 Refine#0" [stack: 0x000000c859000000,0x000000c859100000] [id=79144]
  0x00000238f9ccb800 ConcurrentGCThread "G1 Young RemSet Sampling" [stack: 0x000000c859100000,0x000000c859200000] [id=36428]

Threads with active compile tasks:

VM state:not at safepoint (normal execution)

VM Mutex/Monitor currently owned by a thread: None

Heap address: 0x0000000700c00000, size: 4084 MB, Compressed Oops mode: Zero based, Oop shift amount: 3
Narrow klass base: 0x0000000800000000, Narrow klass shift: 0
Compressed class space size: 1073741824 Address: 0x0000000800000000

Heap:
 garbage-first heap   total 262144K, used 28612K [0x0000000700c00000, 0x0000000800000000)
  region size 1024K, 27 young (27648K), 8 survivors (8192K)
 Metaspace       used 25373K, capacity 26295K, committed 26496K, reserved 1073152K
  class space    used 3256K, capacity 3659K, committed 3712K, reserved 1048576K
Heap Regions: E=young(eden), S=young(survivor), O=old, HS=humongous(starts), HC=humongous(continues), CS=collection set, F=free, A=archive, TAMS=top-at-mark-start (previous, next)
|   0|0x0000000700c00000, 0x0000000700ce7600, 0x0000000700d00000| 90%| O|  |TAMS 0x0000000700ce7600, 0x0000000700c00000| Untracked 
|   1|0x0000000700d00000, 0x0000000700e00000, 0x0000000700e00000|100%|HS|  |TAMS 0x0000000700d00000, 0x0000000700d00000| Complete 
|   2|0x0000000700e00000, 0x0000000700f00000, 0x0000000700f00000|100%|HC|  |TAMS 0x0000000700e00000, 0x0000000700e00000| Complete 
|   3|0x0000000700f00000, 0x0000000700f00000, 0x0000000701000000|  0%| F|  |TAMS 0x0000000700f00000, 0x0000000700f00000| Untracked 
|   4|0x0000000701000000, 0x0000000701000000, 0x0000000701100000|  0%| F|  |TAMS 0x0000000701000000, 0x0000000701000000| Untracked 
|   5|0x0000000701100000, 0x0000000701100000, 0x0000000701200000|  0%| F|  |TAMS 0x0000000701100000, 0x0000000701100000| Untracked 
|   6|0x0000000701200000, 0x0000000701200000, 0x0000000701300000|  0%| F|  |TAMS 0x0000000701200000, 0x0000000701200000| Untracked 
|   7|0x0000000701300000, 0x0000000701300000, 0x0000000701400000|  0%| F|  |TAMS 0x0000000701300000, 0x0000000701300000| Untracked 
|   8|0x0000000701400000, 0x0000000701400000, 0x0000000701500000|  0%| F|  |TAMS 0x0000000701400000, 0x0000000701400000| Untracked 
|   9|0x0000000701500000, 0x0000000701500000, 0x0000000701600000|  0%| F|  |TAMS 0x0000000701500000, 0x0000000701500000| Untracked 
|  10|0x0000000701600000, 0x0000000701600000, 0x0000000701700000|  0%| F|  |TAMS 0x0000000701600000, 0x0000000701600000| Untracked 
|  11|0x0000000701700000, 0x0000000701700000, 0x0000000701800000|  0%| F|  |TAMS 0x0000000701700000, 0x0000000701700000| Untracked 
|  12|0x0000000701800000, 0x0000000701800000, 0x0000000701900000|  0%| F|  |TAMS 0x0000000701800000, 0x0000000701800000| Untracked 
|  13|0x0000000701900000, 0x0000000701900000, 0x0000000701a00000|  0%| F|  |TAMS 0x0000000701900000, 0x0000000701900000| Untracked 
|  14|0x0000000701a00000, 0x0000000701a00000, 0x0000000701b00000|  0%| F|  |TAMS 0x0000000701a00000, 0x0000000701a00000| Untracked 
|  15|0x0000000701b00000, 0x0000000701b00000, 0x0000000701c00000|  0%| F|  |TAMS 0x0000000701b00000, 0x0000000701b00000| Untracked 
|  16|0x0000000701c00000, 0x0000000701c00000, 0x0000000701d00000|  0%| F|  |TAMS 0x0000000701c00000, 0x0000000701c00000| Untracked 
|  17|0x0000000701d00000, 0x0000000701d00000, 0x0000000701e00000|  0%| F|  |TAMS 0x0000000701d00000, 0x0000000701d00000| Untracked 
|  18|0x0000000701e00000, 0x0000000701e00000, 0x0000000701f00000|  0%| F|  |TAMS 0x0000000701e00000, 0x0000000701e00000| Untracked 
|  19|0x0000000701f00000, 0x0000000701f00000, 0x0000000702000000|  0%| F|  |TAMS 0x0000000701f00000, 0x0000000701f00000| Untracked 
|  20|0x0000000702000000, 0x0000000702000000, 0x0000000702100000|  0%| F|  |TAMS 0x0000000702000000, 0x0000000702000000| Untracked 
|  21|0x0000000702100000, 0x0000000702100000, 0x0000000702200000|  0%| F|  |TAMS 0x0000000702100000, 0x0000000702100000| Untracked 
|  22|0x0000000702200000, 0x0000000702200000, 0x0000000702300000|  0%| F|  |TAMS 0x0000000702200000, 0x0000000702200000| Untracked 
|  23|0x0000000702300000, 0x0000000702300000, 0x0000000702400000|  0%| F|  |TAMS 0x0000000702300000, 0x0000000702300000| Untracked 
|  24|0x0000000702400000, 0x0000000702400000, 0x0000000702500000|  0%| F|  |TAMS 0x0000000702400000, 0x0000000702400000| Untracked 
|  25|0x0000000702500000, 0x0000000702500000, 0x0000000702600000|  0%| F|  |TAMS 0x0000000702500000, 0x0000000702500000| Untracked 
|  26|0x0000000702600000, 0x0000000702600000, 0x0000000702700000|  0%| F|  |TAMS 0x0000000702600000, 0x0000000702600000| Untracked 
|  27|0x0000000702700000, 0x0000000702700000, 0x0000000702800000|  0%| F|  |TAMS 0x0000000702700000, 0x0000000702700000| Untracked 
|  28|0x0000000702800000, 0x0000000702800000, 0x0000000702900000|  0%| F|  |TAMS 0x0000000702800000, 0x0000000702800000| Untracked 
|  29|0x0000000702900000, 0x0000000702900000, 0x0000000702a00000|  0%| F|  |TAMS 0x0000000702900000, 0x0000000702900000| Untracked 
|  30|0x0000000702a00000, 0x0000000702a00000, 0x0000000702b00000|  0%| F|  |TAMS 0x0000000702a00000, 0x0000000702a00000| Untracked 
|  31|0x0000000702b00000, 0x0000000702b00000, 0x0000000702c00000|  0%| F|  |TAMS 0x0000000702b00000, 0x0000000702b00000| Untracked 
|  32|0x0000000702c00000, 0x0000000702c00000, 0x0000000702d00000|  0%| F|  |TAMS 0x0000000702c00000, 0x0000000702c00000| Untracked 
|  33|0x0000000702d00000, 0x0000000702d00000, 0x0000000702e00000|  0%| F|  |TAMS 0x0000000702d00000, 0x0000000702d00000| Untracked 
|  34|0x0000000702e00000, 0x0000000702e00000, 0x0000000702f00000|  0%| F|  |TAMS 0x0000000702e00000, 0x0000000702e00000| Untracked 
|  35|0x0000000702f00000, 0x0000000702f00000, 0x0000000703000000|  0%| F|  |TAMS 0x0000000702f00000, 0x0000000702f00000| Untracked 
|  36|0x0000000703000000, 0x0000000703000000, 0x0000000703100000|  0%| F|  |TAMS 0x0000000703000000, 0x0000000703000000| Untracked 
|  37|0x0000000703100000, 0x0000000703100000, 0x0000000703200000|  0%| F|  |TAMS 0x0000000703100000, 0x0000000703100000| Untracked 
|  38|0x0000000703200000, 0x0000000703200000, 0x0000000703300000|  0%| F|  |TAMS 0x0000000703200000, 0x0000000703200000| Untracked 
|  39|0x0000000703300000, 0x0000000703300000, 0x0000000703400000|  0%| F|  |TAMS 0x0000000703300000, 0x0000000703300000| Untracked 
|  40|0x0000000703400000, 0x0000000703400000, 0x0000000703500000|  0%| F|  |TAMS 0x0000000703400000, 0x0000000703400000| Untracked 
|  41|0x0000000703500000, 0x0000000703500000, 0x0000000703600000|  0%| F|  |TAMS 0x0000000703500000, 0x0000000703500000| Untracked 
|  42|0x0000000703600000, 0x0000000703600000, 0x0000000703700000|  0%| F|  |TAMS 0x0000000703600000, 0x0000000703600000| Untracked 
|  43|0x0000000703700000, 0x0000000703700000, 0x0000000703800000|  0%| F|  |TAMS 0x0000000703700000, 0x0000000703700000| Untracked 
|  44|0x0000000703800000, 0x0000000703800000, 0x0000000703900000|  0%| F|  |TAMS 0x0000000703800000, 0x0000000703800000| Untracked 
|  45|0x0000000703900000, 0x0000000703900000, 0x0000000703a00000|  0%| F|  |TAMS 0x0000000703900000, 0x0000000703900000| Untracked 
|  46|0x0000000703a00000, 0x0000000703a00000, 0x0000000703b00000|  0%| F|  |TAMS 0x0000000703a00000, 0x0000000703a00000| Untracked 
|  47|0x0000000703b00000, 0x0000000703b00000, 0x0000000703c00000|  0%| F|  |TAMS 0x0000000703b00000, 0x0000000703b00000| Untracked 
|  48|0x0000000703c00000, 0x0000000703c00000, 0x0000000703d00000|  0%| F|  |TAMS 0x0000000703c00000, 0x0000000703c00000| Untracked 
|  49|0x0000000703d00000, 0x0000000703d00000, 0x0000000703e00000|  0%| F|  |TAMS 0x0000000703d00000, 0x0000000703d00000| Untracked 
|  50|0x0000000703e00000, 0x0000000703e00000, 0x0000000703f00000|  0%| F|  |TAMS 0x0000000703e00000, 0x0000000703e00000| Untracked 
|  51|0x0000000703f00000, 0x0000000703f00000, 0x0000000704000000|  0%| F|  |TAMS 0x0000000703f00000, 0x0000000703f00000| Untracked 
|  52|0x0000000704000000, 0x0000000704000000, 0x0000000704100000|  0%| F|  |TAMS 0x0000000704000000, 0x0000000704000000| Untracked 
|  53|0x0000000704100000, 0x0000000704100000, 0x0000000704200000|  0%| F|  |TAMS 0x0000000704100000, 0x0000000704100000| Untracked 
|  54|0x0000000704200000, 0x0000000704200000, 0x0000000704300000|  0%| F|  |TAMS 0x0000000704200000, 0x0000000704200000| Untracked 
|  55|0x0000000704300000, 0x0000000704300000, 0x0000000704400000|  0%| F|  |TAMS 0x0000000704300000, 0x0000000704300000| Untracked 
|  56|0x0000000704400000, 0x0000000704400000, 0x0000000704500000|  0%| F|  |TAMS 0x0000000704400000, 0x0000000704400000| Untracked 
|  57|0x0000000704500000, 0x0000000704500000, 0x0000000704600000|  0%| F|  |TAMS 0x0000000704500000, 0x0000000704500000| Untracked 
|  58|0x0000000704600000, 0x0000000704600000, 0x0000000704700000|  0%| F|  |TAMS 0x0000000704600000, 0x0000000704600000| Untracked 
|  59|0x0000000704700000, 0x0000000704700000, 0x0000000704800000|  0%| F|  |TAMS 0x0000000704700000, 0x0000000704700000| Untracked 
|  60|0x0000000704800000, 0x0000000704800000, 0x0000000704900000|  0%| F|  |TAMS 0x0000000704800000, 0x0000000704800000| Untracked 
|  61|0x0000000704900000, 0x0000000704900000, 0x0000000704a00000|  0%| F|  |TAMS 0x0000000704900000, 0x0000000704900000| Untracked 
|  62|0x0000000704a00000, 0x0000000704a00000, 0x0000000704b00000|  0%| F|  |TAMS 0x0000000704a00000, 0x0000000704a00000| Untracked 
|  63|0x0000000704b00000, 0x0000000704b00000, 0x0000000704c00000|  0%| F|  |TAMS 0x0000000704b00000, 0x0000000704b00000| Untracked 
|  64|0x0000000704c00000, 0x0000000704c00000, 0x0000000704d00000|  0%| F|  |TAMS 0x0000000704c00000, 0x0000000704c00000| Untracked 
|  65|0x0000000704d00000, 0x0000000704d00000, 0x0000000704e00000|  0%| F|  |TAMS 0x0000000704d00000, 0x0000000704d00000| Untracked 
|  66|0x0000000704e00000, 0x0000000704e00000, 0x0000000704f00000|  0%| F|  |TAMS 0x0000000704e00000, 0x0000000704e00000| Untracked 
|  67|0x0000000704f00000, 0x0000000704f00000, 0x0000000705000000|  0%| F|  |TAMS 0x0000000704f00000, 0x0000000704f00000| Untracked 
|  68|0x0000000705000000, 0x0000000705000000, 0x0000000705100000|  0%| F|  |TAMS 0x0000000705000000, 0x0000000705000000| Untracked 
|  69|0x0000000705100000, 0x0000000705100000, 0x0000000705200000|  0%| F|  |TAMS 0x0000000705100000, 0x0000000705100000| Untracked 
|  70|0x0000000705200000, 0x0000000705200000, 0x0000000705300000|  0%| F|  |TAMS 0x0000000705200000, 0x0000000705200000| Untracked 
|  71|0x0000000705300000, 0x0000000705300000, 0x0000000705400000|  0%| F|  |TAMS 0x0000000705300000, 0x0000000705300000| Untracked 
|  72|0x0000000705400000, 0x0000000705400000, 0x0000000705500000|  0%| F|  |TAMS 0x0000000705400000, 0x0000000705400000| Untracked 
|  73|0x0000000705500000, 0x0000000705500000, 0x0000000705600000|  0%| F|  |TAMS 0x0000000705500000, 0x0000000705500000| Untracked 
|  74|0x0000000705600000, 0x0000000705600000, 0x0000000705700000|  0%| F|  |TAMS 0x0000000705600000, 0x0000000705600000| Untracked 
|  75|0x0000000705700000, 0x0000000705700000, 0x0000000705800000|  0%| F|  |TAMS 0x0000000705700000, 0x0000000705700000| Untracked 
|  76|0x0000000705800000, 0x0000000705800000, 0x0000000705900000|  0%| F|  |TAMS 0x0000000705800000, 0x0000000705800000| Untracked 
|  77|0x0000000705900000, 0x0000000705900000, 0x0000000705a00000|  0%| F|  |TAMS 0x0000000705900000, 0x0000000705900000| Untracked 
|  78|0x0000000705a00000, 0x0000000705a00000, 0x0000000705b00000|  0%| F|  |TAMS 0x0000000705a00000, 0x0000000705a00000| Untracked 
|  79|0x0000000705b00000, 0x0000000705b00000, 0x0000000705c00000|  0%| F|  |TAMS 0x0000000705b00000, 0x0000000705b00000| Untracked 
|  80|0x0000000705c00000, 0x0000000705c00000, 0x0000000705d00000|  0%| F|  |TAMS 0x0000000705c00000, 0x0000000705c00000| Untracked 
|  81|0x0000000705d00000, 0x0000000705d00000, 0x0000000705e00000|  0%| F|  |TAMS 0x0000000705d00000, 0x0000000705d00000| Untracked 
|  82|0x0000000705e00000, 0x0000000705e00000, 0x0000000705f00000|  0%| F|  |TAMS 0x0000000705e00000, 0x0000000705e00000| Untracked 
|  83|0x0000000705f00000, 0x0000000705f00000, 0x0000000706000000|  0%| F|  |TAMS 0x0000000705f00000, 0x0000000705f00000| Untracked 
|  84|0x0000000706000000, 0x0000000706000000, 0x0000000706100000|  0%| F|  |TAMS 0x0000000706000000, 0x0000000706000000| Untracked 
|  85|0x0000000706100000, 0x0000000706100000, 0x0000000706200000|  0%| F|  |TAMS 0x0000000706100000, 0x0000000706100000| Untracked 
|  86|0x0000000706200000, 0x0000000706200000, 0x0000000706300000|  0%| F|  |TAMS 0x0000000706200000, 0x0000000706200000| Untracked 
|  87|0x0000000706300000, 0x0000000706300000, 0x0000000706400000|  0%| F|  |TAMS 0x0000000706300000, 0x0000000706300000| Untracked 
|  88|0x0000000706400000, 0x0000000706400000, 0x0000000706500000|  0%| F|  |TAMS 0x0000000706400000, 0x0000000706400000| Untracked 
|  89|0x0000000706500000, 0x0000000706500000, 0x0000000706600000|  0%| F|  |TAMS 0x0000000706500000, 0x0000000706500000| Untracked 
|  90|0x0000000706600000, 0x0000000706600000, 0x0000000706700000|  0%| F|  |TAMS 0x0000000706600000, 0x0000000706600000| Untracked 
|  91|0x0000000706700000, 0x0000000706700000, 0x0000000706800000|  0%| F|  |TAMS 0x0000000706700000, 0x0000000706700000| Untracked 
|  92|0x0000000706800000, 0x0000000706800000, 0x0000000706900000|  0%| F|  |TAMS 0x0000000706800000, 0x0000000706800000| Untracked 
|  93|0x0000000706900000, 0x0000000706900000, 0x0000000706a00000|  0%| F|  |TAMS 0x0000000706900000, 0x0000000706900000| Untracked 
|  94|0x0000000706a00000, 0x0000000706a00000, 0x0000000706b00000|  0%| F|  |TAMS 0x0000000706a00000, 0x0000000706a00000| Untracked 
|  95|0x0000000706b00000, 0x0000000706b00000, 0x0000000706c00000|  0%| F|  |TAMS 0x0000000706b00000, 0x0000000706b00000| Untracked 
|  96|0x0000000706c00000, 0x0000000706c00000, 0x0000000706d00000|  0%| F|  |TAMS 0x0000000706c00000, 0x0000000706c00000| Untracked 
|  97|0x0000000706d00000, 0x0000000706d00000, 0x0000000706e00000|  0%| F|  |TAMS 0x0000000706d00000, 0x0000000706d00000| Untracked 
|  98|0x0000000706e00000, 0x0000000706e00000, 0x0000000706f00000|  0%| F|  |TAMS 0x0000000706e00000, 0x0000000706e00000| Untracked 
|  99|0x0000000706f00000, 0x0000000706f00000, 0x0000000707000000|  0%| F|  |TAMS 0x0000000706f00000, 0x0000000706f00000| Untracked 
| 100|0x0000000707000000, 0x0000000707000000, 0x0000000707100000|  0%| F|  |TAMS 0x0000000707000000, 0x0000000707000000| Untracked 
| 101|0x0000000707100000, 0x0000000707100000, 0x0000000707200000|  0%| F|  |TAMS 0x0000000707100000, 0x0000000707100000| Untracked 
| 102|0x0000000707200000, 0x0000000707200000, 0x0000000707300000|  0%| F|  |TAMS 0x0000000707200000, 0x0000000707200000| Untracked 
| 103|0x0000000707300000, 0x0000000707300000, 0x0000000707400000|  0%| F|  |TAMS 0x0000000707300000, 0x0000000707300000| Untracked 
| 104|0x0000000707400000, 0x0000000707400000, 0x0000000707500000|  0%| F|  |TAMS 0x0000000707400000, 0x0000000707400000| Untracked 
| 105|0x0000000707500000, 0x0000000707500000, 0x0000000707600000|  0%| F|  |TAMS 0x0000000707500000, 0x0000000707500000| Untracked 
| 106|0x0000000707600000, 0x0000000707600000, 0x0000000707700000|  0%| F|  |TAMS 0x0000000707600000, 0x0000000707600000| Untracked 
| 107|0x0000000707700000, 0x0000000707700000, 0x0000000707800000|  0%| F|  |TAMS 0x0000000707700000, 0x0000000707700000| Untracked 
| 108|0x0000000707800000, 0x0000000707800000, 0x0000000707900000|  0%| F|  |TAMS 0x0000000707800000, 0x0000000707800000| Untracked 
| 109|0x0000000707900000, 0x0000000707900000, 0x0000000707a00000|  0%| F|  |TAMS 0x0000000707900000, 0x0000000707900000| Untracked 
| 110|0x0000000707a00000, 0x0000000707a00000, 0x0000000707b00000|  0%| F|  |TAMS 0x0000000707a00000, 0x0000000707a00000| Untracked 
| 111|0x0000000707b00000, 0x0000000707b00000, 0x0000000707c00000|  0%| F|  |TAMS 0x0000000707b00000, 0x0000000707b00000| Untracked 
| 112|0x0000000707c00000, 0x0000000707c00000, 0x0000000707d00000|  0%| F|  |TAMS 0x0000000707c00000, 0x0000000707c00000| Untracked 
| 113|0x0000000707d00000, 0x0000000707d00000, 0x0000000707e00000|  0%| F|  |TAMS 0x0000000707d00000, 0x0000000707d00000| Untracked 
| 114|0x0000000707e00000, 0x0000000707e00000, 0x0000000707f00000|  0%| F|  |TAMS 0x0000000707e00000, 0x0000000707e00000| Untracked 
| 115|0x0000000707f00000, 0x0000000707f00000, 0x0000000708000000|  0%| F|  |TAMS 0x0000000707f00000, 0x0000000707f00000| Untracked 
| 116|0x0000000708000000, 0x0000000708000000, 0x0000000708100000|  0%| F|  |TAMS 0x0000000708000000, 0x0000000708000000| Untracked 
| 117|0x0000000708100000, 0x0000000708100000, 0x0000000708200000|  0%| F|  |TAMS 0x0000000708100000, 0x0000000708100000| Untracked 
| 118|0x0000000708200000, 0x0000000708200000, 0x0000000708300000|  0%| F|  |TAMS 0x0000000708200000, 0x0000000708200000| Untracked 
| 119|0x0000000708300000, 0x0000000708300000, 0x0000000708400000|  0%| F|  |TAMS 0x0000000708300000, 0x0000000708300000| Untracked 
| 120|0x0000000708400000, 0x0000000708400000, 0x0000000708500000|  0%| F|  |TAMS 0x0000000708400000, 0x0000000708400000| Untracked 
| 121|0x0000000708500000, 0x0000000708500000, 0x0000000708600000|  0%| F|  |TAMS 0x0000000708500000, 0x0000000708500000| Untracked 
| 122|0x0000000708600000, 0x0000000708600000, 0x0000000708700000|  0%| F|  |TAMS 0x0000000708600000, 0x0000000708600000| Untracked 
| 123|0x0000000708700000, 0x0000000708700000, 0x0000000708800000|  0%| F|  |TAMS 0x0000000708700000, 0x0000000708700000| Untracked 
| 124|0x0000000708800000, 0x0000000708800000, 0x0000000708900000|  0%| F|  |TAMS 0x0000000708800000, 0x0000000708800000| Untracked 
| 125|0x0000000708900000, 0x0000000708900000, 0x0000000708a00000|  0%| F|  |TAMS 0x0000000708900000, 0x0000000708900000| Untracked 
| 126|0x0000000708a00000, 0x0000000708a00000, 0x0000000708b00000|  0%| F|  |TAMS 0x0000000708a00000, 0x0000000708a00000| Untracked 
| 127|0x0000000708b00000, 0x0000000708b00000, 0x0000000708c00000|  0%| F|  |TAMS 0x0000000708b00000, 0x0000000708b00000| Untracked 
| 128|0x0000000708c00000, 0x0000000708c00000, 0x0000000708d00000|  0%| F|  |TAMS 0x0000000708c00000, 0x0000000708c00000| Untracked 
| 129|0x0000000708d00000, 0x0000000708d00000, 0x0000000708e00000|  0%| F|  |TAMS 0x0000000708d00000, 0x0000000708d00000| Untracked 
| 130|0x0000000708e00000, 0x0000000708e00000, 0x0000000708f00000|  0%| F|  |TAMS 0x0000000708e00000, 0x0000000708e00000| Untracked 
| 131|0x0000000708f00000, 0x0000000708f00000, 0x0000000709000000|  0%| F|  |TAMS 0x0000000708f00000, 0x0000000708f00000| Untracked 
| 132|0x0000000709000000, 0x0000000709000000, 0x0000000709100000|  0%| F|  |TAMS 0x0000000709000000, 0x0000000709000000| Untracked 
| 133|0x0000000709100000, 0x0000000709100000, 0x0000000709200000|  0%| F|  |TAMS 0x0000000709100000, 0x0000000709100000| Untracked 
| 134|0x0000000709200000, 0x0000000709200000, 0x0000000709300000|  0%| F|  |TAMS 0x0000000709200000, 0x0000000709200000| Untracked 
| 135|0x0000000709300000, 0x0000000709300000, 0x0000000709400000|  0%| F|  |TAMS 0x0000000709300000, 0x0000000709300000| Untracked 
| 136|0x0000000709400000, 0x0000000709400000, 0x0000000709500000|  0%| F|  |TAMS 0x0000000709400000, 0x0000000709400000| Untracked 
| 137|0x0000000709500000, 0x0000000709500000, 0x0000000709600000|  0%| F|  |TAMS 0x0000000709500000, 0x0000000709500000| Untracked 
| 138|0x0000000709600000, 0x0000000709600000, 0x0000000709700000|  0%| F|  |TAMS 0x0000000709600000, 0x0000000709600000| Untracked 
| 139|0x0000000709700000, 0x0000000709700000, 0x0000000709800000|  0%| F|  |TAMS 0x0000000709700000, 0x0000000709700000| Untracked 
| 140|0x0000000709800000, 0x0000000709800000, 0x0000000709900000|  0%| F|  |TAMS 0x0000000709800000, 0x0000000709800000| Untracked 
| 141|0x0000000709900000, 0x0000000709900000, 0x0000000709a00000|  0%| F|  |TAMS 0x0000000709900000, 0x0000000709900000| Untracked 
| 142|0x0000000709a00000, 0x0000000709a00000, 0x0000000709b00000|  0%| F|  |TAMS 0x0000000709a00000, 0x0000000709a00000| Untracked 
| 143|0x0000000709b00000, 0x0000000709b00000, 0x0000000709c00000|  0%| F|  |TAMS 0x0000000709b00000, 0x0000000709b00000| Untracked 
| 144|0x0000000709c00000, 0x0000000709c00000, 0x0000000709d00000|  0%| F|  |TAMS 0x0000000709c00000, 0x0000000709c00000| Untracked 
| 145|0x0000000709d00000, 0x0000000709d00000, 0x0000000709e00000|  0%| F|  |TAMS 0x0000000709d00000, 0x0000000709d00000| Untracked 
| 146|0x0000000709e00000, 0x0000000709e00000, 0x0000000709f00000|  0%| F|  |TAMS 0x0000000709e00000, 0x0000000709e00000| Untracked 
| 147|0x0000000709f00000, 0x0000000709f00000, 0x000000070a000000|  0%| F|  |TAMS 0x0000000709f00000, 0x0000000709f00000| Untracked 
| 148|0x000000070a000000, 0x000000070a000000, 0x000000070a100000|  0%| F|  |TAMS 0x000000070a000000, 0x000000070a000000| Untracked 
| 149|0x000000070a100000, 0x000000070a100000, 0x000000070a200000|  0%| F|  |TAMS 0x000000070a100000, 0x000000070a100000| Untracked 
| 150|0x000000070a200000, 0x000000070a200000, 0x000000070a300000|  0%| F|  |TAMS 0x000000070a200000, 0x000000070a200000| Untracked 
| 151|0x000000070a300000, 0x000000070a300000, 0x000000070a400000|  0%| F|  |TAMS 0x000000070a300000, 0x000000070a300000| Untracked 
| 152|0x000000070a400000, 0x000000070a400000, 0x000000070a500000|  0%| F|  |TAMS 0x000000070a400000, 0x000000070a400000| Untracked 
| 153|0x000000070a500000, 0x000000070a500000, 0x000000070a600000|  0%| F|  |TAMS 0x000000070a500000, 0x000000070a500000| Untracked 
| 154|0x000000070a600000, 0x000000070a600000, 0x000000070a700000|  0%| F|  |TAMS 0x000000070a600000, 0x000000070a600000| Untracked 
| 155|0x000000070a700000, 0x000000070a700000, 0x000000070a800000|  0%| F|  |TAMS 0x000000070a700000, 0x000000070a700000| Untracked 
| 156|0x000000070a800000, 0x000000070a800000, 0x000000070a900000|  0%| F|  |TAMS 0x000000070a800000, 0x000000070a800000| Untracked 
| 157|0x000000070a900000, 0x000000070a900000, 0x000000070aa00000|  0%| F|  |TAMS 0x000000070a900000, 0x000000070a900000| Untracked 
| 158|0x000000070aa00000, 0x000000070aa00000, 0x000000070ab00000|  0%| F|  |TAMS 0x000000070aa00000, 0x000000070aa00000| Untracked 
| 159|0x000000070ab00000, 0x000000070ab00000, 0x000000070ac00000|  0%| F|  |TAMS 0x000000070ab00000, 0x000000070ab00000| Untracked 
| 160|0x000000070ac00000, 0x000000070ac00000, 0x000000070ad00000|  0%| F|  |TAMS 0x000000070ac00000, 0x000000070ac00000| Untracked 
| 161|0x000000070ad00000, 0x000000070ad00000, 0x000000070ae00000|  0%| F|  |TAMS 0x000000070ad00000, 0x000000070ad00000| Untracked 
| 162|0x000000070ae00000, 0x000000070ae00000, 0x000000070af00000|  0%| F|  |TAMS 0x000000070ae00000, 0x000000070ae00000| Untracked 
| 163|0x000000070af00000, 0x000000070af00000, 0x000000070b000000|  0%| F|  |TAMS 0x000000070af00000, 0x000000070af00000| Untracked 
| 164|0x000000070b000000, 0x000000070b000000, 0x000000070b100000|  0%| F|  |TAMS 0x000000070b000000, 0x000000070b000000| Untracked 
| 165|0x000000070b100000, 0x000000070b100000, 0x000000070b200000|  0%| F|  |TAMS 0x000000070b100000, 0x000000070b100000| Untracked 
| 166|0x000000070b200000, 0x000000070b200000, 0x000000070b300000|  0%| F|  |TAMS 0x000000070b200000, 0x000000070b200000| Untracked 
| 167|0x000000070b300000, 0x000000070b300000, 0x000000070b400000|  0%| F|  |TAMS 0x000000070b300000, 0x000000070b300000| Untracked 
| 168|0x000000070b400000, 0x000000070b400000, 0x000000070b500000|  0%| F|  |TAMS 0x000000070b400000, 0x000000070b400000| Untracked 
| 169|0x000000070b500000, 0x000000070b500000, 0x000000070b600000|  0%| F|  |TAMS 0x000000070b500000, 0x000000070b500000| Untracked 
| 170|0x000000070b600000, 0x000000070b600000, 0x000000070b700000|  0%| F|  |TAMS 0x000000070b600000, 0x000000070b600000| Untracked 
| 171|0x000000070b700000, 0x000000070b700000, 0x000000070b800000|  0%| F|  |TAMS 0x000000070b700000, 0x000000070b700000| Untracked 
| 172|0x000000070b800000, 0x000000070b800000, 0x000000070b900000|  0%| F|  |TAMS 0x000000070b800000, 0x000000070b800000| Untracked 
| 173|0x000000070b900000, 0x000000070b900000, 0x000000070ba00000|  0%| F|  |TAMS 0x000000070b900000, 0x000000070b900000| Untracked 
| 174|0x000000070ba00000, 0x000000070ba00000, 0x000000070bb00000|  0%| F|  |TAMS 0x000000070ba00000, 0x000000070ba00000| Untracked 
| 175|0x000000070bb00000, 0x000000070bb00000, 0x000000070bc00000|  0%| F|  |TAMS 0x000000070bb00000, 0x000000070bb00000| Untracked 
| 176|0x000000070bc00000, 0x000000070bc00000, 0x000000070bd00000|  0%| F|  |TAMS 0x000000070bc00000, 0x000000070bc00000| Untracked 
| 177|0x000000070bd00000, 0x000000070bd00000, 0x000000070be00000|  0%| F|  |TAMS 0x000000070bd00000, 0x000000070bd00000| Untracked 
| 178|0x000000070be00000, 0x000000070be00000, 0x000000070bf00000|  0%| F|  |TAMS 0x000000070be00000, 0x000000070be00000| Untracked 
| 179|0x000000070bf00000, 0x000000070bf00000, 0x000000070c000000|  0%| F|  |TAMS 0x000000070bf00000, 0x000000070bf00000| Untracked 
| 180|0x000000070c000000, 0x000000070c000000, 0x000000070c100000|  0%| F|  |TAMS 0x000000070c000000, 0x000000070c000000| Untracked 
| 181|0x000000070c100000, 0x000000070c100000, 0x000000070c200000|  0%| F|  |TAMS 0x000000070c100000, 0x000000070c100000| Untracked 
| 182|0x000000070c200000, 0x000000070c200000, 0x000000070c300000|  0%| F|  |TAMS 0x000000070c200000, 0x000000070c200000| Untracked 
| 183|0x000000070c300000, 0x000000070c300000, 0x000000070c400000|  0%| F|  |TAMS 0x000000070c300000, 0x000000070c300000| Untracked 
| 184|0x000000070c400000, 0x000000070c400000, 0x000000070c500000|  0%| F|  |TAMS 0x000000070c400000, 0x000000070c400000| Untracked 
| 185|0x000000070c500000, 0x000000070c500000, 0x000000070c600000|  0%| F|  |TAMS 0x000000070c500000, 0x000000070c500000| Untracked 
| 186|0x000000070c600000, 0x000000070c600000, 0x000000070c700000|  0%| F|  |TAMS 0x000000070c600000, 0x000000070c600000| Untracked 
| 187|0x000000070c700000, 0x000000070c700000, 0x000000070c800000|  0%| F|  |TAMS 0x000000070c700000, 0x000000070c700000| Untracked 
| 188|0x000000070c800000, 0x000000070c800000, 0x000000070c900000|  0%| F|  |TAMS 0x000000070c800000, 0x000000070c800000| Untracked 
| 189|0x000000070c900000, 0x000000070c900000, 0x000000070ca00000|  0%| F|  |TAMS 0x000000070c900000, 0x000000070c900000| Untracked 
| 190|0x000000070ca00000, 0x000000070ca00000, 0x000000070cb00000|  0%| F|  |TAMS 0x000000070ca00000, 0x000000070ca00000| Untracked 
| 191|0x000000070cb00000, 0x000000070cb00000, 0x000000070cc00000|  0%| F|  |TAMS 0x000000070cb00000, 0x000000070cb00000| Untracked 
| 192|0x000000070cc00000, 0x000000070cc00000, 0x000000070cd00000|  0%| F|  |TAMS 0x000000070cc00000, 0x000000070cc00000| Untracked 
| 193|0x000000070cd00000, 0x000000070cd00000, 0x000000070ce00000|  0%| F|  |TAMS 0x000000070cd00000, 0x000000070cd00000| Untracked 
| 194|0x000000070ce00000, 0x000000070ce00000, 0x000000070cf00000|  0%| F|  |TAMS 0x000000070ce00000, 0x000000070ce00000| Untracked 
| 195|0x000000070cf00000, 0x000000070cf00000, 0x000000070d000000|  0%| F|  |TAMS 0x000000070cf00000, 0x000000070cf00000| Untracked 
| 196|0x000000070d000000, 0x000000070d000000, 0x000000070d100000|  0%| F|  |TAMS 0x000000070d000000, 0x000000070d000000| Untracked 
| 197|0x000000070d100000, 0x000000070d100000, 0x000000070d200000|  0%| F|  |TAMS 0x000000070d100000, 0x000000070d100000| Untracked 
| 198|0x000000070d200000, 0x000000070d200000, 0x000000070d300000|  0%| F|  |TAMS 0x000000070d200000, 0x000000070d200000| Untracked 
| 199|0x000000070d300000, 0x000000070d300000, 0x000000070d400000|  0%| F|  |TAMS 0x000000070d300000, 0x000000070d300000| Untracked 
| 200|0x000000070d400000, 0x000000070d400000, 0x000000070d500000|  0%| F|  |TAMS 0x000000070d400000, 0x000000070d400000| Untracked 
| 201|0x000000070d500000, 0x000000070d500000, 0x000000070d600000|  0%| F|  |TAMS 0x000000070d500000, 0x000000070d500000| Untracked 
| 202|0x000000070d600000, 0x000000070d600000, 0x000000070d700000|  0%| F|  |TAMS 0x000000070d600000, 0x000000070d600000| Untracked 
| 203|0x000000070d700000, 0x000000070d700000, 0x000000070d800000|  0%| F|  |TAMS 0x000000070d700000, 0x000000070d700000| Untracked 
| 204|0x000000070d800000, 0x000000070d800000, 0x000000070d900000|  0%| F|  |TAMS 0x000000070d800000, 0x000000070d800000| Untracked 
| 205|0x000000070d900000, 0x000000070d900000, 0x000000070da00000|  0%| F|  |TAMS 0x000000070d900000, 0x000000070d900000| Untracked 
| 206|0x000000070da00000, 0x000000070da00000, 0x000000070db00000|  0%| F|  |TAMS 0x000000070da00000, 0x000000070da00000| Untracked 
| 207|0x000000070db00000, 0x000000070db00000, 0x000000070dc00000|  0%| F|  |TAMS 0x000000070db00000, 0x000000070db00000| Untracked 
| 208|0x000000070dc00000, 0x000000070dc00000, 0x000000070dd00000|  0%| F|  |TAMS 0x000000070dc00000, 0x000000070dc00000| Untracked 
| 209|0x000000070dd00000, 0x000000070dd00000, 0x000000070de00000|  0%| F|  |TAMS 0x000000070dd00000, 0x000000070dd00000| Untracked 
| 210|0x000000070de00000, 0x000000070de00000, 0x000000070df00000|  0%| F|  |TAMS 0x000000070de00000, 0x000000070de00000| Untracked 
| 211|0x000000070df00000, 0x000000070df00000, 0x000000070e000000|  0%| F|  |TAMS 0x000000070df00000, 0x000000070df00000| Untracked 
| 212|0x000000070e000000, 0x000000070e000000, 0x000000070e100000|  0%| F|  |TAMS 0x000000070e000000, 0x000000070e000000| Untracked 
| 213|0x000000070e100000, 0x000000070e100000, 0x000000070e200000|  0%| F|  |TAMS 0x000000070e100000, 0x000000070e100000| Untracked 
| 214|0x000000070e200000, 0x000000070e200000, 0x000000070e300000|  0%| F|  |TAMS 0x000000070e200000, 0x000000070e200000| Untracked 
| 215|0x000000070e300000, 0x000000070e309d50, 0x000000070e400000|  3%| S|CS|TAMS 0x000000070e300000, 0x000000070e300000| Complete 
| 216|0x000000070e400000, 0x000000070e500000, 0x000000070e500000|100%| S|CS|TAMS 0x000000070e400000, 0x000000070e400000| Complete 
| 217|0x000000070e500000, 0x000000070e600000, 0x000000070e600000|100%| S|CS|TAMS 0x000000070e500000, 0x000000070e500000| Complete 
| 218|0x000000070e600000, 0x000000070e700000, 0x000000070e700000|100%| S|CS|TAMS 0x000000070e600000, 0x000000070e600000| Complete 
| 219|0x000000070e700000, 0x000000070e800000, 0x000000070e800000|100%| S|CS|TAMS 0x000000070e700000, 0x000000070e700000| Complete 
| 220|0x000000070e800000, 0x000000070e900000, 0x000000070e900000|100%| S|CS|TAMS 0x000000070e800000, 0x000000070e800000| Complete 
| 221|0x000000070e900000, 0x000000070ea00000, 0x000000070ea00000|100%| S|CS|TAMS 0x000000070e900000, 0x000000070e900000| Complete 
| 222|0x000000070ea00000, 0x000000070eb00000, 0x000000070eb00000|100%| S|CS|TAMS 0x000000070ea00000, 0x000000070ea00000| Complete 
| 223|0x000000070eb00000, 0x000000070eb00000, 0x000000070ec00000|  0%| F|  |TAMS 0x000000070eb00000, 0x000000070eb00000| Untracked 
| 224|0x000000070ec00000, 0x000000070ec00000, 0x000000070ed00000|  0%| F|  |TAMS 0x000000070ec00000, 0x000000070ec00000| Untracked 
| 225|0x000000070ed00000, 0x000000070ed00000, 0x000000070ee00000|  0%| F|  |TAMS 0x000000070ed00000, 0x000000070ed00000| Untracked 
| 226|0x000000070ee00000, 0x000000070ee00000, 0x000000070ef00000|  0%| F|  |TAMS 0x000000070ee00000, 0x000000070ee00000| Untracked 
| 227|0x000000070ef00000, 0x000000070ef00000, 0x000000070f000000|  0%| F|  |TAMS 0x000000070ef00000, 0x000000070ef00000| Untracked 
| 228|0x000000070f000000, 0x000000070f000000, 0x000000070f100000|  0%| F|  |TAMS 0x000000070f000000, 0x000000070f000000| Untracked 
| 229|0x000000070f100000, 0x000000070f100000, 0x000000070f200000|  0%| F|  |TAMS 0x000000070f100000, 0x000000070f100000| Untracked 
| 230|0x000000070f200000, 0x000000070f200000, 0x000000070f300000|  0%| F|  |TAMS 0x000000070f200000, 0x000000070f200000| Untracked 
| 231|0x000000070f300000, 0x000000070f300000, 0x000000070f400000|  0%| F|  |TAMS 0x000000070f300000, 0x000000070f300000| Untracked 
| 232|0x000000070f400000, 0x000000070f400000, 0x000000070f500000|  0%| F|  |TAMS 0x000000070f400000, 0x000000070f400000| Untracked 
| 233|0x000000070f500000, 0x000000070f500000, 0x000000070f600000|  0%| F|  |TAMS 0x000000070f500000, 0x000000070f500000| Untracked 
| 234|0x000000070f600000, 0x000000070f600000, 0x000000070f700000|  0%| F|  |TAMS 0x000000070f600000, 0x000000070f600000| Untracked 
| 235|0x000000070f700000, 0x000000070f700000, 0x000000070f800000|  0%| F|  |TAMS 0x000000070f700000, 0x000000070f700000| Untracked 
| 236|0x000000070f800000, 0x000000070f800000, 0x000000070f900000|  0%| F|  |TAMS 0x000000070f800000, 0x000000070f800000| Untracked 
| 237|0x000000070f900000, 0x000000070f981b20, 0x000000070fa00000| 50%| E|  |TAMS 0x000000070f900000, 0x000000070f900000| Complete 
| 238|0x000000070fa00000, 0x000000070fb00000, 0x000000070fb00000|100%| E|CS|TAMS 0x000000070fa00000, 0x000000070fa00000| Complete 
| 239|0x000000070fb00000, 0x000000070fc00000, 0x000000070fc00000|100%| E|CS|TAMS 0x000000070fb00000, 0x000000070fb00000| Complete 
| 240|0x000000070fc00000, 0x000000070fd00000, 0x000000070fd00000|100%| E|CS|TAMS 0x000000070fc00000, 0x000000070fc00000| Complete 
| 241|0x000000070fd00000, 0x000000070fe00000, 0x000000070fe00000|100%| E|CS|TAMS 0x000000070fd00000, 0x000000070fd00000| Complete 
| 242|0x000000070fe00000, 0x000000070ff00000, 0x000000070ff00000|100%| E|CS|TAMS 0x000000070fe00000, 0x000000070fe00000| Complete 
| 243|0x000000070ff00000, 0x0000000710000000, 0x0000000710000000|100%| E|CS|TAMS 0x000000070ff00000, 0x000000070ff00000| Complete 
| 244|0x0000000710000000, 0x0000000710100000, 0x0000000710100000|100%| E|CS|TAMS 0x0000000710000000, 0x0000000710000000| Complete 
| 245|0x0000000710100000, 0x0000000710200000, 0x0000000710200000|100%| E|CS|TAMS 0x0000000710100000, 0x0000000710100000| Complete 
| 246|0x0000000710200000, 0x0000000710300000, 0x0000000710300000|100%| E|CS|TAMS 0x0000000710200000, 0x0000000710200000| Complete 
| 247|0x0000000710300000, 0x0000000710400000, 0x0000000710400000|100%| E|CS|TAMS 0x0000000710300000, 0x0000000710300000| Complete 
| 248|0x0000000710400000, 0x0000000710500000, 0x0000000710500000|100%| E|CS|TAMS 0x0000000710400000, 0x0000000710400000| Complete 
| 249|0x0000000710500000, 0x0000000710600000, 0x0000000710600000|100%| E|CS|TAMS 0x0000000710500000, 0x0000000710500000| Complete 
| 250|0x0000000710600000, 0x0000000710700000, 0x0000000710700000|100%| E|CS|TAMS 0x0000000710600000, 0x0000000710600000| Complete 
| 251|0x0000000710700000, 0x0000000710800000, 0x0000000710800000|100%| E|CS|TAMS 0x0000000710700000, 0x0000000710700000| Complete 
| 252|0x0000000710800000, 0x0000000710900000, 0x0000000710900000|100%| E|CS|TAMS 0x0000000710800000, 0x0000000710800000| Complete 
| 253|0x0000000710900000, 0x0000000710a00000, 0x0000000710a00000|100%| E|CS|TAMS 0x0000000710900000, 0x0000000710900000| Complete 
| 254|0x0000000710a00000, 0x0000000710b00000, 0x0000000710b00000|100%| E|CS|TAMS 0x0000000710a00000, 0x0000000710a00000| Complete 
| 255|0x0000000710b00000, 0x0000000710c00000, 0x0000000710c00000|100%| E|CS|TAMS 0x0000000710b00000, 0x0000000710b00000| Complete 

Card table byte_map: [0x00000238ee0a0000,0x00000238ee8a0000] _byte_map_base: 0x00000238ea89a000

Marking Bits (Prev, Next): (CMBitMap*) 0x00000238d4116190, (CMBitMap*) 0x00000238d4116158
 Prev Bits: [0x00000238f3070000, 0x00000238f7040000)
 Next Bits: [0x00000238ef0a0000, 0x00000238f3070000)

Polling page: 0x00000238d3f70000

Metaspace:

Usage:
  Non-class:     22.11 MB capacity,    21.60 MB ( 98%) used,   415.70 KB (  2%) free+waste,   104.13 KB ( <1%) overhead. 
      Class:      3.57 MB capacity,     3.18 MB ( 89%) used,   349.16 KB ( 10%) free+waste,    52.94 KB (  1%) overhead. 
       Both:     25.68 MB capacity,    24.78 MB ( 96%) used,   764.85 KB (  3%) free+waste,   157.06 KB ( <1%) overhead. 

Virtual space:
  Non-class space:       24.00 MB reserved,      22.25 MB ( 93%) committed 
      Class space:        1.00 GB reserved,       3.63 MB ( <1%) committed 
             Both:        1.02 GB reserved,      25.88 MB (  2%) committed 

Chunk freelists:
   Non-Class:  2.50 KB
       Class:  2.63 KB
        Both:  5.13 KB

CodeHeap 'non-profiled nmethods': size=120000Kb used=1328Kb max_used=1328Kb free=118671Kb
 bounds [0x00000238e56f0000, 0x00000238e5960000, 0x00000238ecc20000]
CodeHeap 'profiled nmethods': size=120000Kb used=6112Kb max_used=6112Kb free=113887Kb
 bounds [0x00000238de1c0000, 0x00000238de7c0000, 0x00000238e56f0000]
CodeHeap 'non-nmethods': size=5760Kb used=1343Kb max_used=1368Kb free=4417Kb
 bounds [0x00000238ddc20000, 0x00000238dde90000, 0x00000238de1c0000]
 total_blobs=4380 nmethods=3071 adapters=674
 compilation: enabled
              stopped_count=0, restarted_count=0
 full_count=0

Compilation events (10 events):
Event: 20.770 Thread 0x00000238fa6fa800 3068       3       com.sun.javafx.geom.transform.Identity::equals (23 bytes)
Event: 20.771 Thread 0x00000238fa6fa800 nmethod 3068 0x00000238de7b6990 code [0x00000238de7b6b60, 0x00000238de7b7030]
Event: 21.058 Thread 0x00000238fa6f6000 3069       4       java.util.WeakHashMap$HashIterator::nextEntry (81 bytes)
Event: 21.061 Thread 0x00000238fa6f6000 nmethod 3069 0x00000238e583bd90 code [0x00000238e583bf20, 0x00000238e583c2b8]
Event: 21.081 Thread 0x00000238fa6fa800 3070       3       java.util.regex.Pattern::has (15 bytes)
Event: 21.082 Thread 0x00000238fa6fa800 nmethod 3070 0x00000238de7b7110 code [0x00000238de7b72c0, 0x00000238de7b7478]
Event: 21.082 Thread 0x00000238fa6fa800 3071       3       com.sun.javafx.util.WeakReferenceQueue::iterator (9 bytes)
Event: 21.082 Thread 0x00000238fa6fa800 nmethod 3071 0x00000238de7b7510 code [0x00000238de7b76e0, 0x00000238de7b7a38]
Event: 21.082 Thread 0x00000238fa6fa800 3072       3       com.sun.javafx.util.WeakReferenceQueue$1::<init> (26 bytes)
Event: 21.082 Thread 0x00000238fa6fa800 nmethod 3072 0x00000238de7b7b10 code [0x00000238de7b7ce0, 0x00000238de7b7fb8]

GC Heap History (4 events):
Event: 0.598 GC heap before
{Heap before GC invocations=0 (full 0):
 garbage-first heap   total 262144K, used 23552K [0x0000000700c00000, 0x0000000800000000)
  region size 1024K, 24 young (24576K), 0 survivors (0K)
 Metaspace       used 12480K, capacity 12865K, committed 13056K, reserved 1060864K
  class space    used 1333K, capacity 1489K, committed 1536K, reserved 1048576K
}
Event: 0.601 GC heap after
{Heap after GC invocations=1 (full 0):
 garbage-first heap   total 262144K, used 3997K [0x0000000700c00000, 0x0000000800000000)
  region size 1024K, 3 young (3072K), 3 survivors (3072K)
 Metaspace       used 12480K, capacity 12865K, committed 13056K, reserved 1060864K
  class space    used 1333K, capacity 1489K, committed 1536K, reserved 1048576K
}
Event: 1.053 GC heap before
{Heap before GC invocations=1 (full 0):
 garbage-first heap   total 262144K, used 33693K [0x0000000700c00000, 0x0000000800000000)
  region size 1024K, 33 young (33792K), 3 survivors (3072K)
 Metaspace       used 20544K, capacity 21131K, committed 21248K, reserved 1067008K
  class space    used 2547K, capacity 2804K, committed 2816K, reserved 1048576K
}
Event: 1.060 GC heap after
{Heap after GC invocations=2 (full 0):
 garbage-first heap   total 262144K, used 8132K [0x0000000700c00000, 0x0000000800000000)
  region size 1024K, 8 young (8192K), 8 survivors (8192K)
 Metaspace       used 20544K, capacity 21131K, committed 21248K, reserved 1067008K
  class space    used 2547K, capacity 2804K, committed 2816K, reserved 1048576K
}

Deoptimization events (10 events):
Event: 0.804 Thread 0x00000238fb44c800 Uncommon trap: reason=bimorphic_or_optimized_type_check action=maybe_recompile pc=0x00000238e576db48 method=java.io.DataInputStream.readFully([BII)V @ 34 c2
Event: 0.905 Thread 0x00000238fb44c800 Uncommon trap: reason=intrinsic_or_type_checked_inlining action=make_not_entrant pc=0x00000238e5763afc method=java.util.Arrays.copyOf([Ljava/lang/Object;ILjava/lang/Class;)[Ljava/lang/Object; @ 35 c2
Event: 0.913 Thread 0x00000238fb44c800 Uncommon trap: reason=unstable_if action=reinterpret pc=0x00000238e576eb24 method=java.util.HashMap.hash(Ljava/lang/Object;)I @ 1 c2
Event: 1.014 Thread 0x00000238fb44c800 Uncommon trap: reason=class_check action=maybe_recompile pc=0x00000238e57056f4 method=java.lang.String.equals(Ljava/lang/Object;)Z @ 8 c2
Event: 1.014 Thread 0x00000238fb44c800 Uncommon trap: reason=class_check action=maybe_recompile pc=0x00000238e57056f4 method=java.lang.String.equals(Ljava/lang/Object;)Z @ 8 c2
Event: 1.014 Thread 0x00000238fb44c800 Uncommon trap: reason=class_check action=maybe_recompile pc=0x00000238e57056f4 method=java.lang.String.equals(Ljava/lang/Object;)Z @ 8 c2
Event: 1.016 Thread 0x00000238fb44c800 Uncommon trap: reason=class_check action=maybe_recompile pc=0x00000238e57056f4 method=java.lang.String.equals(Ljava/lang/Object;)Z @ 8 c2
Event: 1.038 Thread 0x00000238fa6f5800 Uncommon trap: reason=unstable_if action=reinterpret pc=0x00000238e578f68c method=java.util.concurrent.ConcurrentHashMap.putVal(Ljava/lang/Object;Ljava/lang/Object;Z)Ljava/lang/Object; @ 256 c2
Event: 1.277 Thread 0x00000238fb44c800 Uncommon trap: reason=unstable_if action=reinterpret pc=0x00000238e575fbcc method=jdk.internal.org.objectweb.asm.Type.getArgumentsAndReturnSizes(Ljava/lang/String;)I @ 47 c2
Event: 1.312 Thread 0x00000238fbad3800 Uncommon trap: reason=unstable_if action=reinterpret pc=0x00000238e574b10c method=java.lang.invoke.LambdaForm$BasicType.basicType(C)Ljava/lang/invoke/LambdaForm$BasicType; @ 1 c2

Classes redefined (0 events):
No events

Internal exceptions (10 events):
Event: 1.041 Thread 0x00000238fb44c800 Exception <a 'java/lang/ClassNotFoundException'{0x000000070ec03888}: com/sun/javafx/scene/control/skin/resources/controls_en> (0x000000070ec03888) thrown at [t:/workspace/open/src/hotspot/share/prims/jni.cpp, line 636]
Event: 1.041 Thread 0x00000238fb44c800 Exception <a 'java/lang/ClassNotFoundException'{0x000000070ec063e0}: com/sun/javafx/scene/control/skin/resources/controls_en_US> (0x000000070ec063e0) thrown at [t:/workspace/open/src/hotspot/share/prims/jni.cpp, line 636]
Event: 1.088 Thread 0x00000238fb44c800 Exception <a 'java/lang/NoSuchMethodError'{0x0000000710a81bc8}: java.lang.invoke.DirectMethodHandle$Holder.invokeSpecial(Ljava/lang/Object;Ljava/lang/Object;Ljava/lang/Object;Ljava/lang/Object;Ljava/lang/Object;Ljava/lang/Object;)V> (0x0000000710a81bc8) t
Event: 1.101 Thread 0x00000238fb44c800 Exception <a 'java/lang/NoSuchMethodError'{0x00000007109586c8}: java.lang.invoke.Invokers$Holder.linkToTargetMethod(Ljava/lang/Object;ILjava/lang/Object;)Ljava/lang/Object;> (0x00000007109586c8) thrown at [t:/workspace/open/src/hotspot/share/interpreter/l
Event: 1.128 Thread 0x00000238fb44c800 Exception <a 'java/lang/NoSuchMethodError'{0x00000007107ee1e0}: java.lang.invoke.DirectMethodHandle$Holder.invokeInterface(Ljava/lang/Object;Ljava/lang/Object;Ljava/lang/Object;)Ljava/lang/Object;> (0x00000007107ee1e0) thrown at [t:/workspace/open/src/hot
Event: 1.128 Thread 0x00000238fb44c800 Exception <a 'java/lang/IncompatibleClassChangeError'{0x00000007107f1398}: Found class java.lang.Object, but interface was expected> (0x00000007107f1398) thrown at [t:/workspace/open/src/hotspot/share/interpreter/linkResolver.cpp, line 838]
Event: 1.216 Thread 0x00000238fb44c800 Exception <a 'java/lang/NoSuchMethodError'{0x0000000710369628}: java.lang.invoke.DirectMethodHandle$Holder.invokeStaticInit(Ljava/lang/Object;Ljava/lang/Object;)I> (0x0000000710369628) thrown at [t:/workspace/open/src/hotspot/share/interpreter/linkResolve
Event: 1.277 Thread 0x00000238fb44c800 Exception <a 'java/lang/NoSuchMethodError'{0x00000007100003a0}: java.lang.invoke.DirectMethodHandle$Holder.invokeStaticInit(Ljava/lang/Object;Ljava/lang/Object;Ljava/lang/Object;)J> (0x00000007100003a0) thrown at [t:/workspace/open/src/hotspot/share/inter
Event: 1.279 Thread 0x00000238fb44c800 Exception <a 'java/lang/NoSuchMethodError'{0x0000000710018c80}: java.lang.invoke.DirectMethodHandle$Holder.invokeStatic(Ljava/lang/Object;Ljava/lang/Object;J)Ljava/lang/Object;> (0x0000000710018c80) thrown at [t:/workspace/open/src/hotspot/share/interpret
Event: 1.280 Thread 0x00000238fb44c800 Exception <a 'java/lang/NoSuchMethodError'{0x000000071001edf8}: java.lang.invoke.Invokers$Holder.linkToTargetMethod(Ljava/lang/Object;JLjava/lang/Object;)Ljava/lang/Object;> (0x000000071001edf8) thrown at [t:/workspace/open/src/hotspot/share/interpreter/l

Events (10 events):
Event: 17.512 loading class javafx/util/Pair
Event: 17.512 loading class javafx/util/Pair done
Event: 21.080 loading class java/io/UnsupportedEncodingException
Event: 21.080 loading class java/io/UnsupportedEncodingException done
Event: 21.081 loading class java/io/ObjectOutput
Event: 21.081 loading class java/io/ObjectOutput done
Event: 21.081 loading class java/io/ObjectInput
Event: 21.081 loading class java/io/ObjectInput done
Event: 21.081 loading class java/util/regex/Pattern$SliceI
Event: 21.082 loading class java/util/regex/Pattern$SliceI done


Dynamic libraries:
0x00007ff78b5b0000 - 0x00007ff78b5f7000 	C:\Program Files\Java\jdk-11.0.5\bin\java.exe
0x00007ffd64860000 - 0x00007ffd64a50000 	C:\WINDOWS\SYSTEM32\ntdll.dll
0x00007ffd629c0000 - 0x00007ffd62a72000 	C:\WINDOWS\System32\KERNEL32.DLL
0x00007ffd62310000 - 0x00007ffd625b3000 	C:\WINDOWS\System32\KERNELBASE.dll
0x00007ffd62910000 - 0x00007ffd629b3000 	C:\WINDOWS\System32\ADVAPI32.dll
0x00007ffd63f80000 - 0x00007ffd6401e000 	C:\WINDOWS\System32\msvcrt.dll
0x00007ffd64750000 - 0x00007ffd647e7000 	C:\WINDOWS\System32\sechost.dll
0x00007ffd62c40000 - 0x00007ffd62d60000 	C:\WINDOWS\System32\RPCRT4.dll
0x00007ffd63d70000 - 0x00007ffd63f04000 	C:\WINDOWS\System32\USER32.dll
0x00007ffd618f0000 - 0x00007ffd61911000 	C:\WINDOWS\System32\win32u.dll
0x00007ffd64020000 - 0x00007ffd64046000 	C:\WINDOWS\System32\GDI32.dll
0x00007ffd619c0000 - 0x00007ffd61b54000 	C:\WINDOWS\System32\gdi32full.dll
0x00007ffd61920000 - 0x00007ffd619be000 	C:\WINDOWS\System32\msvcp_win.dll
0x00007ffd617f0000 - 0x00007ffd618ea000 	C:\WINDOWS\System32\ucrtbase.dll
0x00007ffd56210000 - 0x00007ffd56495000 	C:\WINDOWS\WinSxS\amd64_microsoft.windows.common-controls_6595b64144ccf1df_6.0.18362.720_none_e6beb5c51314836b\COMCTL32.dll
0x00007ffd62d60000 - 0x00007ffd63096000 	C:\WINDOWS\System32\combase.dll
0x00007ffd62890000 - 0x00007ffd62910000 	C:\WINDOWS\System32\bcryptPrimitives.dll
0x00007ffd5bb60000 - 0x00007ffd5bb6a000 	C:\WINDOWS\SYSTEM32\VERSION.dll
0x00007ffd647f0000 - 0x00007ffd6481e000 	C:\WINDOWS\System32\IMM32.DLL
0x00007ffd4ed00000 - 0x00007ffd4ed16000 	C:\Program Files\Java\jdk-11.0.5\bin\vcruntime140.dll
0x00007ffd39c20000 - 0x00007ffd39cca000 	C:\Program Files\Java\jdk-11.0.5\bin\msvcp140.dll
0x00007ffd09110000 - 0x00007ffd09c38000 	C:\Program Files\Java\jdk-11.0.5\bin\server\jvm.dll
0x00007ffd62bd0000 - 0x00007ffd62bd8000 	C:\WINDOWS\System32\PSAPI.DLL
0x00007ffd5e3e0000 - 0x00007ffd5e404000 	C:\WINDOWS\SYSTEM32\WINMM.dll
0x00007ffd4e760000 - 0x00007ffd4e769000 	C:\WINDOWS\SYSTEM32\WSOCK32.dll
0x00007ffd63290000 - 0x00007ffd632ff000 	C:\WINDOWS\System32\WS2_32.dll
0x00007ffd5e3b0000 - 0x00007ffd5e3dd000 	C:\WINDOWS\SYSTEM32\winmmbase.dll
0x00007ffd62770000 - 0x00007ffd627ba000 	C:\WINDOWS\System32\cfgmgr32.dll
0x00007ffd61730000 - 0x00007ffd61741000 	C:\WINDOWS\System32\kernel.appcore.dll
0x00007ffd45ee0000 - 0x00007ffd45ef1000 	C:\Program Files\Java\jdk-11.0.5\bin\verify.dll
0x00007ffd4ba50000 - 0x00007ffd4bc44000 	C:\WINDOWS\SYSTEM32\DBGHELP.DLL
0x00007ffd4b200000 - 0x00007ffd4b22a000 	C:\WINDOWS\SYSTEM32\dbgcore.DLL
0x00007ffd45ea0000 - 0x00007ffd45ec9000 	C:\Program Files\Java\jdk-11.0.5\bin\java.dll
0x00007ffd456f0000 - 0x00007ffd4571f000 	C:\Program Files\Java\jdk-11.0.5\bin\instrument.dll
0x00007ffd45d40000 - 0x00007ffd45d56000 	C:\Program Files\Java\jdk-11.0.5\bin\zip.dll
0x00007ffd5e4b0000 - 0x00007ffd5e4ba000 	C:\Program Files\Java\jdk-11.0.5\bin\jimage.dll
0x00007ffd64050000 - 0x00007ffd64735000 	C:\WINDOWS\System32\SHELL32.dll
0x00007ffd631e0000 - 0x00007ffd63289000 	C:\WINDOWS\System32\shcore.dll
0x00007ffd61b60000 - 0x00007ffd622e0000 	C:\WINDOWS\System32\windows.storage.dll
0x00007ffd617a0000 - 0x00007ffd617c3000 	C:\WINDOWS\System32\profapi.dll
0x00007ffd61750000 - 0x00007ffd6179a000 	C:\WINDOWS\System32\powrprof.dll
0x00007ffd61720000 - 0x00007ffd61730000 	C:\WINDOWS\System32\UMPDC.dll
0x00007ffd63bb0000 - 0x00007ffd63c02000 	C:\WINDOWS\System32\shlwapi.dll
0x00007ffd62870000 - 0x00007ffd62887000 	C:\WINDOWS\System32\cryptsp.dll
0x00007ffd45c40000 - 0x00007ffd45c59000 	C:\Program Files\Java\jdk-11.0.5\bin\net.dll
0x00007ffd5c790000 - 0x00007ffd5c881000 	C:\WINDOWS\SYSTEM32\WINHTTP.dll
0x00007ffd60f30000 - 0x00007ffd60f97000 	C:\WINDOWS\system32\mswsock.dll
0x00007ffd45a80000 - 0x00007ffd45a93000 	C:\Program Files\Java\jdk-11.0.5\bin\nio.dll
0x00007ffd4aa20000 - 0x00007ffd4aa3a000 	C:\Program Files\JetBrains\IntelliJ IDEA 2019.3.4\bin\breakgen64.dll
0x00000238d41c0000 - 0x00000238d41c3000 	C:\Users\amar\Downloads\javaFX-11.0.2_windows-x64_bin-sdk\javafx-sdk-11.0.2\bin\api-ms-win-core-console-l1-1-0.dll
0x00000238d41d0000 - 0x00000238d41d3000 	C:\Users\amar\Downloads\javaFX-11.0.2_windows-x64_bin-sdk\javafx-sdk-11.0.2\bin\api-ms-win-core-datetime-l1-1-0.dll
0x00000238fd290000 - 0x00000238fd293000 	C:\Users\amar\Downloads\javaFX-11.0.2_windows-x64_bin-sdk\javafx-sdk-11.0.2\bin\api-ms-win-core-debug-l1-1-0.dll
0x00000238fd2a0000 - 0x00000238fd2a3000 	C:\Users\amar\Downloads\javaFX-11.0.2_windows-x64_bin-sdk\javafx-sdk-11.0.2\bin\api-ms-win-core-errorhandling-l1-1-0.dll
0x00000238fd2b0000 - 0x00000238fd2b4000 	C:\Users\amar\Downloads\javaFX-11.0.2_windows-x64_bin-sdk\javafx-sdk-11.0.2\bin\api-ms-win-core-file-l1-1-0.dll
0x00000238fd2c0000 - 0x00000238fd2c3000 	C:\Users\amar\Downloads\javaFX-11.0.2_windows-x64_bin-sdk\javafx-sdk-11.0.2\bin\api-ms-win-core-file-l1-2-0.dll
0x00000238fd2d0000 - 0x00000238fd2d3000 	C:\Users\amar\Downloads\javaFX-11.0.2_windows-x64_bin-sdk\javafx-sdk-11.0.2\bin\api-ms-win-core-file-l2-1-0.dll
0x00000238fd2e0000 - 0x00000238fd2e3000 	C:\Users\amar\Downloads\javaFX-11.0.2_windows-x64_bin-sdk\javafx-sdk-11.0.2\bin\api-ms-win-core-handle-l1-1-0.dll
0x00000238fd2f0000 - 0x00000238fd2f3000 	C:\Users\amar\Downloads\javaFX-11.0.2_windows-x64_bin-sdk\javafx-sdk-11.0.2\bin\api-ms-win-core-heap-l1-1-0.dll
0x00000238fd300000 - 0x00000238fd303000 	C:\Users\amar\Downloads\javaFX-11.0.2_windows-x64_bin-sdk\javafx-sdk-11.0.2\bin\api-ms-win-core-interlocked-l1-1-0.dll
0x00000238fd310000 - 0x00000238fd313000 	C:\Users\amar\Downloads\javaFX-11.0.2_windows-x64_bin-sdk\javafx-sdk-11.0.2\bin\api-ms-win-core-libraryloader-l1-1-0.dll
0x00000238fd320000 - 0x00000238fd323000 	C:\Users\amar\Downloads\javaFX-11.0.2_windows-x64_bin-sdk\javafx-sdk-11.0.2\bin\api-ms-win-core-localization-l1-2-0.dll
0x00000238fd330000 - 0x00000238fd333000 	C:\Users\amar\Downloads\javaFX-11.0.2_windows-x64_bin-sdk\javafx-sdk-11.0.2\bin\api-ms-win-core-memory-l1-1-0.dll
0x00000238fd340000 - 0x00000238fd343000 	C:\Users\amar\Downloads\javaFX-11.0.2_windows-x64_bin-sdk\javafx-sdk-11.0.2\bin\api-ms-win-core-namedpipe-l1-1-0.dll
0x00000238fd350000 - 0x00000238fd353000 	C:\Users\amar\Downloads\javaFX-11.0.2_windows-x64_bin-sdk\javafx-sdk-11.0.2\bin\api-ms-win-core-processenvironment-l1-1-0.dll
0x00000238fd360000 - 0x00000238fd363000 	C:\Users\amar\Downloads\javaFX-11.0.2_windows-x64_bin-sdk\javafx-sdk-11.0.2\bin\api-ms-win-core-processthreads-l1-1-0.dll
0x00000238fd370000 - 0x00000238fd373000 	C:\Users\amar\Downloads\javaFX-11.0.2_windows-x64_bin-sdk\javafx-sdk-11.0.2\bin\api-ms-win-core-processthreads-l1-1-1.dll
0x00000238fd380000 - 0x00000238fd383000 	C:\Users\amar\Downloads\javaFX-11.0.2_windows-x64_bin-sdk\javafx-sdk-11.0.2\bin\api-ms-win-core-profile-l1-1-0.dll
0x00000238fd390000 - 0x00000238fd393000 	C:\Users\amar\Downloads\javaFX-11.0.2_windows-x64_bin-sdk\javafx-sdk-11.0.2\bin\api-ms-win-core-rtlsupport-l1-1-0.dll
0x00000238fd3a0000 - 0x00000238fd3a3000 	C:\Users\amar\Downloads\javaFX-11.0.2_windows-x64_bin-sdk\javafx-sdk-11.0.2\bin\api-ms-win-core-string-l1-1-0.dll
0x00000238fd3b0000 - 0x00000238fd3b3000 	C:\Users\amar\Downloads\javaFX-11.0.2_windows-x64_bin-sdk\javafx-sdk-11.0.2\bin\api-ms-win-core-synch-l1-1-0.dll
0x00000238fd3c0000 - 0x00000238fd3c3000 	C:\Users\amar\Downloads\javaFX-11.0.2_windows-x64_bin-sdk\javafx-sdk-11.0.2\bin\api-ms-win-core-synch-l1-2-0.dll
0x00000238fd500000 - 0x00000238fd503000 	C:\Users\amar\Downloads\javaFX-11.0.2_windows-x64_bin-sdk\javafx-sdk-11.0.2\bin\api-ms-win-core-sysinfo-l1-1-0.dll
0x00000238fd3d0000 - 0x00000238fd3d3000 	C:\Users\amar\Downloads\javaFX-11.0.2_windows-x64_bin-sdk\javafx-sdk-11.0.2\bin\api-ms-win-core-timezone-l1-1-0.dll
0x00000238fd3e0000 - 0x00000238fd3e3000 	C:\Users\amar\Downloads\javaFX-11.0.2_windows-x64_bin-sdk\javafx-sdk-11.0.2\bin\api-ms-win-core-util-l1-1-0.dll
0x00000238fd3f0000 - 0x00000238fd3f3000 	C:\Users\amar\Downloads\javaFX-11.0.2_windows-x64_bin-sdk\javafx-sdk-11.0.2\bin\api-ms-win-crt-conio-l1-1-0.dll
0x00000238fd400000 - 0x00000238fd404000 	C:\Users\amar\Downloads\javaFX-11.0.2_windows-x64_bin-sdk\javafx-sdk-11.0.2\bin\api-ms-win-crt-convert-l1-1-0.dll
0x00000238fd410000 - 0x00000238fd413000 	C:\Users\amar\Downloads\javaFX-11.0.2_windows-x64_bin-sdk\javafx-sdk-11.0.2\bin\api-ms-win-crt-environment-l1-1-0.dll
0x00000238fd420000 - 0x00000238fd423000 	C:\Users\amar\Downloads\javaFX-11.0.2_windows-x64_bin-sdk\javafx-sdk-11.0.2\bin\api-ms-win-crt-filesystem-l1-1-0.dll
0x00000238fd430000 - 0x00000238fd433000 	C:\Users\amar\Downloads\javaFX-11.0.2_windows-x64_bin-sdk\javafx-sdk-11.0.2\bin\api-ms-win-crt-heap-l1-1-0.dll
0x00000238fd440000 - 0x00000238fd443000 	C:\Users\amar\Downloads\javaFX-11.0.2_windows-x64_bin-sdk\javafx-sdk-11.0.2\bin\api-ms-win-crt-locale-l1-1-0.dll
0x00000238fd450000 - 0x00000238fd455000 	C:\Users\amar\Downloads\javaFX-11.0.2_windows-x64_bin-sdk\javafx-sdk-11.0.2\bin\api-ms-win-crt-math-l1-1-0.dll
0x00000238fd460000 - 0x00000238fd465000 	C:\Users\amar\Downloads\javaFX-11.0.2_windows-x64_bin-sdk\javafx-sdk-11.0.2\bin\api-ms-win-crt-multibyte-l1-1-0.dll
0x00000238fd470000 - 0x00000238fd480000 	C:\Users\amar\Downloads\javaFX-11.0.2_windows-x64_bin-sdk\javafx-sdk-11.0.2\bin\api-ms-win-crt-private-l1-1-0.dll
0x00000238fd480000 - 0x00000238fd483000 	C:\Users\amar\Downloads\javaFX-11.0.2_windows-x64_bin-sdk\javafx-sdk-11.0.2\bin\api-ms-win-crt-process-l1-1-0.dll
0x00000238fd490000 - 0x00000238fd494000 	C:\Users\amar\Downloads\javaFX-11.0.2_windows-x64_bin-sdk\javafx-sdk-11.0.2\bin\api-ms-win-crt-runtime-l1-1-0.dll
0x00000238fd4a0000 - 0x00000238fd4a4000 	C:\Users\amar\Downloads\javaFX-11.0.2_windows-x64_bin-sdk\javafx-sdk-11.0.2\bin\api-ms-win-crt-stdio-l1-1-0.dll
0x00000238fd4b0000 - 0x00000238fd4b4000 	C:\Users\amar\Downloads\javaFX-11.0.2_windows-x64_bin-sdk\javafx-sdk-11.0.2\bin\api-ms-win-crt-string-l1-1-0.dll
0x00000238fd4c0000 - 0x00000238fd4c3000 	C:\Users\amar\Downloads\javaFX-11.0.2_windows-x64_bin-sdk\javafx-sdk-11.0.2\bin\api-ms-win-crt-time-l1-1-0.dll
0x00000238fd4d0000 - 0x00000238fd4d3000 	C:\Users\amar\Downloads\javaFX-11.0.2_windows-x64_bin-sdk\javafx-sdk-11.0.2\bin\api-ms-win-crt-utility-l1-1-0.dll
0x00007ffd2d8f0000 - 0x00007ffd2d9ea000 	C:\Users\amar\Downloads\javaFX-11.0.2_windows-x64_bin-sdk\javafx-sdk-11.0.2\bin\ucrtbase.dll
0x00007ffd45740000 - 0x00007ffd45756000 	C:\Users\amar\Downloads\javaFX-11.0.2_windows-x64_bin-sdk\javafx-sdk-11.0.2\bin\vcruntime140.dll
0x00007ffd38ec0000 - 0x00007ffd38f66000 	C:\Users\amar\Downloads\javaFX-11.0.2_windows-x64_bin-sdk\javafx-sdk-11.0.2\bin\msvcp140.dll
0x00007ffd39a80000 - 0x00007ffd39ad1000 	C:\Users\amar\Downloads\javaFX-11.0.2_windows-x64_bin-sdk\javafx-sdk-11.0.2\bin\concrt140.dll
0x00007ffd45690000 - 0x00007ffd456b3000 	C:\Users\amar\Downloads\javaFX-11.0.2_windows-x64_bin-sdk\javafx-sdk-11.0.2\bin\prism_d3d.dll
0x00007ffd573f0000 - 0x00007ffd575b7000 	C:\WINDOWS\system32\d3d9.dll
0x00007ffd5fec0000 - 0x00007ffd5feed000 	C:\WINDOWS\SYSTEM32\dwmapi.dll
0x00007ffd60390000 - 0x00007ffd603b0000 	C:\WINDOWS\SYSTEM32\dxcore.dll
0x00007ffd5faa0000 - 0x00007ffd5fb39000 	C:\WINDOWS\system32\uxtheme.dll
0x00007ffd5a1f0000 - 0x00007ffd5a2df000 	C:\WINDOWS\System32\DriverStore\FileRepository\nvmdi.inf_amd64_4783970ba93984f3\nvldumdx.dll
0x00007ffd62620000 - 0x00007ffd62769000 	C:\WINDOWS\System32\crypt32.dll
0x00007ffd617d0000 - 0x00007ffd617e2000 	C:\WINDOWS\System32\MSASN1.dll
0x00007ffd5bb30000 - 0x00007ffd5bb5f000 	C:\WINDOWS\SYSTEM32\cryptnet.dll
0x00007ffd61100000 - 0x00007ffd6110c000 	C:\WINDOWS\SYSTEM32\cryptbase.dll
0x00007ffd625c0000 - 0x00007ffd6261c000 	C:\WINDOWS\System32\WINTRUST.DLL
0x00007ffd62a80000 - 0x00007ffd62a9d000 	C:\WINDOWS\System32\imagehlp.dll
0x00007ffd60aa0000 - 0x00007ffd60ad3000 	C:\WINDOWS\system32\rsaenh.dll
0x00007ffd622e0000 - 0x00007ffd62306000 	C:\WINDOWS\System32\bcrypt.dll
0x00007ffd35290000 - 0x00007ffd36797000 	C:\WINDOWS\System32\DriverStore\FileRepository\nvmdi.inf_amd64_4783970ba93984f3\nvd3dumx.dll
0x00007ffd39f40000 - 0x00007ffd39f85000 	C:\Users\amar\Downloads\javaFX-11.0.2_windows-x64_bin-sdk\javafx-sdk-11.0.2\bin\glass.dll
0x00007ffd63360000 - 0x00007ffd63430000 	C:\WINDOWS\System32\COMDLG32.dll
0x00007ffd63a50000 - 0x00007ffd63ba7000 	C:\WINDOWS\System32\ole32.dll
0x00007ffd63ca0000 - 0x00007ffd63d64000 	C:\WINDOWS\System32\OLEAUT32.dll
0x00007ffd630a0000 - 0x00007ffd631d6000 	C:\WINDOWS\System32\MSCTF.dll
0x00007ffd247a0000 - 0x00007ffd24a64000 	C:\WINDOWS\system32\nvspcap64.dll
0x00007ffd60780000 - 0x00007ffd607b1000 	C:\WINDOWS\SYSTEM32\ntmarta.dll
0x00007ffd60340000 - 0x00007ffd60362000 	C:\WINDOWS\SYSTEM32\gpapi.dll
0x00007ffd45350000 - 0x00007ffd45364000 	C:\Users\amar\Downloads\javaFX-11.0.2_windows-x64_bin-sdk\javafx-sdk-11.0.2\bin\javafx_font.dll
0x00007ffd3fd40000 - 0x00007ffd4003e000 	C:\WINDOWS\SYSTEM32\dwrite.dll
0x00007ffd62aa0000 - 0x00007ffd62b42000 	C:\WINDOWS\System32\clbcatq.dll
0x00007ffd5d110000 - 0x00007ffd5d2bf000 	C:\WINDOWS\SYSTEM32\WindowsCodecs.dll
0x00007ffd3f790000 - 0x00007ffd3f7ca000 	C:\WINDOWS\system32\dataexchange.dll
0x00007ffd5eab0000 - 0x00007ffd5ed0b000 	C:\WINDOWS\system32\d3d11.dll
0x00007ffd5f170000 - 0x00007ffd5f34b000 	C:\WINDOWS\system32\dcomp.dll
0x00007ffd60420000 - 0x00007ffd6050b000 	C:\WINDOWS\system32\dxgi.dll
0x00007ffd5fb60000 - 0x00007ffd5fdba000 	C:\WINDOWS\system32\twinapi.appcore.dll
0x00007ffd5ffd0000 - 0x00007ffd5fff9000 	C:\WINDOWS\system32\RMCLIENT.dll
0x00007ffd43e40000 - 0x00007ffd43e73000 	C:\Program Files\Common Files\Microsoft Shared\Ink\rtscom.dll
0x00007ffd52950000 - 0x00007ffd529ee000 	C:\WINDOWS\System32\TextInputFramework.dll

dbghelp: loaded successfully - version: 4.0.5 - missing functions: none
symbol engine: initialized successfully - sym options: 0x614 - pdb path: .;C:\Program Files\Java\jdk-11.0.5\bin;C:\WINDOWS\SYSTEM32;C:\WINDOWS\WinSxS\amd64_microsoft.windows.common-controls_6595b64144ccf1df_6.0.18362.720_none_e6beb5c51314836b;C:\Program Files\Java\jdk-11.0.5\bin\server;C:\Program Files\JetBrains\IntelliJ IDEA 2019.3.4\bin;C:\Users\amar\Downloads\javaFX-11.0.2_windows-x64_bin-sdk\javafx-sdk-11.0.2\bin;C:\WINDOWS\System32\DriverStore\FileRepository\nvmdi.inf_amd64_4783970ba93984f3;C:\Program Files\Common Files\Microsoft Shared\Ink

VM Arguments:
jvm_args: --module-path=C:\Users\amar\Downloads\javaFX-11.0.2_windows-x64_bin-sdk\javafx-sdk-11.0.2\lib --add-modules=javafx.controls,javafx.fxml --add-modules=javafx.base,javafx.graphics --add-reads=javafx.base=ALL-UNNAMED --add-reads=javafx.graphics=ALL-UNNAMED -javaagent:C:\Program Files\JetBrains\IntelliJ IDEA 2019.3.4\lib\idea_rt.jar=53308:C:\Program Files\JetBrains\IntelliJ IDEA 2019.3.4\bin -Dfile.encoding=UTF-8 
java_command: sample.Main
java_class_path (initial): C:\Users\amar\OneDrive - University Of Houston\University of Houston\2020 Spring UH\CIS 3365 (Database management)\PBC\SchoolKitsApplication\out\production\SchoolKitsPortal;C:\Users\amar\OneDrive - University Of Houston\University of Houston\2020 Spring UH\CIS 3365 (Database management)\PBC\SchoolKitsApplication\library\TrayTester.jar;C:\Users\amar\OneDrive - University Of Houston\University of Houston\2020 Spring UH\CIS 3365 (Database management)\PBC\SchoolKitsApplication\library\javafx.media.jar;C:\Users\amar\OneDrive - University Of Houston\University of Houston\2020 Spring UH\CIS 3365 (Database management)\PBC\SchoolKitsApplication\library\javafx.swing.jar;C:\Users\amar\OneDrive - University Of Houston\University of Houston\2020 Spring UH\CIS 3365 (Database management)\PBC\SchoolKitsApplication\library\jfoenix-9.0.8.jar;C:\Users\amar\OneDrive - University Of Houston\University of Houston\2020 Spring UH\CIS 3365 (Database management)\PBC\SchoolKitsApplication\library\fontawesomefx-8.9.jar;C:\Users\amar\OneDrive - University Of Houston\University of Houston\2020 Spring UH\CIS 3365 (Database management)\PBC\SchoolKitsApplication\library\controlsfx-samples-8.40.13.jar;C:\Users\amar\OneDrive - University Of Houston\University of Houston\2020 Spring UH\CIS 3365 (Database management)\PBC\SchoolKitsApplication\library\javafx.fxml.jar;C:\Users\amar\OneDrive - University Of Houston\University of Houston\2020 Spring UH\CIS 3365 (Database management)\PBC\SchoolKitsApplication\library\javafx.graphics.jar;C:\Users\amar\OneDrive - University Of Houston\University of Houston\2020 Spring UH\CIS 3365 (Database management)\PBC\SchoolKitsApplication\library\javafx.base.jar;C:\Users\amar\OneDrive - University Of Houston\University of Houston\2020 Spring UH\CIS 3365 (Database management)\PBC\SchoolKitsApplication\library\javafx.web.jar;C:\Users\amar\OneDrive - University Of Houston\University of Houston\2020 Spring UH\CIS 3365 (Database management)\PBC\Sc
Launcher Type: SUN_STANDARD

[Global flags]
     intx CICompilerCount                          = 4                                         {product} {ergonomic}
     uint ConcGCThreads                            = 3                                         {product} {ergonomic}
     uint G1ConcRefinementThreads                  = 10                                        {product} {ergonomic}
   size_t G1HeapRegionSize                         = 1048576                                   {product} {ergonomic}
    uintx GCDrainStackTargetSize                   = 64                                        {product} {ergonomic}
   size_t InitialHeapSize                          = 268435456                                 {product} {ergonomic}
   size_t MarkStackSize                            = 4194304                                   {product} {ergonomic}
   size_t MaxHeapSize                              = 4282384384                                {product} {ergonomic}
   size_t MaxNewSize                               = 2569011200                                {product} {ergonomic}
   size_t MinHeapDeltaBytes                        = 1048576                                   {product} {ergonomic}
    uintx NonNMethodCodeHeapSize                   = 5836300                                {pd product} {ergonomic}
    uintx NonProfiledCodeHeapSize                  = 122910970                              {pd product} {ergonomic}
    uintx ProfiledCodeHeapSize                     = 122910970                              {pd product} {ergonomic}
    uintx ReservedCodeCacheSize                    = 251658240                              {pd product} {ergonomic}
     bool SegmentedCodeCache                       = true                                      {product} {ergonomic}
     bool UseCompressedClassPointers               = true                                 {lp64_product} {ergonomic}
     bool UseCompressedOops                        = true                                 {lp64_product} {ergonomic}
     bool UseG1GC                                  = true                                      {product} {ergonomic}
     bool UseLargePagesIndividualAllocation        = false                                  {pd product} {ergonomic}

Logging:
Log output configuration:
 #0: stdout all=warning uptime,level,tags
 #1: stderr all=off uptime,level,tags

Environment Variables:
JAVA_HOME=C:\Users\amar\Downloads\jdk-11.0.6_windows-x64_bin\jdk-11.0.6
CLASSPATH=C:\Users\amar\Apache\Derby\Derby\db-derby-10.15.1.3-bin\lib\derby.jar;C:\Users\amar\Apache\Derby\Derby\db-derby-10.15.1.3-bin\lib\derbytools.jar;C:\Users\amar\Apache\Derby\Derby\db-derby-10.15.1.3-bin\lib\derbyclient.jar;C:\Users\amar\Apache\Derby\Derby\db-derby-10.15.1.3-bin\lib\derbynet.jar;.
PATH=C:\Users\amar\Downloads\jdk-11.0.6_windows-x64_bin\jdk-11.0.6\BIN;C:\Windows\system32;C:\Windows;C:\Windows\System32\Wbem;C:\Windows\System32\WindowsPowerShell\v1.0\;C:\Windows\System32\OpenSSH\;C:\Program Files (x86)\NVIDIA Corporation\PhysX\Common;C:\Program Files\NVIDIA Corporation\NVIDIA NvDLISR;C:\WINDOWS\system32;C:\WINDOWS;C:\WINDOWS\System32\Wbem;C:\WINDOWS\System32\WindowsPowerShell\v1.0\;C:\WINDOWS\System32\OpenSSH\;C:\Program Files\Git\cmd;C:\Users\amar\AppData\Local\Microsoft\WindowsApps;C:\Users\amar\AppData\Local\GitHubDesktop\bin;C:\Program Files\JetBrains\IntelliJ IDEA 2019.3.4\bin;;C:\Users\amar\AppData\Local\Programs\Microsoft VS Code\bin
USERNAME=amar
OS=Windows_NT
PROCESSOR_IDENTIFIER=AMD64 Family 23 Model 8 Stepping 2, AuthenticAMD



---------------  S Y S T E M  ---------------

OS: Windows 10 , 64 bit Build 18362 (10.0.18362.329)

CPU:total 12 (initial active 12) (12 cores per cpu, 2 threads per core) family 23 model 8 stepping 2, cmov, cx8, fxsr, mmx, sse, sse2, sse3, ssse3, sse4.1, sse4.2, popcnt, avx, avx2, aes, clmul, mmxext, 3dnowpref, lzcnt, sse4a, ht, tsc, tscinvbit, tscinv, bmi1, bmi2, adx, sha, fma

Memory: 4k page, system-wide physical 16332M (3445M free)
TotalPageFile size 52468M (AvailPageFile size 15411M)
current process WorkingSet (physical memory assigned to process): 144M, peak: 168M
current process commit charge ("private bytes"): 430M, peak: 455M

vm_info: Java HotSpot(TM) 64-Bit Server VM (11.0.5+10-LTS) for windows-amd64 JRE (11.0.5+10-LTS), built on Oct  6 2019 12:37:14 by "mach5one" with MS VC++ 15.5 (VS2017)

END.
